{"meta": {"format": 3, "version": "7.13.1", "timestamp": "2026-01-31T15:34:15.695224", "branch_coverage": true, "show_contexts": false}, "files": {"src/umcp/__init__.py": {"executed_lines": [19, 21, 22, 24, 64, 66, 67, 70, 71, 72, 73, 83, 84, 85, 86, 92, 95, 105, 106, 107, 110, 111, 112, 113, 116, 117, 118, 119, 120, 121, 122, 123, 125, 127, 128, 134, 154, 155, 156, 158, 161, 162, 164, 166, 169, 172, 173, 175, 179, 181, 182], "summary": {"covered_lines": 51, "num_statements": 51, "percent_covered": 98.30508474576271, "percent_covered_display": "98", "missing_lines": 0, "excluded_lines": 2, "percent_statements_covered": 100.0, "percent_statements_covered_display": "100", "num_branches": 8, "num_partial_branches": 1, "covered_branches": 7, "missing_branches": 1, "percent_branches_covered": 87.5, "percent_branches_covered_display": "88"}, "missing_lines": [], "excluded_lines": [130, 131], "executed_branches": [[118, -105], [118, 119], [119, 118], [119, 120], [120, 121], [120, 122], [122, 123]], "missing_branches": [[122, 119]], "functions": {"ValidationResult.__init__": {"executed_lines": [106, 107, 110, 111, 112, 113, 116, 117, 118, 119, 120, 121, 122, 123], "summary": {"covered_lines": 14, "num_statements": 14, "percent_covered": 95.45454545454545, "percent_covered_display": "95", "missing_lines": 0, "excluded_lines": 0, "percent_statements_covered": 100.0, "percent_statements_covered_display": "100", "num_branches": 8, "num_partial_branches": 1, "covered_branches": 7, "missing_branches": 1, "percent_branches_covered": 87.5, "percent_branches_covered_display": "88"}, "missing_lines": [], "excluded_lines": [], "start_line": 105, "executed_branches": [[118, -105], [118, 119], [119, 118], [119, 120], [120, 121], [120, 122], [122, 123]], "missing_branches": [[122, 119]]}, "ValidationResult.__bool__": {"executed_lines": [127, 128], "summary": {"covered_lines": 2, "num_statements": 2, "percent_covered": 100.0, "percent_covered_display": "100", "missing_lines": 0, "excluded_lines": 0, "percent_statements_covered": 100.0, "percent_statements_covered_display": "100", "num_branches": 0, "num_partial_branches": 0, "covered_branches": 0, "missing_branches": 0, "percent_branches_covered": 100.0, "percent_branches_covered_display": "100"}, "missing_lines": [], "excluded_lines": [], "start_line": 125, "executed_branches": [], "missing_branches": []}, "ValidationResult.__repr__": {"executed_lines": [], "summary": {"covered_lines": 0, "num_statements": 0, "percent_covered": 100.0, "percent_covered_display": "100", "missing_lines": 0, "excluded_lines": 1, "percent_statements_covered": 100.0, "percent_statements_covered_display": "100", "num_branches": 0, "num_partial_branches": 0, "covered_branches": 0, "missing_branches": 0, "percent_branches_covered": 100.0, "percent_branches_covered_display": "100"}, "missing_lines": [], "excluded_lines": [131], "start_line": 130, "executed_branches": [], "missing_branches": []}, "validate": {"executed_lines": [154, 155, 156, 158, 161, 162, 164, 166, 169, 172, 173, 175, 179, 181, 182], "summary": {"covered_lines": 15, "num_statements": 15, "percent_covered": 100.0, "percent_covered_display": "100", "missing_lines": 0, "excluded_lines": 0, "percent_statements_covered": 100.0, "percent_statements_covered_display": "100", "num_branches": 0, "num_partial_branches": 0, "covered_branches": 0, "missing_branches": 0, "percent_branches_covered": 100.0, "percent_branches_covered_display": "100"}, "missing_lines": [], "excluded_lines": [], "start_line": 134, "executed_branches": [], "missing_branches": []}, "": {"executed_lines": [19, 21, 22, 24, 64, 66, 67, 70, 71, 72, 73, 83, 84, 85, 86, 92, 95, 105, 125, 134], "summary": {"covered_lines": 20, "num_statements": 20, "percent_covered": 100.0, "percent_covered_display": "100", "missing_lines": 0, "excluded_lines": 1, "percent_statements_covered": 100.0, "percent_statements_covered_display": "100", "num_branches": 0, "num_partial_branches": 0, "covered_branches": 0, "missing_branches": 0, "percent_branches_covered": 100.0, "percent_branches_covered_display": "100"}, "missing_lines": [], "excluded_lines": [130], "start_line": 1, "executed_branches": [], "missing_branches": []}}, "classes": {"ValidationResult": {"executed_lines": [106, 107, 110, 111, 112, 113, 116, 117, 118, 119, 120, 121, 122, 123, 127, 128], "summary": {"covered_lines": 16, "num_statements": 16, "percent_covered": 95.83333333333333, "percent_covered_display": "96", "missing_lines": 0, "excluded_lines": 1, "percent_statements_covered": 100.0, "percent_statements_covered_display": "100", "num_branches": 8, "num_partial_branches": 1, "covered_branches": 7, "missing_branches": 1, "percent_branches_covered": 87.5, "percent_branches_covered_display": "88"}, "missing_lines": [], "excluded_lines": [131], "start_line": 95, "executed_branches": [[118, -105], [118, 119], [119, 118], [119, 120], [120, 121], [120, 122], [122, 123]], "missing_branches": [[122, 119]]}, "": {"executed_lines": [19, 21, 22, 24, 64, 66, 67, 70, 71, 72, 73, 83, 84, 85, 86, 92, 95, 105, 125, 134, 154, 155, 156, 158, 161, 162, 164, 166, 169, 172, 173, 175, 179, 181, 182], "summary": {"covered_lines": 35, "num_statements": 35, "percent_covered": 100.0, "percent_covered_display": "100", "missing_lines": 0, "excluded_lines": 1, "percent_statements_covered": 100.0, "percent_statements_covered_display": "100", "num_branches": 0, "num_partial_branches": 0, "covered_branches": 0, "missing_branches": 0, "percent_branches_covered": 100.0, "percent_branches_covered_display": "100"}, "missing_lines": [], "excluded_lines": [130], "start_line": 1, "executed_branches": [], "missing_branches": []}}}, "src/umcp/__main__.py": {"executed_lines": [1], "summary": {"covered_lines": 1, "num_statements": 1, "percent_covered": 100.0, "percent_covered_display": "100", "missing_lines": 0, "excluded_lines": 3, "percent_statements_covered": 100.0, "percent_statements_covered_display": "100", "num_branches": 0, "num_partial_branches": 0, "covered_branches": 0, "missing_branches": 0, "percent_branches_covered": 100.0, "percent_branches_covered_display": "100"}, "missing_lines": [], "excluded_lines": [3, 4, 6], "executed_branches": [], "missing_branches": [], "functions": {"": {"executed_lines": [1], "summary": {"covered_lines": 1, "num_statements": 1, "percent_covered": 100.0, "percent_covered_display": "100", "missing_lines": 0, "excluded_lines": 3, "percent_statements_covered": 100.0, "percent_statements_covered_display": "100", "num_branches": 0, "num_partial_branches": 0, "covered_branches": 0, "missing_branches": 0, "percent_branches_covered": 100.0, "percent_branches_covered_display": "100"}, "missing_lines": [], "excluded_lines": [3, 4, 6], "start_line": 1, "executed_branches": [], "missing_branches": []}}, "classes": {"": {"executed_lines": [1], "summary": {"covered_lines": 1, "num_statements": 1, "percent_covered": 100.0, "percent_covered_display": "100", "missing_lines": 0, "excluded_lines": 3, "percent_statements_covered": 100.0, "percent_statements_covered_display": "100", "num_branches": 0, "num_partial_branches": 0, "covered_branches": 0, "missing_branches": 0, "percent_branches_covered": 100.0, "percent_branches_covered_display": "100"}, "missing_lines": [], "excluded_lines": [3, 4, 6], "start_line": 1, "executed_branches": [], "missing_branches": []}}}, "src/umcp/closures.py": {"executed_lines": [5, 7, 8, 9, 10, 11, 12, 15, 16, 17, 18, 19, 20, 21, 22, 26, 27, 28, 29, 30, 32, 33, 34, 35, 36, 37, 38, 39, 41, 42, 43, 44, 45, 46, 47, 48, 49, 50, 51, 52, 53, 54, 55, 57, 58, 59, 60, 61, 62, 63, 64, 65, 67, 68, 69, 70, 71, 72, 73, 74, 76, 77, 78, 79, 80, 82, 83, 84, 85, 86, 88, 89, 90, 92, 93, 94, 95, 96, 97, 100, 101], "summary": {"covered_lines": 81, "num_statements": 85, "percent_covered": 91.30434782608695, "percent_covered_display": "91", "missing_lines": 4, "excluded_lines": 0, "percent_statements_covered": 95.29411764705883, "percent_statements_covered_display": "95", "num_branches": 30, "num_partial_branches": 6, "covered_branches": 24, "missing_branches": 6, "percent_branches_covered": 80.0, "percent_branches_covered_display": "80"}, "missing_lines": [23, 25, 40, 75], "excluded_lines": [], "executed_branches": [[17, 18], [17, 26], [19, 20], [20, 21], [34, 35], [34, 54], [35, 36], [35, 37], [39, 41], [47, 48], [47, 54], [49, 50], [49, 51], [51, 52], [61, 62], [61, 65], [62, 63], [68, 69], [68, 70], [71, 72], [71, 73], [74, 76], [84, 85], [84, 86]], "missing_branches": [[19, 25], [20, 23], [39, 40], [51, 47], [62, 61], [74, 75]], "functions": {"ClosureLoader.__init__": {"executed_lines": [17, 18, 19, 20, 21, 22, 26, 27, 28, 29, 30], "summary": {"covered_lines": 11, "num_statements": 13, "percent_covered": 78.94736842105263, "percent_covered_display": "79", "missing_lines": 2, "excluded_lines": 0, "percent_statements_covered": 84.61538461538461, "percent_statements_covered_display": "85", "num_branches": 6, "num_partial_branches": 2, "covered_branches": 4, "missing_branches": 2, "percent_branches_covered": 66.66666666666667, "percent_branches_covered_display": "67"}, "missing_lines": [23, 25], "excluded_lines": [], "start_line": 16, "executed_branches": [[17, 18], [17, 26], [19, 20], [20, 21]], "missing_branches": [[19, 25], [20, 23]]}, "ClosureLoader.registry": {"executed_lines": [34, 35, 36, 37, 38, 39, 41, 42, 43, 44, 45, 46, 47, 48, 49, 50, 51, 52, 53, 54, 55], "summary": {"covered_lines": 21, "num_statements": 22, "percent_covered": 91.17647058823529, "percent_covered_display": "91", "missing_lines": 1, "excluded_lines": 0, "percent_statements_covered": 95.45454545454545, "percent_statements_covered_display": "95", "num_branches": 12, "num_partial_branches": 2, "covered_branches": 10, "missing_branches": 2, "percent_branches_covered": 83.33333333333333, "percent_branches_covered_display": "83"}, "missing_lines": [40], "excluded_lines": [], "start_line": 33, "executed_branches": [[34, 35], [34, 54], [35, 36], [35, 37], [39, 41], [47, 48], [47, 54], [49, 50], [49, 51], [51, 52]], "missing_branches": [[39, 40], [51, 47]]}, "ClosureLoader.list_closures": {"executed_lines": [58, 59, 60, 61, 62, 63, 64, 65], "summary": {"covered_lines": 8, "num_statements": 8, "percent_covered": 91.66666666666667, "percent_covered_display": "92", "missing_lines": 0, "excluded_lines": 0, "percent_statements_covered": 100.0, "percent_statements_covered_display": "100", "num_branches": 4, "num_partial_branches": 1, "covered_branches": 3, "missing_branches": 1, "percent_branches_covered": 75.0, "percent_branches_covered_display": "75"}, "missing_lines": [], "excluded_lines": [], "start_line": 57, "executed_branches": [[61, 62], [61, 65], [62, 63]], "missing_branches": [[62, 61]]}, "ClosureLoader.load_closure_module": {"executed_lines": [68, 69, 70, 71, 72, 73, 74, 76, 77, 78, 79, 80], "summary": {"covered_lines": 12, "num_statements": 13, "percent_covered": 89.47368421052632, "percent_covered_display": "89", "missing_lines": 1, "excluded_lines": 0, "percent_statements_covered": 92.3076923076923, "percent_statements_covered_display": "92", "num_branches": 6, "num_partial_branches": 1, "covered_branches": 5, "missing_branches": 1, "percent_branches_covered": 83.33333333333333, "percent_branches_covered_display": "83"}, "missing_lines": [75], "excluded_lines": [], "start_line": 67, "executed_branches": [[68, 69], [68, 70], [71, 72], [71, 73], [74, 76]], "missing_branches": [[74, 75]]}, "ClosureLoader.get_closure_function": {"executed_lines": [83, 84, 85, 86], "summary": {"covered_lines": 4, "num_statements": 4, "percent_covered": 100.0, "percent_covered_display": "100", "missing_lines": 0, "excluded_lines": 0, "percent_statements_covered": 100.0, "percent_statements_covered_display": "100", "num_branches": 2, "num_partial_branches": 0, "covered_branches": 2, "missing_branches": 0, "percent_branches_covered": 100.0, "percent_branches_covered_display": "100"}, "missing_lines": [], "excluded_lines": [], "start_line": 82, "executed_branches": [[84, 85], [84, 86]], "missing_branches": []}, "ClosureLoader.execute_closure": {"executed_lines": [89, 90], "summary": {"covered_lines": 2, "num_statements": 2, "percent_covered": 100.0, "percent_covered_display": "100", "missing_lines": 0, "excluded_lines": 0, "percent_statements_covered": 100.0, "percent_statements_covered_display": "100", "num_branches": 0, "num_partial_branches": 0, "covered_branches": 0, "missing_branches": 0, "percent_branches_covered": 100.0, "percent_branches_covered_display": "100"}, "missing_lines": [], "excluded_lines": [], "start_line": 88, "executed_branches": [], "missing_branches": []}, "ClosureLoader.validate_closure_exists": {"executed_lines": [93, 94, 95, 96, 97], "summary": {"covered_lines": 5, "num_statements": 5, "percent_covered": 100.0, "percent_covered_display": "100", "missing_lines": 0, "excluded_lines": 0, "percent_statements_covered": 100.0, "percent_statements_covered_display": "100", "num_branches": 0, "num_partial_branches": 0, "covered_branches": 0, "missing_branches": 0, "percent_branches_covered": 100.0, "percent_branches_covered_display": "100"}, "missing_lines": [], "excluded_lines": [], "start_line": 92, "executed_branches": [], "missing_branches": []}, "get_closure_loader": {"executed_lines": [101], "summary": {"covered_lines": 1, "num_statements": 1, "percent_covered": 100.0, "percent_covered_display": "100", "missing_lines": 0, "excluded_lines": 0, "percent_statements_covered": 100.0, "percent_statements_covered_display": "100", "num_branches": 0, "num_partial_branches": 0, "covered_branches": 0, "missing_branches": 0, "percent_branches_covered": 100.0, "percent_branches_covered_display": "100"}, "missing_lines": [], "excluded_lines": [], "start_line": 100, "executed_branches": [], "missing_branches": []}, "": {"executed_lines": [5, 7, 8, 9, 10, 11, 12, 15, 16, 32, 33, 57, 67, 82, 88, 92, 100], "summary": {"covered_lines": 17, "num_statements": 17, "percent_covered": 100.0, "percent_covered_display": "100", "missing_lines": 0, "excluded_lines": 0, "percent_statements_covered": 100.0, "percent_statements_covered_display": "100", "num_branches": 0, "num_partial_branches": 0, "covered_branches": 0, "missing_branches": 0, "percent_branches_covered": 100.0, "percent_branches_covered_display": "100"}, "missing_lines": [], "excluded_lines": [], "start_line": 1, "executed_branches": [], "missing_branches": []}}, "classes": {"ClosureLoader": {"executed_lines": [17, 18, 19, 20, 21, 22, 26, 27, 28, 29, 30, 34, 35, 36, 37, 38, 39, 41, 42, 43, 44, 45, 46, 47, 48, 49, 50, 51, 52, 53, 54, 55, 58, 59, 60, 61, 62, 63, 64, 65, 68, 69, 70, 71, 72, 73, 74, 76, 77, 78, 79, 80, 83, 84, 85, 86, 89, 90, 93, 94, 95, 96, 97], "summary": {"covered_lines": 63, "num_statements": 67, "percent_covered": 89.69072164948453, "percent_covered_display": "90", "missing_lines": 4, "excluded_lines": 0, "percent_statements_covered": 94.02985074626865, "percent_statements_covered_display": "94", "num_branches": 30, "num_partial_branches": 6, "covered_branches": 24, "missing_branches": 6, "percent_branches_covered": 80.0, "percent_branches_covered_display": "80"}, "missing_lines": [23, 25, 40, 75], "excluded_lines": [], "start_line": 15, "executed_branches": [[17, 18], [17, 26], [19, 20], [20, 21], [34, 35], [34, 54], [35, 36], [35, 37], [39, 41], [47, 48], [47, 54], [49, 50], [49, 51], [51, 52], [61, 62], [61, 65], [62, 63], [68, 69], [68, 70], [71, 72], [71, 73], [74, 76], [84, 85], [84, 86]], "missing_branches": [[19, 25], [20, 23], [39, 40], [51, 47], [62, 61], [74, 75]]}, "": {"executed_lines": [5, 7, 8, 9, 10, 11, 12, 15, 16, 32, 33, 57, 67, 82, 88, 92, 100, 101], "summary": {"covered_lines": 18, "num_statements": 18, "percent_covered": 100.0, "percent_covered_display": "100", "missing_lines": 0, "excluded_lines": 0, "percent_statements_covered": 100.0, "percent_statements_covered_display": "100", "num_branches": 0, "num_partial_branches": 0, "covered_branches": 0, "missing_branches": 0, "percent_branches_covered": 100.0, "percent_branches_covered_display": "100"}, "missing_lines": [], "excluded_lines": [], "start_line": 1, "executed_branches": [], "missing_branches": []}}}, "src/umcp/compute_utils.py": {"executed_lines": [18, 20, 22, 25, 26, 29, 30, 31, 32, 33, 34, 37, 38, 41, 42, 43, 44, 45, 48, 67, 68, 69, 71, 74, 76, 86, 87, 88, 90, 92, 102, 120, 121, 123, 124, 126, 128, 130, 139, 153, 156, 157, 160, 161, 164, 181, 184, 188, 189, 192, 196, 201, 203, 206, 212, 249, 274, 279, 280, 283, 284, 285, 286, 287, 290, 291, 292, 293, 296, 298, 301, 308, 310, 312, 348, 354], "summary": {"covered_lines": 76, "num_statements": 102, "percent_covered": 70.3125, "percent_covered_display": "70", "missing_lines": 26, "excluded_lines": 0, "percent_statements_covered": 74.50980392156863, "percent_statements_covered_display": "75", "num_branches": 26, "num_partial_branches": 10, "covered_branches": 14, "missing_branches": 12, "percent_branches_covered": 53.84615384615385, "percent_branches_covered_display": "54"}, "missing_lines": [72, 154, 158, 185, 193, 197, 198, 202, 204, 226, 227, 228, 229, 230, 233, 245, 246, 329, 332, 333, 334, 336, 339, 342, 344, 346], "excluded_lines": [], "executed_branches": [[71, 74], [74, 76], [74, 86], [153, 156], [157, 160], [184, 188], [188, 189], [188, 192], [192, 196], [196, 201], [201, 203], [203, 206], [283, 284], [290, 291]], "missing_branches": [[71, 72], [153, 154], [157, 158], [184, 185], [192, 193], [196, 197], [201, 202], [203, 204], [283, 290], [290, 296], [332, 333], [332, 336]], "functions": {"prune_zero_weights": {"executed_lines": [67, 68, 69, 71, 74, 76, 86, 87, 88, 90, 92], "summary": {"covered_lines": 11, "num_statements": 12, "percent_covered": 87.5, "percent_covered_display": "88", "missing_lines": 1, "excluded_lines": 0, "percent_statements_covered": 91.66666666666667, "percent_statements_covered_display": "92", "num_branches": 4, "num_partial_branches": 1, "covered_branches": 3, "missing_branches": 1, "percent_branches_covered": 75.0, "percent_branches_covered_display": "75"}, "missing_lines": [72], "excluded_lines": [], "start_line": 48, "executed_branches": [[71, 74], [74, 76], [74, 86]], "missing_branches": [[71, 72]]}, "clip_coordinates": {"executed_lines": [120, 121, 123, 124, 126, 128, 130], "summary": {"covered_lines": 7, "num_statements": 7, "percent_covered": 100.0, "percent_covered_display": "100", "missing_lines": 0, "excluded_lines": 0, "percent_statements_covered": 100.0, "percent_statements_covered_display": "100", "num_branches": 0, "num_partial_branches": 0, "covered_branches": 0, "missing_branches": 0, "percent_branches_covered": 100.0, "percent_branches_covered_display": "100"}, "missing_lines": [], "excluded_lines": [], "start_line": 102, "executed_branches": [], "missing_branches": []}, "normalize_weights": {"executed_lines": [153, 156, 157, 160, 161], "summary": {"covered_lines": 5, "num_statements": 7, "percent_covered": 63.63636363636363, "percent_covered_display": "64", "missing_lines": 2, "excluded_lines": 0, "percent_statements_covered": 71.42857142857143, "percent_statements_covered_display": "71", "num_branches": 4, "num_partial_branches": 2, "covered_branches": 2, "missing_branches": 2, "percent_branches_covered": 50.0, "percent_branches_covered_display": "50"}, "missing_lines": [154, 158], "excluded_lines": [], "start_line": 139, "executed_branches": [[153, 156], [157, 160]], "missing_branches": [[153, 154], [157, 158]]}, "validate_inputs": {"executed_lines": [181, 184, 188, 189, 192, 196, 201, 203, 206], "summary": {"covered_lines": 9, "num_statements": 15, "percent_covered": 59.25925925925926, "percent_covered_display": "59", "missing_lines": 6, "excluded_lines": 0, "percent_statements_covered": 60.0, "percent_statements_covered_display": "60", "num_branches": 12, "num_partial_branches": 5, "covered_branches": 7, "missing_branches": 5, "percent_branches_covered": 58.333333333333336, "percent_branches_covered_display": "58"}, "missing_lines": [185, 193, 197, 198, 202, 204], "excluded_lines": [], "start_line": 164, "executed_branches": [[184, 188], [188, 189], [188, 192], [192, 196], [196, 201], [201, 203], [203, 206]], "missing_branches": [[184, 185], [192, 193], [196, 197], [201, 202], [203, 204]]}, "batch_validate_outputs": {"executed_lines": [], "summary": {"covered_lines": 0, "num_statements": 8, "percent_covered": 0.0, "percent_covered_display": "0", "missing_lines": 8, "excluded_lines": 0, "percent_statements_covered": 0.0, "percent_statements_covered_display": "0", "num_branches": 0, "num_partial_branches": 0, "covered_branches": 0, "missing_branches": 0, "percent_branches_covered": 100.0, "percent_branches_covered_display": "100"}, "missing_lines": [226, 227, 228, 229, 230, 233, 245, 246], "excluded_lines": [], "start_line": 212, "executed_branches": [], "missing_branches": []}, "preprocess_trace_row": {"executed_lines": [274, 279, 280, 283, 284, 285, 286, 287, 290, 291, 292, 293, 296, 298], "summary": {"covered_lines": 14, "num_statements": 14, "percent_covered": 88.88888888888889, "percent_covered_display": "89", "missing_lines": 0, "excluded_lines": 0, "percent_statements_covered": 100.0, "percent_statements_covered_display": "100", "num_branches": 4, "num_partial_branches": 2, "covered_branches": 2, "missing_branches": 2, "percent_branches_covered": 50.0, "percent_branches_covered_display": "50"}, "missing_lines": [], "excluded_lines": [], "start_line": 249, "executed_branches": [[283, 284], [290, 291]], "missing_branches": [[283, 290], [290, 296]]}, "BatchProcessor.__init__": {"executed_lines": [310], "summary": {"covered_lines": 1, "num_statements": 1, "percent_covered": 100.0, "percent_covered_display": "100", "missing_lines": 0, "excluded_lines": 0, "percent_statements_covered": 100.0, "percent_statements_covered_display": "100", "num_branches": 0, "num_partial_branches": 0, "covered_branches": 0, "missing_branches": 0, "percent_branches_covered": 100.0, "percent_branches_covered_display": "100"}, "missing_lines": [], "excluded_lines": [], "start_line": 308, "executed_branches": [], "missing_branches": []}, "BatchProcessor.preprocess_trace": {"executed_lines": [], "summary": {"covered_lines": 0, "num_statements": 9, "percent_covered": 0.0, "percent_covered_display": "0", "missing_lines": 9, "excluded_lines": 0, "percent_statements_covered": 0.0, "percent_statements_covered_display": "0", "num_branches": 2, "num_partial_branches": 0, "covered_branches": 0, "missing_branches": 2, "percent_branches_covered": 0.0, "percent_branches_covered_display": "0"}, "missing_lines": [329, 332, 333, 334, 336, 339, 342, 344, 346], "excluded_lines": [], "start_line": 312, "executed_branches": [], "missing_branches": [[332, 333], [332, 336]]}, "BatchProcessor.compute_batch_statistics": {"executed_lines": [354], "summary": {"covered_lines": 1, "num_statements": 1, "percent_covered": 100.0, "percent_covered_display": "100", "missing_lines": 0, "excluded_lines": 0, "percent_statements_covered": 100.0, "percent_statements_covered_display": "100", "num_branches": 0, "num_partial_branches": 0, "covered_branches": 0, "missing_branches": 0, "percent_branches_covered": 100.0, "percent_branches_covered_display": "100"}, "missing_lines": [], "excluded_lines": [], "start_line": 348, "executed_branches": [], "missing_branches": []}, "": {"executed_lines": [18, 20, 22, 25, 26, 29, 30, 31, 32, 33, 34, 37, 38, 41, 42, 43, 44, 45, 48, 102, 139, 164, 212, 249, 301, 308, 312, 348], "summary": {"covered_lines": 28, "num_statements": 28, "percent_covered": 100.0, "percent_covered_display": "100", "missing_lines": 0, "excluded_lines": 0, "percent_statements_covered": 100.0, "percent_statements_covered_display": "100", "num_branches": 0, "num_partial_branches": 0, "covered_branches": 0, "missing_branches": 0, "percent_branches_covered": 100.0, "percent_branches_covered_display": "100"}, "missing_lines": [], "excluded_lines": [], "start_line": 1, "executed_branches": [], "missing_branches": []}}, "classes": {"PruningResult": {"executed_lines": [], "summary": {"covered_lines": 0, "num_statements": 0, "percent_covered": 100.0, "percent_covered_display": "100", "missing_lines": 0, "excluded_lines": 0, "percent_statements_covered": 100.0, "percent_statements_covered_display": "100", "num_branches": 0, "num_partial_branches": 0, "covered_branches": 0, "missing_branches": 0, "percent_branches_covered": 100.0, "percent_branches_covered_display": "100"}, "missing_lines": [], "excluded_lines": [], "start_line": 26, "executed_branches": [], "missing_branches": []}, "ClippingResult": {"executed_lines": [], "summary": {"covered_lines": 0, "num_statements": 0, "percent_covered": 100.0, "percent_covered_display": "100", "missing_lines": 0, "excluded_lines": 0, "percent_statements_covered": 100.0, "percent_statements_covered_display": "100", "num_branches": 0, "num_partial_branches": 0, "covered_branches": 0, "missing_branches": 0, "percent_branches_covered": 100.0, "percent_branches_covered_display": "100"}, "missing_lines": [], "excluded_lines": [], "start_line": 38, "executed_branches": [], "missing_branches": []}, "BatchProcessor": {"executed_lines": [310, 354], "summary": {"covered_lines": 2, "num_statements": 11, "percent_covered": 15.384615384615385, "percent_covered_display": "15", "missing_lines": 9, "excluded_lines": 0, "percent_statements_covered": 18.181818181818183, "percent_statements_covered_display": "18", "num_branches": 2, "num_partial_branches": 0, "covered_branches": 0, "missing_branches": 2, "percent_branches_covered": 0.0, "percent_branches_covered_display": "0"}, "missing_lines": [329, 332, 333, 334, 336, 339, 342, 344, 346], "excluded_lines": [], "start_line": 301, "executed_branches": [], "missing_branches": [[332, 333], [332, 336]]}, "": {"executed_lines": [18, 20, 22, 25, 26, 29, 30, 31, 32, 33, 34, 37, 38, 41, 42, 43, 44, 45, 48, 67, 68, 69, 71, 74, 76, 86, 87, 88, 90, 92, 102, 120, 121, 123, 124, 126, 128, 130, 139, 153, 156, 157, 160, 161, 164, 181, 184, 188, 189, 192, 196, 201, 203, 206, 212, 249, 274, 279, 280, 283, 284, 285, 286, 287, 290, 291, 292, 293, 296, 298, 301, 308, 312, 348], "summary": {"covered_lines": 74, "num_statements": 91, "percent_covered": 76.52173913043478, "percent_covered_display": "77", "missing_lines": 17, "excluded_lines": 0, "percent_statements_covered": 81.31868131868131, "percent_statements_covered_display": "81", "num_branches": 24, "num_partial_branches": 10, "covered_branches": 14, "missing_branches": 10, "percent_branches_covered": 58.333333333333336, "percent_branches_covered_display": "58"}, "missing_lines": [72, 154, 158, 185, 193, 197, 198, 202, 204, 226, 227, 228, 229, 230, 233, 245, 246], "excluded_lines": [], "start_line": 1, "executed_branches": [[71, 74], [74, 76], [74, 86], [153, 156], [157, 160], [184, 188], [188, 189], [188, 192], [192, 196], [196, 201], [201, 203], [203, 206], [283, 284], [290, 291]], "missing_branches": [[71, 72], [153, 154], [157, 158], [184, 185], [192, 193], [196, 197], [201, 202], [203, 204], [283, 290], [290, 296]]}}}, "src/umcp/file_refs.py": {"executed_lines": [21, 23, 24, 25, 26, 28, 29, 34, 46, 53, 55, 56, 57, 58, 59, 60, 61, 64, 67, 68, 69, 70, 71, 72, 73, 76, 77, 78, 81, 82, 83, 84, 85, 88, 89, 90, 91, 93, 95, 96, 97, 98, 99, 112, 114, 115, 117, 119, 120, 122, 124, 125, 129, 131, 133, 135, 137, 139, 141, 143, 145, 147, 149, 151, 153, 155, 159, 161, 163, 165, 169, 171, 173, 175, 177, 179, 181, 183, 187, 189, 191, 193, 195, 197, 201, 208, 227, 229, 233, 248], "summary": {"covered_lines": 90, "num_statements": 103, "percent_covered": 81.81818181818181, "percent_covered_display": "82", "missing_lines": 13, "excluded_lines": 0, "percent_statements_covered": 87.37864077669903, "percent_statements_covered_display": "87", "num_branches": 18, "num_partial_branches": 3, "covered_branches": 9, "missing_branches": 9, "percent_branches_covered": 50.0, "percent_branches_covered_display": "50"}, "missing_lines": [30, 31, 62, 101, 102, 103, 104, 105, 106, 107, 108, 109, 110], "excluded_lines": [], "executed_branches": [[53, 55], [53, 64], [56, 57], [57, 58], [57, 60], [61, 64], [95, 96], [95, 97], [97, 98]], "missing_branches": [[56, 61], [61, 62], [97, 101], [103, 104], [103, 110], [105, 106], [105, 107], [107, 103], [107, 108]], "functions": {"UMCPFiles.__init__": {"executed_lines": [53, 55, 56, 57, 58, 59, 60, 61, 64, 67, 68, 69, 70, 71, 72, 73, 76, 77, 78, 81, 82, 83, 84, 85, 88, 89, 90, 91], "summary": {"covered_lines": 28, "num_statements": 29, "percent_covered": 91.89189189189189, "percent_covered_display": "92", "missing_lines": 1, "excluded_lines": 0, "percent_statements_covered": 96.55172413793103, "percent_statements_covered_display": "97", "num_branches": 8, "num_partial_branches": 2, "covered_branches": 6, "missing_branches": 2, "percent_branches_covered": 75.0, "percent_branches_covered_display": "75"}, "missing_lines": [62], "excluded_lines": [], "start_line": 46, "executed_branches": [[53, 55], [53, 64], [56, 57], [57, 58], [57, 60], [61, 64]], "missing_branches": [[56, 61], [61, 62]]}, "UMCPFiles.load_yaml": {"executed_lines": [95, 96, 97, 98, 99], "summary": {"covered_lines": 5, "num_statements": 15, "percent_covered": 32.0, "percent_covered_display": "32", "missing_lines": 10, "excluded_lines": 0, "percent_statements_covered": 33.333333333333336, "percent_statements_covered_display": "33", "num_branches": 10, "num_partial_branches": 1, "covered_branches": 3, "missing_branches": 7, "percent_branches_covered": 30.0, "percent_branches_covered_display": "30"}, "missing_lines": [101, 102, 103, 104, 105, 106, 107, 108, 109, 110], "excluded_lines": [], "start_line": 93, "executed_branches": [[95, 96], [95, 97], [97, 98]], "missing_branches": [[97, 101], [103, 104], [103, 110], [105, 106], [105, 107], [107, 103], [107, 108]]}, "UMCPFiles.load_json": {"executed_lines": [114, 115], "summary": {"covered_lines": 2, "num_statements": 2, "percent_covered": 100.0, "percent_covered_display": "100", "missing_lines": 0, "excluded_lines": 0, "percent_statements_covered": 100.0, "percent_statements_covered_display": "100", "num_branches": 0, "num_partial_branches": 0, "covered_branches": 0, "missing_branches": 0, "percent_branches_covered": 100.0, "percent_branches_covered_display": "100"}, "missing_lines": [], "excluded_lines": [], "start_line": 112, "executed_branches": [], "missing_branches": []}, "UMCPFiles.load_csv": {"executed_lines": [119, 120], "summary": {"covered_lines": 2, "num_statements": 2, "percent_covered": 100.0, "percent_covered_display": "100", "missing_lines": 0, "excluded_lines": 0, "percent_statements_covered": 100.0, "percent_statements_covered_display": "100", "num_branches": 0, "num_partial_branches": 0, "covered_branches": 0, "missing_branches": 0, "percent_branches_covered": 100.0, "percent_branches_covered_display": "100"}, "missing_lines": [], "excluded_lines": [], "start_line": 117, "executed_branches": [], "missing_branches": []}, "UMCPFiles.load_text": {"executed_lines": [124, 125], "summary": {"covered_lines": 2, "num_statements": 2, "percent_covered": 100.0, "percent_covered_display": "100", "missing_lines": 0, "excluded_lines": 0, "percent_statements_covered": 100.0, "percent_statements_covered_display": "100", "num_branches": 0, "num_partial_branches": 0, "covered_branches": 0, "missing_branches": 0, "percent_branches_covered": 100.0, "percent_branches_covered_display": "100"}, "missing_lines": [], "excluded_lines": [], "start_line": 122, "executed_branches": [], "missing_branches": []}, "UMCPFiles.load_manifest": {"executed_lines": [131], "summary": {"covered_lines": 1, "num_statements": 1, "percent_covered": 100.0, "percent_covered_display": "100", "missing_lines": 0, "excluded_lines": 0, "percent_statements_covered": 100.0, "percent_statements_covered_display": "100", "num_branches": 0, "num_partial_branches": 0, "covered_branches": 0, "missing_branches": 0, "percent_branches_covered": 100.0, "percent_branches_covered_display": "100"}, "missing_lines": [], "excluded_lines": [], "start_line": 129, "executed_branches": [], "missing_branches": []}, "UMCPFiles.load_contract": {"executed_lines": [135], "summary": {"covered_lines": 1, "num_statements": 1, "percent_covered": 100.0, "percent_covered_display": "100", "missing_lines": 0, "excluded_lines": 0, "percent_statements_covered": 100.0, "percent_statements_covered_display": "100", "num_branches": 0, "num_partial_branches": 0, "covered_branches": 0, "missing_branches": 0, "percent_branches_covered": 100.0, "percent_branches_covered_display": "100"}, "missing_lines": [], "excluded_lines": [], "start_line": 133, "executed_branches": [], "missing_branches": []}, "UMCPFiles.load_observables": {"executed_lines": [139], "summary": {"covered_lines": 1, "num_statements": 1, "percent_covered": 100.0, "percent_covered_display": "100", "missing_lines": 0, "excluded_lines": 0, "percent_statements_covered": 100.0, "percent_statements_covered_display": "100", "num_branches": 0, "num_partial_branches": 0, "covered_branches": 0, "missing_branches": 0, "percent_branches_covered": 100.0, "percent_branches_covered_display": "100"}, "missing_lines": [], "excluded_lines": [], "start_line": 137, "executed_branches": [], "missing_branches": []}, "UMCPFiles.load_embedding": {"executed_lines": [143], "summary": {"covered_lines": 1, "num_statements": 1, "percent_covered": 100.0, "percent_covered_display": "100", "missing_lines": 0, "excluded_lines": 0, "percent_statements_covered": 100.0, "percent_statements_covered_display": "100", "num_branches": 0, "num_partial_branches": 0, "covered_branches": 0, "missing_branches": 0, "percent_branches_covered": 100.0, "percent_branches_covered_display": "100"}, "missing_lines": [], "excluded_lines": [], "start_line": 141, "executed_branches": [], "missing_branches": []}, "UMCPFiles.load_return": {"executed_lines": [147], "summary": {"covered_lines": 1, "num_statements": 1, "percent_covered": 100.0, "percent_covered_display": "100", "missing_lines": 0, "excluded_lines": 0, "percent_statements_covered": 100.0, "percent_statements_covered_display": "100", "num_branches": 0, "num_partial_branches": 0, "covered_branches": 0, "missing_branches": 0, "percent_branches_covered": 100.0, "percent_branches_covered_display": "100"}, "missing_lines": [], "excluded_lines": [], "start_line": 145, "executed_branches": [], "missing_branches": []}, "UMCPFiles.load_closures": {"executed_lines": [151], "summary": {"covered_lines": 1, "num_statements": 1, "percent_covered": 100.0, "percent_covered_display": "100", "missing_lines": 0, "excluded_lines": 0, "percent_statements_covered": 100.0, "percent_statements_covered_display": "100", "num_branches": 0, "num_partial_branches": 0, "covered_branches": 0, "missing_branches": 0, "percent_branches_covered": 100.0, "percent_branches_covered_display": "100"}, "missing_lines": [], "excluded_lines": [], "start_line": 149, "executed_branches": [], "missing_branches": []}, "UMCPFiles.load_weights": {"executed_lines": [155], "summary": {"covered_lines": 1, "num_statements": 1, "percent_covered": 100.0, "percent_covered_display": "100", "missing_lines": 0, "excluded_lines": 0, "percent_statements_covered": 100.0, "percent_statements_covered_display": "100", "num_branches": 0, "num_partial_branches": 0, "covered_branches": 0, "missing_branches": 0, "percent_branches_covered": 100.0, "percent_branches_covered_display": "100"}, "missing_lines": [], "excluded_lines": [], "start_line": 153, "executed_branches": [], "missing_branches": []}, "UMCPFiles.load_trace": {"executed_lines": [161], "summary": {"covered_lines": 1, "num_statements": 1, "percent_covered": 100.0, "percent_covered_display": "100", "missing_lines": 0, "excluded_lines": 0, "percent_statements_covered": 100.0, "percent_statements_covered_display": "100", "num_branches": 0, "num_partial_branches": 0, "covered_branches": 0, "missing_branches": 0, "percent_branches_covered": 100.0, "percent_branches_covered_display": "100"}, "missing_lines": [], "excluded_lines": [], "start_line": 159, "executed_branches": [], "missing_branches": []}, "UMCPFiles.load_trace_meta": {"executed_lines": [165], "summary": {"covered_lines": 1, "num_statements": 1, "percent_covered": 100.0, "percent_covered_display": "100", "missing_lines": 0, "excluded_lines": 0, "percent_statements_covered": 100.0, "percent_statements_covered_display": "100", "num_branches": 0, "num_partial_branches": 0, "covered_branches": 0, "missing_branches": 0, "percent_branches_covered": 100.0, "percent_branches_covered_display": "100"}, "missing_lines": [], "excluded_lines": [], "start_line": 163, "executed_branches": [], "missing_branches": []}, "UMCPFiles.load_invariants": {"executed_lines": [171], "summary": {"covered_lines": 1, "num_statements": 1, "percent_covered": 100.0, "percent_covered_display": "100", "missing_lines": 0, "excluded_lines": 0, "percent_statements_covered": 100.0, "percent_statements_covered_display": "100", "num_branches": 0, "num_partial_branches": 0, "covered_branches": 0, "missing_branches": 0, "percent_branches_covered": 100.0, "percent_branches_covered_display": "100"}, "missing_lines": [], "excluded_lines": [], "start_line": 169, "executed_branches": [], "missing_branches": []}, "UMCPFiles.load_regimes": {"executed_lines": [175], "summary": {"covered_lines": 1, "num_statements": 1, "percent_covered": 100.0, "percent_covered_display": "100", "missing_lines": 0, "excluded_lines": 0, "percent_statements_covered": 100.0, "percent_statements_covered_display": "100", "num_branches": 0, "num_partial_branches": 0, "covered_branches": 0, "missing_branches": 0, "percent_branches_covered": 100.0, "percent_branches_covered_display": "100"}, "missing_lines": [], "excluded_lines": [], "start_line": 173, "executed_branches": [], "missing_branches": []}, "UMCPFiles.load_welds": {"executed_lines": [179], "summary": {"covered_lines": 1, "num_statements": 1, "percent_covered": 100.0, "percent_covered_display": "100", "missing_lines": 0, "excluded_lines": 0, "percent_statements_covered": 100.0, "percent_statements_covered_display": "100", "num_branches": 0, "num_partial_branches": 0, "covered_branches": 0, "missing_branches": 0, "percent_branches_covered": 100.0, "percent_branches_covered_display": "100"}, "missing_lines": [], "excluded_lines": [], "start_line": 177, "executed_branches": [], "missing_branches": []}, "UMCPFiles.load_report": {"executed_lines": [183], "summary": {"covered_lines": 1, "num_statements": 1, "percent_covered": 100.0, "percent_covered_display": "100", "missing_lines": 0, "excluded_lines": 0, "percent_statements_covered": 100.0, "percent_statements_covered_display": "100", "num_branches": 0, "num_partial_branches": 0, "covered_branches": 0, "missing_branches": 0, "percent_branches_covered": 100.0, "percent_branches_covered_display": "100"}, "missing_lines": [], "excluded_lines": [], "start_line": 181, "executed_branches": [], "missing_branches": []}, "UMCPFiles.load_sha256": {"executed_lines": [189], "summary": {"covered_lines": 1, "num_statements": 1, "percent_covered": 100.0, "percent_covered_display": "100", "missing_lines": 0, "excluded_lines": 0, "percent_statements_covered": 100.0, "percent_statements_covered_display": "100", "num_branches": 0, "num_partial_branches": 0, "covered_branches": 0, "missing_branches": 0, "percent_branches_covered": 100.0, "percent_branches_covered_display": "100"}, "missing_lines": [], "excluded_lines": [], "start_line": 187, "executed_branches": [], "missing_branches": []}, "UMCPFiles.load_env": {"executed_lines": [193], "summary": {"covered_lines": 1, "num_statements": 1, "percent_covered": 100.0, "percent_covered_display": "100", "missing_lines": 0, "excluded_lines": 0, "percent_statements_covered": 100.0, "percent_statements_covered_display": "100", "num_branches": 0, "num_partial_branches": 0, "covered_branches": 0, "missing_branches": 0, "percent_branches_covered": 100.0, "percent_branches_covered_display": "100"}, "missing_lines": [], "excluded_lines": [], "start_line": 191, "executed_branches": [], "missing_branches": []}, "UMCPFiles.load_code_version": {"executed_lines": [197], "summary": {"covered_lines": 1, "num_statements": 1, "percent_covered": 100.0, "percent_covered_display": "100", "missing_lines": 0, "excluded_lines": 0, "percent_statements_covered": 100.0, "percent_statements_covered_display": "100", "num_branches": 0, "num_partial_branches": 0, "covered_branches": 0, "missing_branches": 0, "percent_branches_covered": 100.0, "percent_branches_covered_display": "100"}, "missing_lines": [], "excluded_lines": [], "start_line": 195, "executed_branches": [], "missing_branches": []}, "UMCPFiles.verify_all_exist": {"executed_lines": [208], "summary": {"covered_lines": 1, "num_statements": 1, "percent_covered": 100.0, "percent_covered_display": "100", "missing_lines": 0, "excluded_lines": 0, "percent_statements_covered": 100.0, "percent_statements_covered_display": "100", "num_branches": 0, "num_partial_branches": 0, "covered_branches": 0, "missing_branches": 0, "percent_branches_covered": 100.0, "percent_branches_covered_display": "100"}, "missing_lines": [], "excluded_lines": [], "start_line": 201, "executed_branches": [], "missing_branches": []}, "UMCPFiles.get_missing_files": {"executed_lines": [229], "summary": {"covered_lines": 1, "num_statements": 1, "percent_covered": 100.0, "percent_covered_display": "100", "missing_lines": 0, "excluded_lines": 0, "percent_statements_covered": 100.0, "percent_statements_covered_display": "100", "num_branches": 0, "num_partial_branches": 0, "covered_branches": 0, "missing_branches": 0, "percent_branches_covered": 100.0, "percent_branches_covered_display": "100"}, "missing_lines": [], "excluded_lines": [], "start_line": 227, "executed_branches": [], "missing_branches": []}, "get_umcp_files": {"executed_lines": [248], "summary": {"covered_lines": 1, "num_statements": 1, "percent_covered": 100.0, "percent_covered_display": "100", "missing_lines": 0, "excluded_lines": 0, "percent_statements_covered": 100.0, "percent_statements_covered_display": "100", "num_branches": 0, "num_partial_branches": 0, "covered_branches": 0, "missing_branches": 0, "percent_branches_covered": 100.0, "percent_branches_covered_display": "100"}, "missing_lines": [], "excluded_lines": [], "start_line": 233, "executed_branches": [], "missing_branches": []}, "": {"executed_lines": [21, 23, 24, 25, 26, 28, 29, 34, 46, 93, 112, 117, 122, 129, 133, 137, 141, 145, 149, 153, 159, 163, 169, 173, 177, 181, 187, 191, 195, 201, 227, 233], "summary": {"covered_lines": 32, "num_statements": 34, "percent_covered": 94.11764705882354, "percent_covered_display": "94", "missing_lines": 2, "excluded_lines": 0, "percent_statements_covered": 94.11764705882354, "percent_statements_covered_display": "94", "num_branches": 0, "num_partial_branches": 0, "covered_branches": 0, "missing_branches": 0, "percent_branches_covered": 100.0, "percent_branches_covered_display": "100"}, "missing_lines": [30, 31], "excluded_lines": [], "start_line": 1, "executed_branches": [], "missing_branches": []}}, "classes": {"UMCPFiles": {"executed_lines": [53, 55, 56, 57, 58, 59, 60, 61, 64, 67, 68, 69, 70, 71, 72, 73, 76, 77, 78, 81, 82, 83, 84, 85, 88, 89, 90, 91, 95, 96, 97, 98, 99, 114, 115, 119, 120, 124, 125, 131, 135, 139, 143, 147, 151, 155, 161, 165, 171, 175, 179, 183, 189, 193, 197, 208, 229], "summary": {"covered_lines": 57, "num_statements": 68, "percent_covered": 76.74418604651163, "percent_covered_display": "77", "missing_lines": 11, "excluded_lines": 0, "percent_statements_covered": 83.82352941176471, "percent_statements_covered_display": "84", "num_branches": 18, "num_partial_branches": 3, "covered_branches": 9, "missing_branches": 9, "percent_branches_covered": 50.0, "percent_branches_covered_display": "50"}, "missing_lines": [62, 101, 102, 103, 104, 105, 106, 107, 108, 109, 110], "excluded_lines": [], "start_line": 34, "executed_branches": [[53, 55], [53, 64], [56, 57], [57, 58], [57, 60], [61, 64], [95, 96], [95, 97], [97, 98]], "missing_branches": [[56, 61], [61, 62], [97, 101], [103, 104], [103, 110], [105, 106], [105, 107], [107, 103], [107, 108]]}, "": {"executed_lines": [21, 23, 24, 25, 26, 28, 29, 34, 46, 93, 112, 117, 122, 129, 133, 137, 141, 145, 149, 153, 159, 163, 169, 173, 177, 181, 187, 191, 195, 201, 227, 233, 248], "summary": {"covered_lines": 33, "num_statements": 35, "percent_covered": 94.28571428571429, "percent_covered_display": "94", "missing_lines": 2, "excluded_lines": 0, "percent_statements_covered": 94.28571428571429, "percent_statements_covered_display": "94", "num_branches": 0, "num_partial_branches": 0, "covered_branches": 0, "missing_branches": 0, "percent_branches_covered": 100.0, "percent_branches_covered_display": "100"}, "missing_lines": [30, 31], "excluded_lines": [], "start_line": 1, "executed_branches": [], "missing_branches": []}}}, "src/umcp/frozen_contract.py": {"executed_lines": [14, 16, 17, 18, 20, 26, 27, 33, 34, 41, 44, 47, 53, 59, 66, 69, 70, 71, 72, 75, 76, 83, 84, 85, 86, 89, 90, 93, 96, 100, 103, 128, 129, 132, 133, 136, 137, 140, 146, 157, 174, 177, 188, 191, 211, 214, 230, 233, 264, 267, 268, 271, 272, 275, 276, 277, 278, 280, 288, 311, 319, 325, 326, 327, 328, 331, 355, 357, 358, 359, 361, 362, 370, 371, 373, 381, 384, 385, 386, 387, 388, 389, 390, 393, 416, 419, 422, 425, 426, 429, 432, 435, 437, 453, 456, 457, 458, 459, 460, 461, 469, 470, 479, 480, 483, 486, 489, 490, 491, 494, 497, 501], "summary": {"covered_lines": 112, "num_statements": 118, "percent_covered": 91.54929577464789, "percent_covered_display": "92", "missing_lines": 6, "excluded_lines": 0, "percent_statements_covered": 94.91525423728814, "percent_statements_covered_display": "95", "num_branches": 24, "num_partial_branches": 2, "covered_branches": 18, "missing_branches": 6, "percent_branches_covered": 75.0, "percent_branches_covered_display": "75"}, "missing_lines": [149, 363, 364, 365, 366, 368], "excluded_lines": [], "executed_branches": [[128, 129], [128, 132], [132, 133], [132, 136], [136, 137], [136, 140], [140, 146], [267, 268], [267, 271], [271, 272], [271, 275], [277, 278], [277, 280], [357, 358], [357, 373], [361, 362], [370, 357], [370, 371]], "missing_branches": [[140, 149], [361, 363], [363, 364], [363, 365], [365, 366], [365, 368]], "functions": {"classify_regime": {"executed_lines": [128, 129, 132, 133, 136, 137, 140, 146], "summary": {"covered_lines": 8, "num_statements": 9, "percent_covered": 88.23529411764706, "percent_covered_display": "88", "missing_lines": 1, "excluded_lines": 0, "percent_statements_covered": 88.88888888888889, "percent_statements_covered_display": "89", "num_branches": 8, "num_partial_branches": 1, "covered_branches": 7, "missing_branches": 1, "percent_branches_covered": 87.5, "percent_branches_covered_display": "88"}, "missing_lines": [149], "excluded_lines": [], "start_line": 103, "executed_branches": [[128, 129], [128, 132], [132, 133], [132, 136], [136, 137], [136, 140], [140, 146]], "missing_branches": [[140, 149]]}, "gamma_omega": {"executed_lines": [174], "summary": {"covered_lines": 1, "num_statements": 1, "percent_covered": 100.0, "percent_covered_display": "100", "missing_lines": 0, "excluded_lines": 0, "percent_statements_covered": 100.0, "percent_statements_covered_display": "100", "num_branches": 0, "num_partial_branches": 0, "covered_branches": 0, "missing_branches": 0, "percent_branches_covered": 100.0, "percent_branches_covered_display": "100"}, "missing_lines": [], "excluded_lines": [], "start_line": 157, "executed_branches": [], "missing_branches": []}, "cost_curvature": {"executed_lines": [188], "summary": {"covered_lines": 1, "num_statements": 1, "percent_covered": 100.0, "percent_covered_display": "100", "missing_lines": 0, "excluded_lines": 0, "percent_statements_covered": 100.0, "percent_statements_covered_display": "100", "num_branches": 0, "num_partial_branches": 0, "covered_branches": 0, "missing_branches": 0, "percent_branches_covered": 100.0, "percent_branches_covered_display": "100"}, "missing_lines": [], "excluded_lines": [], "start_line": 177, "executed_branches": [], "missing_branches": []}, "compute_budget_delta_kappa": {"executed_lines": [211], "summary": {"covered_lines": 1, "num_statements": 1, "percent_covered": 100.0, "percent_covered_display": "100", "missing_lines": 0, "excluded_lines": 0, "percent_statements_covered": 100.0, "percent_statements_covered_display": "100", "num_branches": 0, "num_partial_branches": 0, "covered_branches": 0, "missing_branches": 0, "percent_branches_covered": 100.0, "percent_branches_covered_display": "100"}, "missing_lines": [], "excluded_lines": [], "start_line": 191, "executed_branches": [], "missing_branches": []}, "compute_seam_residual": {"executed_lines": [230], "summary": {"covered_lines": 1, "num_statements": 1, "percent_covered": 100.0, "percent_covered_display": "100", "missing_lines": 0, "excluded_lines": 0, "percent_statements_covered": 100.0, "percent_statements_covered_display": "100", "num_branches": 0, "num_partial_branches": 0, "covered_branches": 0, "missing_branches": 0, "percent_branches_covered": 100.0, "percent_branches_covered_display": "100"}, "missing_lines": [], "excluded_lines": [], "start_line": 214, "executed_branches": [], "missing_branches": []}, "check_seam_pass": {"executed_lines": [264, 267, 268, 271, 272, 275, 276, 277, 278, 280], "summary": {"covered_lines": 10, "num_statements": 10, "percent_covered": 100.0, "percent_covered_display": "100", "missing_lines": 0, "excluded_lines": 0, "percent_statements_covered": 100.0, "percent_statements_covered_display": "100", "num_branches": 6, "num_partial_branches": 0, "covered_branches": 6, "missing_branches": 0, "percent_branches_covered": 100.0, "percent_branches_covered_display": "100"}, "missing_lines": [], "excluded_lines": [], "start_line": 233, "executed_branches": [[267, 268], [267, 271], [271, 272], [271, 275], [277, 278], [277, 280]], "missing_branches": []}, "equator_phi": {"executed_lines": [311], "summary": {"covered_lines": 1, "num_statements": 1, "percent_covered": 100.0, "percent_covered_display": "100", "missing_lines": 0, "excluded_lines": 0, "percent_statements_covered": 100.0, "percent_statements_covered_display": "100", "num_branches": 0, "num_partial_branches": 0, "covered_branches": 0, "missing_branches": 0, "percent_branches_covered": 100.0, "percent_branches_covered_display": "100"}, "missing_lines": [], "excluded_lines": [], "start_line": 288, "executed_branches": [], "missing_branches": []}, "compute_tau_R": {"executed_lines": [355, 357, 358, 359, 361, 362, 370, 371, 373], "summary": {"covered_lines": 9, "num_statements": 14, "percent_covered": 58.333333333333336, "percent_covered_display": "58", "missing_lines": 5, "excluded_lines": 0, "percent_statements_covered": 64.28571428571429, "percent_statements_covered_display": "64", "num_branches": 10, "num_partial_branches": 1, "covered_branches": 5, "missing_branches": 5, "percent_branches_covered": 50.0, "percent_branches_covered_display": "50"}, "missing_lines": [363, 364, 365, 366, 368], "excluded_lines": [], "start_line": 331, "executed_branches": [[357, 358], [357, 373], [361, 362], [370, 357], [370, 371]], "missing_branches": [[361, 363], [363, 364], [363, 365], [365, 366], [365, 368]]}, "compute_kernel": {"executed_lines": [416, 419, 422, 425, 426, 429, 432, 435, 437], "summary": {"covered_lines": 9, "num_statements": 9, "percent_covered": 100.0, "percent_covered_display": "100", "missing_lines": 0, "excluded_lines": 0, "percent_statements_covered": 100.0, "percent_statements_covered_display": "100", "num_branches": 0, "num_partial_branches": 0, "covered_branches": 0, "missing_branches": 0, "percent_branches_covered": 100.0, "percent_branches_covered_display": "100"}, "missing_lines": [], "excluded_lines": [], "start_line": 393, "executed_branches": [], "missing_branches": []}, "": {"executed_lines": [14, 16, 17, 18, 20, 26, 27, 33, 34, 41, 44, 47, 53, 59, 66, 69, 70, 71, 72, 75, 76, 83, 84, 85, 86, 89, 90, 93, 96, 100, 103, 157, 177, 191, 214, 233, 288, 319, 325, 326, 327, 328, 331, 381, 384, 385, 386, 387, 388, 389, 390, 393, 453, 456, 457, 458, 459, 460, 461, 469, 470, 479, 480, 483, 486, 489, 490, 491, 494, 497, 501], "summary": {"covered_lines": 71, "num_statements": 71, "percent_covered": 100.0, "percent_covered_display": "100", "missing_lines": 0, "excluded_lines": 0, "percent_statements_covered": 100.0, "percent_statements_covered_display": "100", "num_branches": 0, "num_partial_branches": 0, "covered_branches": 0, "missing_branches": 0, "percent_branches_covered": 100.0, "percent_branches_covered_display": "100"}, "missing_lines": [], "excluded_lines": [], "start_line": 1, "executed_branches": [], "missing_branches": []}}, "classes": {"Regime": {"executed_lines": [], "summary": {"covered_lines": 0, "num_statements": 0, "percent_covered": 100.0, "percent_covered_display": "100", "missing_lines": 0, "excluded_lines": 0, "percent_statements_covered": 100.0, "percent_statements_covered_display": "100", "num_branches": 0, "num_partial_branches": 0, "covered_branches": 0, "missing_branches": 0, "percent_branches_covered": 100.0, "percent_branches_covered_display": "100"}, "missing_lines": [], "excluded_lines": [], "start_line": 66, "executed_branches": [], "missing_branches": []}, "RegimeThresholds": {"executed_lines": [], "summary": {"covered_lines": 0, "num_statements": 0, "percent_covered": 100.0, "percent_covered_display": "100", "missing_lines": 0, "excluded_lines": 0, "percent_statements_covered": 100.0, "percent_statements_covered_display": "100", "num_branches": 0, "num_partial_branches": 0, "covered_branches": 0, "missing_branches": 0, "percent_branches_covered": 100.0, "percent_branches_covered_display": "100"}, "missing_lines": [], "excluded_lines": [], "start_line": 76, "executed_branches": [], "missing_branches": []}, "ReturnMetric": {"executed_lines": [], "summary": {"covered_lines": 0, "num_statements": 0, "percent_covered": 100.0, "percent_covered_display": "100", "missing_lines": 0, "excluded_lines": 0, "percent_statements_covered": 100.0, "percent_statements_covered_display": "100", "num_branches": 0, "num_partial_branches": 0, "covered_branches": 0, "missing_branches": 0, "percent_branches_covered": 100.0, "percent_branches_covered_display": "100"}, "missing_lines": [], "excluded_lines": [], "start_line": 319, "executed_branches": [], "missing_branches": []}, "KernelOutput": {"executed_lines": [], "summary": {"covered_lines": 0, "num_statements": 0, "percent_covered": 100.0, "percent_covered_display": "100", "missing_lines": 0, "excluded_lines": 0, "percent_statements_covered": 100.0, "percent_statements_covered_display": "100", "num_branches": 0, "num_partial_branches": 0, "covered_branches": 0, "missing_branches": 0, "percent_branches_covered": 100.0, "percent_branches_covered_display": "100"}, "missing_lines": [], "excluded_lines": [], "start_line": 381, "executed_branches": [], "missing_branches": []}, "NonconformanceType": {"executed_lines": [], "summary": {"covered_lines": 0, "num_statements": 0, "percent_covered": 100.0, "percent_covered_display": "100", "missing_lines": 0, "excluded_lines": 0, "percent_statements_covered": 100.0, "percent_statements_covered_display": "100", "num_branches": 0, "num_partial_branches": 0, "covered_branches": 0, "missing_branches": 0, "percent_branches_covered": 100.0, "percent_branches_covered_display": "100"}, "missing_lines": [], "excluded_lines": [], "start_line": 453, "executed_branches": [], "missing_branches": []}, "FrozenContract": {"executed_lines": [], "summary": {"covered_lines": 0, "num_statements": 0, "percent_covered": 100.0, "percent_covered_display": "100", "missing_lines": 0, "excluded_lines": 0, "percent_statements_covered": 100.0, "percent_statements_covered_display": "100", "num_branches": 0, "num_partial_branches": 0, "covered_branches": 0, "missing_branches": 0, "percent_branches_covered": 100.0, "percent_branches_covered_display": "100"}, "missing_lines": [], "excluded_lines": [], "start_line": 470, "executed_branches": [], "missing_branches": []}, "": {"executed_lines": [14, 16, 17, 18, 20, 26, 27, 33, 34, 41, 44, 47, 53, 59, 66, 69, 70, 71, 72, 75, 76, 83, 84, 85, 86, 89, 90, 93, 96, 100, 103, 128, 129, 132, 133, 136, 137, 140, 146, 157, 174, 177, 188, 191, 211, 214, 230, 233, 264, 267, 268, 271, 272, 275, 276, 277, 278, 280, 288, 311, 319, 325, 326, 327, 328, 331, 355, 357, 358, 359, 361, 362, 370, 371, 373, 381, 384, 385, 386, 387, 388, 389, 390, 393, 416, 419, 422, 425, 426, 429, 432, 435, 437, 453, 456, 457, 458, 459, 460, 461, 469, 470, 479, 480, 483, 486, 489, 490, 491, 494, 497, 501], "summary": {"covered_lines": 112, "num_statements": 118, "percent_covered": 91.54929577464789, "percent_covered_display": "92", "missing_lines": 6, "excluded_lines": 0, "percent_statements_covered": 94.91525423728814, "percent_statements_covered_display": "95", "num_branches": 24, "num_partial_branches": 2, "covered_branches": 18, "missing_branches": 6, "percent_branches_covered": 75.0, "percent_branches_covered_display": "75"}, "missing_lines": [149, 363, 364, 365, 366, 368], "excluded_lines": [], "start_line": 1, "executed_branches": [[128, 129], [128, 132], [132, 133], [132, 136], [136, 137], [136, 140], [140, 146], [267, 268], [267, 271], [271, 272], [271, 275], [277, 278], [277, 280], [357, 358], [357, 373], [361, 362], [370, 357], [370, 371]], "missing_branches": [[140, 149], [361, 363], [363, 364], [363, 365], [365, 366], [365, 368]]}}}, "src/umcp/kernel_optimized.py": {"executed_lines": [21, 23, 24, 26, 29, 30, 33, 34, 35, 36, 37, 38, 39, 40, 41, 42, 45, 46, 49, 50, 51, 52, 55, 67, 75, 76, 79, 80, 81, 82, 84, 100, 104, 107, 110, 111, 113, 115, 125, 126, 127, 129, 141, 142, 146, 147, 150, 153, 156, 158, 171, 178, 179, 183, 184, 187, 190, 193, 196, 198, 211, 217, 219, 221, 227, 228, 229, 230, 231, 233, 240, 241, 243, 249, 251, 252, 253, 254, 256, 258, 269, 272, 275, 278, 281, 284, 287, 299, 306, 320, 329, 330, 332, 334, 335, 337, 338, 339, 340, 342, 345, 352, 353, 359, 360, 361, 365, 386, 388, 395], "summary": {"covered_lines": 110, "num_statements": 123, "percent_covered": 84.51612903225806, "percent_covered_display": "85", "missing_lines": 13, "excluded_lines": 0, "percent_statements_covered": 89.4308943089431, "percent_statements_covered_display": "89", "num_branches": 32, "num_partial_branches": 11, "covered_branches": 21, "missing_branches": 11, "percent_branches_covered": 65.625, "percent_branches_covered_display": "66"}, "missing_lines": [101, 218, 250, 270, 273, 276, 279, 282, 285, 312, 371, 372, 374], "excluded_lines": [], "executed_branches": [[100, 104], [110, 111], [217, 219], [228, 229], [228, 231], [229, 230], [249, 251], [251, 252], [251, 253], [253, 254], [253, 256], [269, 272], [272, 275], [275, 278], [278, 281], [281, 284], [284, -258], [337, 338], [337, 339], [339, 340], [339, 342]], "missing_branches": [[100, 101], [110, 113], [217, 218], [229, 228], [249, 250], [269, 270], [272, 273], [275, 276], [278, 279], [281, 282], [284, 285]], "functions": {"OptimizedKernelComputer.__init__": {"executed_lines": [75, 76, 79, 80, 81, 82], "summary": {"covered_lines": 6, "num_statements": 6, "percent_covered": 100.0, "percent_covered_display": "100", "missing_lines": 0, "excluded_lines": 0, "percent_statements_covered": 100.0, "percent_statements_covered_display": "100", "num_branches": 0, "num_partial_branches": 0, "covered_branches": 0, "missing_branches": 0, "percent_branches_covered": 100.0, "percent_branches_covered_display": "100"}, "missing_lines": [], "excluded_lines": [], "start_line": 67, "executed_branches": [], "missing_branches": []}, "OptimizedKernelComputer.compute": {"executed_lines": [100, 104, 107, 110, 111, 113], "summary": {"covered_lines": 6, "num_statements": 7, "percent_covered": 72.72727272727273, "percent_covered_display": "73", "missing_lines": 1, "excluded_lines": 0, "percent_statements_covered": 85.71428571428571, "percent_statements_covered_display": "86", "num_branches": 4, "num_partial_branches": 2, "covered_branches": 2, "missing_branches": 2, "percent_branches_covered": 50.0, "percent_branches_covered_display": "50"}, "missing_lines": [101], "excluded_lines": [], "start_line": 84, "executed_branches": [[100, 104], [110, 111]], "missing_branches": [[100, 101], [110, 113]]}, "OptimizedKernelComputer._check_homogeneity": {"executed_lines": [125, 126, 127], "summary": {"covered_lines": 3, "num_statements": 3, "percent_covered": 100.0, "percent_covered_display": "100", "missing_lines": 0, "excluded_lines": 0, "percent_statements_covered": 100.0, "percent_statements_covered_display": "100", "num_branches": 0, "num_partial_branches": 0, "covered_branches": 0, "missing_branches": 0, "percent_branches_covered": 100.0, "percent_branches_covered_display": "100"}, "missing_lines": [], "excluded_lines": [], "start_line": 115, "executed_branches": [], "missing_branches": []}, "OptimizedKernelComputer._compute_homogeneous": {"executed_lines": [141, 142, 146, 147, 150, 153, 156, 158], "summary": {"covered_lines": 8, "num_statements": 8, "percent_covered": 100.0, "percent_covered_display": "100", "missing_lines": 0, "excluded_lines": 0, "percent_statements_covered": 100.0, "percent_statements_covered_display": "100", "num_branches": 0, "num_partial_branches": 0, "covered_branches": 0, "missing_branches": 0, "percent_branches_covered": 100.0, "percent_branches_covered_display": "100"}, "missing_lines": [], "excluded_lines": [], "start_line": 129, "executed_branches": [], "missing_branches": []}, "OptimizedKernelComputer._compute_heterogeneous": {"executed_lines": [178, 179, 183, 184, 187, 190, 193, 196, 198], "summary": {"covered_lines": 9, "num_statements": 9, "percent_covered": 100.0, "percent_covered_display": "100", "missing_lines": 0, "excluded_lines": 0, "percent_statements_covered": 100.0, "percent_statements_covered_display": "100", "num_branches": 0, "num_partial_branches": 0, "covered_branches": 0, "missing_branches": 0, "percent_branches_covered": 100.0, "percent_branches_covered_display": "100"}, "missing_lines": [], "excluded_lines": [], "start_line": 171, "executed_branches": [], "missing_branches": []}, "OptimizedKernelComputer._bernoulli_entropy": {"executed_lines": [217, 219], "summary": {"covered_lines": 2, "num_statements": 3, "percent_covered": 60.0, "percent_covered_display": "60", "missing_lines": 1, "excluded_lines": 0, "percent_statements_covered": 66.66666666666667, "percent_statements_covered_display": "67", "num_branches": 2, "num_partial_branches": 1, "covered_branches": 1, "missing_branches": 1, "percent_branches_covered": 50.0, "percent_branches_covered_display": "50"}, "missing_lines": [218], "excluded_lines": [], "start_line": 211, "executed_branches": [[217, 219]], "missing_branches": [[217, 218]]}, "OptimizedKernelComputer._compute_entropy": {"executed_lines": [227, 228, 229, 230, 231], "summary": {"covered_lines": 5, "num_statements": 5, "percent_covered": 88.88888888888889, "percent_covered_display": "89", "missing_lines": 0, "excluded_lines": 0, "percent_statements_covered": 100.0, "percent_statements_covered_display": "100", "num_branches": 4, "num_partial_branches": 1, "covered_branches": 3, "missing_branches": 1, "percent_branches_covered": 75.0, "percent_branches_covered_display": "75"}, "missing_lines": [], "excluded_lines": [], "start_line": 221, "executed_branches": [[228, 229], [228, 231], [229, 230]], "missing_branches": [[229, 228]]}, "OptimizedKernelComputer._compute_curvature": {"executed_lines": [240, 241], "summary": {"covered_lines": 2, "num_statements": 2, "percent_covered": 100.0, "percent_covered_display": "100", "missing_lines": 0, "excluded_lines": 0, "percent_statements_covered": 100.0, "percent_statements_covered_display": "100", "num_branches": 0, "num_partial_branches": 0, "covered_branches": 0, "missing_branches": 0, "percent_branches_covered": 100.0, "percent_branches_covered_display": "100"}, "missing_lines": [], "excluded_lines": [], "start_line": 233, "executed_branches": [], "missing_branches": []}, "OptimizedKernelComputer._classify_heterogeneity": {"executed_lines": [249, 251, 252, 253, 254, 256], "summary": {"covered_lines": 6, "num_statements": 7, "percent_covered": 84.61538461538461, "percent_covered_display": "85", "missing_lines": 1, "excluded_lines": 0, "percent_statements_covered": 85.71428571428571, "percent_statements_covered_display": "86", "num_branches": 6, "num_partial_branches": 1, "covered_branches": 5, "missing_branches": 1, "percent_branches_covered": 83.33333333333333, "percent_branches_covered_display": "83"}, "missing_lines": [250], "excluded_lines": [], "start_line": 243, "executed_branches": [[249, 251], [251, 252], [251, 253], [253, 254], [253, 256]], "missing_branches": [[249, 250]]}, "OptimizedKernelComputer._validate_outputs": {"executed_lines": [269, 272, 275, 278, 281, 284], "summary": {"covered_lines": 6, "num_statements": 12, "percent_covered": 50.0, "percent_covered_display": "50", "missing_lines": 6, "excluded_lines": 0, "percent_statements_covered": 50.0, "percent_statements_covered_display": "50", "num_branches": 12, "num_partial_branches": 6, "covered_branches": 6, "missing_branches": 6, "percent_branches_covered": 50.0, "percent_branches_covered_display": "50"}, "missing_lines": [270, 273, 276, 279, 282, 285], "excluded_lines": [], "start_line": 258, "executed_branches": [[269, 272], [272, 275], [275, 278], [278, 281], [281, 284], [284, -258]], "missing_branches": [[269, 270], [272, 273], [275, 276], [278, 279], [281, 282], [284, 285]]}, "OptimizedKernelComputer.propagate_coordinate_error": {"executed_lines": [299], "summary": {"covered_lines": 1, "num_statements": 1, "percent_covered": 100.0, "percent_covered_display": "100", "missing_lines": 0, "excluded_lines": 0, "percent_statements_covered": 100.0, "percent_statements_covered_display": "100", "num_branches": 0, "num_partial_branches": 0, "covered_branches": 0, "missing_branches": 0, "percent_branches_covered": 100.0, "percent_branches_covered_display": "100"}, "missing_lines": [], "excluded_lines": [], "start_line": 287, "executed_branches": [], "missing_branches": []}, "OptimizedKernelComputer.propagate_weight_error": {"executed_lines": [], "summary": {"covered_lines": 0, "num_statements": 1, "percent_covered": 0.0, "percent_covered_display": "0", "missing_lines": 1, "excluded_lines": 0, "percent_statements_covered": 0.0, "percent_statements_covered_display": "0", "num_branches": 0, "num_partial_branches": 0, "covered_branches": 0, "missing_branches": 0, "percent_branches_covered": 100.0, "percent_branches_covered_display": "100"}, "missing_lines": [312], "excluded_lines": [], "start_line": 306, "executed_branches": [], "missing_branches": []}, "CoherenceAnalyzer.compute_coherence_proxy": {"executed_lines": [332], "summary": {"covered_lines": 1, "num_statements": 1, "percent_covered": 100.0, "percent_covered_display": "100", "missing_lines": 0, "excluded_lines": 0, "percent_statements_covered": 100.0, "percent_statements_covered_display": "100", "num_branches": 0, "num_partial_branches": 0, "covered_branches": 0, "missing_branches": 0, "percent_branches_covered": 100.0, "percent_branches_covered_display": "100"}, "missing_lines": [], "excluded_lines": [], "start_line": 330, "executed_branches": [], "missing_branches": []}, "CoherenceAnalyzer.classify_coherence": {"executed_lines": [337, 338, 339, 340, 342], "summary": {"covered_lines": 5, "num_statements": 5, "percent_covered": 100.0, "percent_covered_display": "100", "missing_lines": 0, "excluded_lines": 0, "percent_statements_covered": 100.0, "percent_statements_covered_display": "100", "num_branches": 4, "num_partial_branches": 0, "covered_branches": 4, "missing_branches": 0, "percent_branches_covered": 100.0, "percent_branches_covered_display": "100"}, "missing_lines": [], "excluded_lines": [], "start_line": 335, "executed_branches": [[337, 338], [337, 339], [339, 340], [339, 342]], "missing_branches": []}, "ThresholdCalibrator.calibrate_omega_threshold": {"executed_lines": [359, 360, 361], "summary": {"covered_lines": 3, "num_statements": 3, "percent_covered": 100.0, "percent_covered_display": "100", "missing_lines": 0, "excluded_lines": 0, "percent_statements_covered": 100.0, "percent_statements_covered_display": "100", "num_branches": 0, "num_partial_branches": 0, "covered_branches": 0, "missing_branches": 0, "percent_branches_covered": 100.0, "percent_branches_covered_display": "100"}, "missing_lines": [], "excluded_lines": [], "start_line": 353, "executed_branches": [], "missing_branches": []}, "compute_kernel_outputs": {"executed_lines": [], "summary": {"covered_lines": 0, "num_statements": 3, "percent_covered": 0.0, "percent_covered_display": "0", "missing_lines": 3, "excluded_lines": 0, "percent_statements_covered": 0.0, "percent_statements_covered_display": "0", "num_branches": 0, "num_partial_branches": 0, "covered_branches": 0, "missing_branches": 0, "percent_branches_covered": 100.0, "percent_branches_covered_display": "100"}, "missing_lines": [371, 372, 374], "excluded_lines": [], "start_line": 365, "executed_branches": [], "missing_branches": []}, "validate_kernel_bounds": {"executed_lines": [388, 395], "summary": {"covered_lines": 2, "num_statements": 2, "percent_covered": 100.0, "percent_covered_display": "100", "missing_lines": 0, "excluded_lines": 0, "percent_statements_covered": 100.0, "percent_statements_covered_display": "100", "num_branches": 0, "num_partial_branches": 0, "covered_branches": 0, "missing_branches": 0, "percent_branches_covered": 100.0, "percent_branches_covered_display": "100"}, "missing_lines": [], "excluded_lines": [], "start_line": 386, "executed_branches": [], "missing_branches": []}, "": {"executed_lines": [21, 23, 24, 26, 29, 30, 33, 34, 35, 36, 37, 38, 39, 40, 41, 42, 45, 46, 49, 50, 51, 52, 55, 67, 84, 115, 129, 171, 211, 221, 233, 243, 258, 287, 306, 320, 329, 330, 334, 335, 345, 352, 353, 365, 386], "summary": {"covered_lines": 45, "num_statements": 45, "percent_covered": 100.0, "percent_covered_display": "100", "missing_lines": 0, "excluded_lines": 0, "percent_statements_covered": 100.0, "percent_statements_covered_display": "100", "num_branches": 0, "num_partial_branches": 0, "covered_branches": 0, "missing_branches": 0, "percent_branches_covered": 100.0, "percent_branches_covered_display": "100"}, "missing_lines": [], "excluded_lines": [], "start_line": 1, "executed_branches": [], "missing_branches": []}}, "classes": {"KernelOutputs": {"executed_lines": [], "summary": {"covered_lines": 0, "num_statements": 0, "percent_covered": 100.0, "percent_covered_display": "100", "missing_lines": 0, "excluded_lines": 0, "percent_statements_covered": 100.0, "percent_statements_covered_display": "100", "num_branches": 0, "num_partial_branches": 0, "covered_branches": 0, "missing_branches": 0, "percent_branches_covered": 100.0, "percent_branches_covered_display": "100"}, "missing_lines": [], "excluded_lines": [], "start_line": 30, "executed_branches": [], "missing_branches": []}, "ErrorBounds": {"executed_lines": [], "summary": {"covered_lines": 0, "num_statements": 0, "percent_covered": 100.0, "percent_covered_display": "100", "missing_lines": 0, "excluded_lines": 0, "percent_statements_covered": 100.0, "percent_statements_covered_display": "100", "num_branches": 0, "num_partial_branches": 0, "covered_branches": 0, "missing_branches": 0, "percent_branches_covered": 100.0, "percent_branches_covered_display": "100"}, "missing_lines": [], "excluded_lines": [], "start_line": 46, "executed_branches": [], "missing_branches": []}, "OptimizedKernelComputer": {"executed_lines": [75, 76, 79, 80, 81, 82, 100, 104, 107, 110, 111, 113, 125, 126, 127, 141, 142, 146, 147, 150, 153, 156, 158, 178, 179, 183, 184, 187, 190, 193, 196, 198, 217, 219, 227, 228, 229, 230, 231, 240, 241, 249, 251, 252, 253, 254, 256, 269, 272, 275, 278, 281, 284, 299], "summary": {"covered_lines": 54, "num_statements": 64, "percent_covered": 77.17391304347827, "percent_covered_display": "77", "missing_lines": 10, "excluded_lines": 0, "percent_statements_covered": 84.375, "percent_statements_covered_display": "84", "num_branches": 28, "num_partial_branches": 11, "covered_branches": 17, "missing_branches": 11, "percent_branches_covered": 60.714285714285715, "percent_branches_covered_display": "61"}, "missing_lines": [101, 218, 250, 270, 273, 276, 279, 282, 285, 312], "excluded_lines": [], "start_line": 55, "executed_branches": [[100, 104], [110, 111], [217, 219], [228, 229], [228, 231], [229, 230], [249, 251], [251, 252], [251, 253], [253, 254], [253, 256], [269, 272], [272, 275], [275, 278], [278, 281], [281, 284], [284, -258]], "missing_branches": [[100, 101], [110, 113], [217, 218], [229, 228], [249, 250], [269, 270], [272, 273], [275, 276], [278, 279], [281, 282], [284, 285]]}, "CoherenceAnalyzer": {"executed_lines": [332, 337, 338, 339, 340, 342], "summary": {"covered_lines": 6, "num_statements": 6, "percent_covered": 100.0, "percent_covered_display": "100", "missing_lines": 0, "excluded_lines": 0, "percent_statements_covered": 100.0, "percent_statements_covered_display": "100", "num_branches": 4, "num_partial_branches": 0, "covered_branches": 4, "missing_branches": 0, "percent_branches_covered": 100.0, "percent_branches_covered_display": "100"}, "missing_lines": [], "excluded_lines": [], "start_line": 320, "executed_branches": [[337, 338], [337, 339], [339, 340], [339, 342]], "missing_branches": []}, "ThresholdCalibrator": {"executed_lines": [359, 360, 361], "summary": {"covered_lines": 3, "num_statements": 3, "percent_covered": 100.0, "percent_covered_display": "100", "missing_lines": 0, "excluded_lines": 0, "percent_statements_covered": 100.0, "percent_statements_covered_display": "100", "num_branches": 0, "num_partial_branches": 0, "covered_branches": 0, "missing_branches": 0, "percent_branches_covered": 100.0, "percent_branches_covered_display": "100"}, "missing_lines": [], "excluded_lines": [], "start_line": 345, "executed_branches": [], "missing_branches": []}, "": {"executed_lines": [21, 23, 24, 26, 29, 30, 33, 34, 35, 36, 37, 38, 39, 40, 41, 42, 45, 46, 49, 50, 51, 52, 55, 67, 84, 115, 129, 171, 211, 221, 233, 243, 258, 287, 306, 320, 329, 330, 334, 335, 345, 352, 353, 365, 386, 388, 395], "summary": {"covered_lines": 47, "num_statements": 50, "percent_covered": 94.0, "percent_covered_display": "94", "missing_lines": 3, "excluded_lines": 0, "percent_statements_covered": 94.0, "percent_statements_covered_display": "94", "num_branches": 0, "num_partial_branches": 0, "covered_branches": 0, "missing_branches": 0, "percent_branches_covered": 100.0, "percent_branches_covered_display": "100"}, "missing_lines": [371, 372, 374], "excluded_lines": [], "start_line": 1, "executed_branches": [], "missing_branches": []}}}, "src/umcp/logging_utils.py": {"executed_lines": [11, 13, 14, 15, 16, 17, 18, 19, 20, 21, 22, 25, 26, 27, 29, 34, 35, 38, 39, 40, 41, 42, 43, 45, 47, 48, 49, 50, 52, 54, 58, 59, 60, 61, 62, 65, 73, 80, 81, 82, 83, 86, 89, 90, 92, 93, 95, 102, 104, 106, 107, 109, 110, 112, 113, 115, 116, 118, 119, 121, 122, 124, 125, 135, 136, 138, 139, 140, 141, 142, 149, 151, 152, 153, 156, 159, 160, 168, 169, 170, 173, 174, 176, 179, 182, 183, 189, 190, 191, 199, 200, 201, 202, 203, 212, 213, 214, 215, 216, 220, 226, 227, 228, 235, 237, 238, 239, 242, 246, 249, 262, 263, 264], "summary": {"covered_lines": 113, "num_statements": 122, "percent_covered": 91.78082191780823, "percent_covered_display": "92", "missing_lines": 9, "excluded_lines": 0, "percent_statements_covered": 92.62295081967213, "percent_statements_covered_display": "93", "num_branches": 24, "num_partial_branches": 3, "covered_branches": 21, "missing_branches": 3, "percent_branches_covered": 87.5, "percent_branches_covered_display": "88"}, "missing_lines": [30, 31, 207, 208, 209, 221, 222, 223, 240], "excluded_lines": [], "executed_branches": [[58, 59], [58, 60], [60, 61], [60, 62], [92, 93], [92, 95], [152, 153], [169, 170], [169, 173], [173, 174], [173, 176], [201, 202], [201, 212], [214, 215], [214, 226], [226, 227], [237, 238], [237, 239], [239, 242], [262, 263], [262, 264]], "missing_branches": [[152, -124], [226, 235], [239, 240]], "functions": {"PerformanceMetrics.finish": {"executed_lines": [47, 48, 49, 50], "summary": {"covered_lines": 4, "num_statements": 4, "percent_covered": 100.0, "percent_covered_display": "100", "missing_lines": 0, "excluded_lines": 0, "percent_statements_covered": 100.0, "percent_statements_covered_display": "100", "num_branches": 0, "num_partial_branches": 0, "covered_branches": 0, "missing_branches": 0, "percent_branches_covered": 100.0, "percent_branches_covered_display": "100"}, "missing_lines": [], "excluded_lines": [], "start_line": 45, "executed_branches": [], "missing_branches": []}, "PerformanceMetrics.to_dict": {"executed_lines": [54, 58, 59, 60, 61, 62], "summary": {"covered_lines": 6, "num_statements": 6, "percent_covered": 100.0, "percent_covered_display": "100", "missing_lines": 0, "excluded_lines": 0, "percent_statements_covered": 100.0, "percent_statements_covered_display": "100", "num_branches": 4, "num_partial_branches": 0, "covered_branches": 4, "missing_branches": 0, "percent_branches_covered": 100.0, "percent_branches_covered_display": "100"}, "missing_lines": [], "excluded_lines": [], "start_line": 52, "executed_branches": [[58, 59], [58, 60], [60, 61], [60, 62]], "missing_branches": []}, "StructuredLogger.__init__": {"executed_lines": [80, 81, 82, 83, 86, 89, 90, 92, 93, 95, 102], "summary": {"covered_lines": 11, "num_statements": 11, "percent_covered": 100.0, "percent_covered_display": "100", "missing_lines": 0, "excluded_lines": 0, "percent_statements_covered": 100.0, "percent_statements_covered_display": "100", "num_branches": 2, "num_partial_branches": 0, "covered_branches": 2, "missing_branches": 0, "percent_branches_covered": 100.0, "percent_branches_covered_display": "100"}, "missing_lines": [], "excluded_lines": [], "start_line": 73, "executed_branches": [[92, 93], [92, 95]], "missing_branches": []}, "StructuredLogger._log": {"executed_lines": [106, 107], "summary": {"covered_lines": 2, "num_statements": 2, "percent_covered": 100.0, "percent_covered_display": "100", "missing_lines": 0, "excluded_lines": 0, "percent_statements_covered": 100.0, "percent_statements_covered_display": "100", "num_branches": 0, "num_partial_branches": 0, "covered_branches": 0, "missing_branches": 0, "percent_branches_covered": 100.0, "percent_branches_covered_display": "100"}, "missing_lines": [], "excluded_lines": [], "start_line": 104, "executed_branches": [], "missing_branches": []}, "StructuredLogger.debug": {"executed_lines": [110], "summary": {"covered_lines": 1, "num_statements": 1, "percent_covered": 100.0, "percent_covered_display": "100", "missing_lines": 0, "excluded_lines": 0, "percent_statements_covered": 100.0, "percent_statements_covered_display": "100", "num_branches": 0, "num_partial_branches": 0, "covered_branches": 0, "missing_branches": 0, "percent_branches_covered": 100.0, "percent_branches_covered_display": "100"}, "missing_lines": [], "excluded_lines": [], "start_line": 109, "executed_branches": [], "missing_branches": []}, "StructuredLogger.info": {"executed_lines": [113], "summary": {"covered_lines": 1, "num_statements": 1, "percent_covered": 100.0, "percent_covered_display": "100", "missing_lines": 0, "excluded_lines": 0, "percent_statements_covered": 100.0, "percent_statements_covered_display": "100", "num_branches": 0, "num_partial_branches": 0, "covered_branches": 0, "missing_branches": 0, "percent_branches_covered": 100.0, "percent_branches_covered_display": "100"}, "missing_lines": [], "excluded_lines": [], "start_line": 112, "executed_branches": [], "missing_branches": []}, "StructuredLogger.warning": {"executed_lines": [
[...]
splay": "100", "num_branches": 0, "num_partial_branches": 0, "covered_branches": 0, "missing_branches": 0, "percent_branches_covered": 100.0, "percent_branches_covered_display": "100"}, "missing_lines": [], "excluded_lines": [], "start_line": 205, "executed_branches": [], "missing_branches": []}, "ledger_change_sensitivity": {"executed_lines": [234], "summary": {"covered_lines": 1, "num_statements": 1, "percent_covered": 100.0, "percent_covered_display": "100", "missing_lines": 0, "excluded_lines": 0, "percent_statements_covered": 100.0, "percent_statements_covered_display": "100", "num_branches": 0, "num_partial_branches": 0, "covered_branches": 0, "missing_branches": 0, "percent_branches_covered": 100.0, "percent_branches_covered_display": "100"}, "missing_lines": [], "excluded_lines": [], "start_line": 216, "executed_branches": [], "missing_branches": []}, "": {"executed_lines": [19, 21, 22, 24, 25, 28, 31, 32, 33, 34, 35, 38, 39, 42, 43, 44, 45, 46, 49, 50, 53, 54, 57, 58, 61, 62, 65, 66, 70, 87, 142, 180, 205, 216], "summary": {"covered_lines": 34, "num_statements": 34, "percent_covered": 100.0, "percent_covered_display": "100", "missing_lines": 0, "excluded_lines": 27, "percent_statements_covered": 100.0, "percent_statements_covered_display": "100", "num_branches": 0, "num_partial_branches": 0, "covered_branches": 0, "missing_branches": 0, "percent_branches_covered": 100.0, "percent_branches_covered_display": "100"}, "missing_lines": [], "excluded_lines": [237, 239, 240, 241, 244, 246, 247, 248, 249, 250, 251, 254, 255, 256, 257, 258, 259, 262, 263, 264, 265, 266, 267, 268, 269, 272, 273], "start_line": 1, "executed_branches": [], "missing_branches": []}}, "classes": {"KernelGradients": {"executed_lines": [], "summary": {"covered_lines": 0, "num_statements": 0, "percent_covered": 100.0, "percent_covered_display": "100", "missing_lines": 0, "excluded_lines": 0, "percent_statements_covered": 100.0, "percent_statements_covered_display": "100", "num_branches": 0, "num_partial_branches": 0, "covered_branches": 0, "missing_branches": 0, "percent_branches_covered": 100.0, "percent_branches_covered_display": "100"}, "missing_lines": [], "excluded_lines": [], "start_line": 28, "executed_branches": [], "missing_branches": []}, "UncertaintyBounds": {"executed_lines": [51, 55, 59, 63, 67], "summary": {"covered_lines": 5, "num_statements": 5, "percent_covered": 100.0, "percent_covered_display": "100", "missing_lines": 0, "excluded_lines": 0, "percent_statements_covered": 100.0, "percent_statements_covered_display": "100", "num_branches": 0, "num_partial_branches": 0, "covered_branches": 0, "missing_branches": 0, "percent_branches_covered": 100.0, "percent_branches_covered_display": "100"}, "missing_lines": [], "excluded_lines": [], "start_line": 39, "executed_branches": [], "missing_branches": []}, "": {"executed_lines": [19, 21, 22, 24, 25, 28, 31, 32, 33, 34, 35, 38, 39, 42, 43, 44, 45, 46, 49, 50, 53, 54, 57, 58, 61, 62, 65, 66, 70, 83, 84, 87, 108, 109, 112, 115, 118, 121, 126, 127, 128, 131, 133, 142, 162, 165, 166, 167, 168, 169, 171, 180, 201, 202, 205, 213, 216, 234], "summary": {"covered_lines": 58, "num_statements": 58, "percent_covered": 100.0, "percent_covered_display": "100", "missing_lines": 0, "excluded_lines": 27, "percent_statements_covered": 100.0, "percent_statements_covered_display": "100", "num_branches": 0, "num_partial_branches": 0, "covered_branches": 0, "missing_branches": 0, "percent_branches_covered": 100.0, "percent_branches_covered_display": "100"}, "missing_lines": [], "excluded_lines": [237, 239, 240, 241, 244, 246, 247, 248, 249, 250, 251, 254, 255, 256, 257, 258, 259, 262, 263, 264, 265, 266, 267, 268, 269, 272, 273], "start_line": 1, "executed_branches": [], "missing_branches": []}}}, "src/umcp/validator.py": {"executed_lines": [22, 24, 25, 26, 27, 28, 30, 32, 33, 38, 39, 42, 54, 61, 62, 63, 64, 65, 66, 71, 72, 73, 74, 76, 83, 84, 85, 88, 91, 92, 93, 94, 97, 98, 99, 102, 104, 112, 114, 133, 134, 135, 136, 138, 140, 142, 143, 144, 145, 146, 159, 161, 162, 163, 165, 166, 167, 168, 170, 171, 172, 174, 176, 177, 178, 180, 181, 182, 183, 185, 186, 187, 189, 191, 192, 193, 195, 196, 198, 199, 200, 202, 204, 205, 206, 207, 208, 210, 211, 212, 214, 215, 217, 220, 221, 222, 224, 226, 227, 228, 229, 230, 232, 233, 234, 236, 237, 240, 242, 243, 246, 247, 248, 249, 251, 253, 254, 255, 256, 257, 259, 260, 261, 263, 264, 265, 266, 267, 268, 269, 272, 273, 276, 279, 280, 281, 283, 286, 287, 288, 295, 296, 298, 300, 301, 303, 305, 306, 307, 308, 309, 311, 312, 313, 314, 316, 317, 318, 320, 321, 323, 324, 325, 326, 328, 329, 332, 333, 334, 335, 337, 339, 340, 347, 348, 350, 357, 358, 359, 360, 364, 373, 374, 376, 377, 379, 380, 382, 383, 386, 389, 392, 394, 395, 396, 399, 400, 401, 402, 404, 405, 407, 409, 410, 412, 413, 414, 417, 427], "summary": {"covered_lines": 209, "num_statements": 229, "percent_covered": 88.29431438127091, "percent_covered_display": "88", "missing_lines": 20, "excluded_lines": 0, "percent_statements_covered": 91.26637554585153, "percent_statements_covered_display": "91", "num_branches": 70, "num_partial_branches": 9, "covered_branches": 55, "missing_branches": 15, "percent_branches_covered": 78.57142857142857, "percent_branches_covered_display": "79"}, "missing_lines": [34, 35, 67, 69, 148, 149, 150, 151, 152, 153, 154, 155, 156, 157, 218, 274, 290, 344, 384, 390], "excluded_lines": [], "executed_branches": [[61, 62], [61, 71], [63, 64], [64, 65], [133, -112], [133, 134], [135, 136], [135, 138], [142, 143], [142, 144], [144, 145], [165, 166], [165, 167], [167, 168], [167, 170], [180, 181], [180, 182], [182, 183], [182, 185], [195, 196], [195, 198], [210, 211], [210, 214], [217, 220], [232, 233], [232, 236], [242, 243], [242, 246], [259, 260], [259, 263], [273, 276], [280, 281], [280, 283], [287, 288], [295, 296], [295, 298], [316, 317], [316, 320], [332, 333], [332, 334], [334, 335], [334, 337], [339, 340], [376, 377], [376, 409], [379, 380], [379, 382], [383, 386], [389, 392], [394, 395], [394, 399], [404, 405], [404, 407], [409, 410], [409, 412]], "missing_branches": [[63, 69], [64, 67], [144, 148], [150, 151], [150, 157], [152, 153], [152, 154], [154, 150], [154, 155], [217, 218], [273, 274], [287, 290], [339, 344], [383, 384], [389, 390]], "functions": {"RootFileValidator.__init__": {"executed_lines": [61, 62, 63, 64, 65, 66, 71, 72, 73, 74], "summary": {"covered_lines": 10, "num_statements": 12, "percent_covered": 77.77777777777777, "percent_covered_display": "78", "missing_lines": 2, "excluded_lines": 0, "percent_statements_covered": 83.33333333333333, "percent_statements_covered_display": "83", "num_branches": 6, "num_partial_branches": 2, "covered_branches": 4, "missing_branches": 2, "percent_branches_covered": 66.66666666666667, "percent_branches_covered_display": "67"}, "missing_lines": [67, 69], "excluded_lines": [], "start_line": 54, "executed_branches": [[61, 62], [61, 71], [63, 64], [64, 65]], "missing_branches": [[63, 69], [64, 67]]}, "RootFileValidator.validate_all": {"executed_lines": [83, 84, 85, 88, 91, 92, 93, 94, 97, 98, 99, 102, 104], "summary": {"covered_lines": 13, "num_statements": 13, "percent_covered": 100.0, "percent_covered_display": "100", "missing_lines": 0, "excluded_lines": 0, "percent_statements_covered": 100.0, "percent_statements_covered_display": "100", "num_branches": 0, "num_partial_branches": 0, "covered_branches": 0, "missing_branches": 0, "percent_branches_covered": 100.0, "percent_branches_covered_display": "100"}, "missing_lines": [], "excluded_lines": [], "start_line": 76, "executed_branches": [], "missing_branches": []}, "RootFileValidator._check_file_existence": {"executed_lines": [114, 133, 134, 135, 136, 138], "summary": {"covered_lines": 6, "num_statements": 6, "percent_covered": 100.0, "percent_covered_display": "100", "missing_lines": 0, "excluded_lines": 0, "percent_statements_covered": 100.0, "percent_statements_covered_display": "100", "num_branches": 4, "num_partial_branches": 0, "covered_branches": 4, "missing_branches": 0, "percent_branches_covered": 100.0, "percent_branches_covered_display": "100"}, "missing_lines": [], "excluded_lines": [], "start_line": 112, "executed_branches": [[133, -112], [133, 134], [135, 136], [135, 138]], "missing_branches": []}, "RootFileValidator._load_yaml": {"executed_lines": [142, 143, 144, 145, 146], "summary": {"covered_lines": 5, "num_statements": 15, "percent_covered": 32.0, "percent_covered_display": "32", "missing_lines": 10, "excluded_lines": 0, "percent_statements_covered": 33.333333333333336, "percent_statements_covered_display": "33", "num_branches": 10, "num_partial_branches": 1, "covered_branches": 3, "missing_branches": 7, "percent_branches_covered": 30.0, "percent_branches_covered_display": "30"}, "missing_lines": [148, 149, 150, 151, 152, 153, 154, 155, 156, 157], "excluded_lines": [], "start_line": 140, "executed_branches": [[142, 143], [142, 144], [144, 145]], "missing_branches": [[144, 148], [150, 151], [150, 157], [152, 153], [152, 154], [154, 150], [154, 155]]}, "RootFileValidator._validate_manifest": {"executed_lines": [161, 162, 163, 165, 166, 167, 168, 170, 171, 172], "summary": {"covered_lines": 10, "num_statements": 10, "percent_covered": 100.0, "percent_covered_display": "100", "missing_lines": 0, "excluded_lines": 0, "percent_statements_covered": 100.0, "percent_statements_covered_display": "100", "num_branches": 4, "num_partial_branches": 0, "covered_branches": 4, "missing_branches": 0, "percent_branches_covered": 100.0, "percent_branches_covered_display": "100"}, "missing_lines": [], "excluded_lines": [], "start_line": 159, "executed_branches": [[165, 166], [165, 167], [167, 168], [167, 170]], "missing_branches": []}, "RootFileValidator._validate_contract": {"executed_lines": [176, 177, 178, 180, 181, 182, 183, 185, 186, 187], "summary": {"covered_lines": 10, "num_statements": 10, "percent_covered": 100.0, "percent_covered_display": "100", "missing_lines": 0, "excluded_lines": 0, "percent_statements_covered": 100.0, "percent_statements_covered_display": "100", "num_branches": 4, "num_partial_branches": 0, "covered_branches": 4, "missing_branches": 0, "percent_branches_covered": 100.0, "percent_branches_covered_display": "100"}, "missing_lines": [], "excluded_lines": [], "start_line": 174, "executed_branches": [[180, 181], [180, 182], [182, 183], [182, 185]], "missing_branches": []}, "RootFileValidator._validate_observables": {"executed_lines": [191, 192, 193, 195, 196, 198, 199, 200], "summary": {"covered_lines": 8, "num_statements": 8, "percent_covered": 100.0, "percent_covered_display": "100", "missing_lines": 0, "excluded_lines": 0, "percent_statements_covered": 100.0, "percent_statements_covered_display": "100", "num_branches": 2, "num_partial_branches": 0, "covered_branches": 2, "missing_branches": 0, "percent_branches_covered": 100.0, "percent_branches_covered_display": "100"}, "missing_lines": [], "excluded_lines": [], "start_line": 189, "executed_branches": [[195, 196], [195, 198]], "missing_branches": []}, "RootFileValidator._validate_weights": {"executed_lines": [204, 205, 206, 207, 208, 210, 211, 212, 214, 215, 217, 220, 221, 222], "summary": {"covered_lines": 14, "num_statements": 15, "percent_covered": 89.47368421052632, "percent_covered_display": "89", "missing_lines": 1, "excluded_lines": 0, "percent_statements_covered": 93.33333333333333, "percent_statements_covered_display": "93", "num_branches": 4, "num_partial_branches": 1, "covered_branches": 3, "missing_branches": 1, "percent_branches_covered": 75.0, "percent_branches_covered_display": "75"}, "missing_lines": [218], "excluded_lines": [], "start_line": 202, "executed_branches": [[210, 211], [210, 214], [217, 220]], "missing_branches": [[217, 218]]}, "RootFileValidator._validate_trace_bounds": {"executed_lines": [226, 227, 228, 229, 230, 232, 233, 234, 236, 237, 240, 242, 243, 246, 247, 248, 249], "summary": {"covered_lines": 17, "num_statements": 17, "percent_covered": 100.0, "percent_covered_display": "100", "missing_lines": 0, "excluded_lines": 0, "percent_statements_covered": 100.0, "percent_statements_covered_display": "100", "num_branches": 4, "num_partial_branches": 0, "covered_branches": 4, "missing_branches": 0, "percent_branches_covered": 100.0, "percent_branches_covered_display": "100"}, "missing_lines": [], "excluded_lines": [], "start_line": 224, "executed_branches": [[232, 233], [232, 236], [242, 243], [242, 246]], "missing_branches": []}, "RootFileValidator._validate_invariant_identities": {"executed_lines": [253, 254, 255, 256, 257, 259, 260, 261, 263, 264, 265, 266, 267, 268, 269, 272, 273, 276, 279, 280, 281, 283, 286, 287, 288, 295, 296, 298, 300, 301], "summary": {"covered_lines": 30, "num_statements": 32, "percent_covered": 90.47619047619048, "percent_covered_display": "90", "missing_lines": 2, "excluded_lines": 0, "percent_statements_covered": 93.75, "percent_statements_covered_display": "94", "num_branches": 10, "num_partial_branches": 2, "covered_branches": 8, "missing_branches": 2, "percent_branches_covered": 80.0, "percent_branches_covered_display": "80"}, "missing_lines": [274, 290], "excluded_lines": [], "start_line": 251, "executed_branches": [[259, 260], [259, 263], [273, 276], [280, 281], [280, 283], [287, 288], [295, 296], [295, 298]], "missing_branches": [[273, 274], [287, 290]]}, "RootFileValidator._validate_regime_classification": {"executed_lines": [305, 306, 307, 308, 309, 311, 312, 313, 314, 316, 317, 318, 320, 321, 323, 324, 325, 326, 328, 329, 332, 333, 334, 335, 337, 339, 340, 347, 348], "summary": {"covered_lines": 29, "num_statements": 30, "percent_covered": 94.73684210526316, "percent_covered_display": "95", "missing_lines": 1, "excluded_lines": 0, "percent_statements_covered": 96.66666666666667, "percent_statements_covered_display": "97", "num_branches": 8, "num_partial_branches": 1, "covered_branches": 7, "missing_branches": 1, "percent_branches_covered": 87.5, "percent_branches_covered_display": "88"}, "missing_lines": [344], "excluded_lines": [], "start_line": 303, "executed_branches": [[316, 317], [316, 320], [332, 333], [332, 334], [334, 335], [334, 337], [339, 340]], "missing_branches": [[339, 344]]}, "RootFileValidator._validate_checksums": {"executed_lines": [357, 358, 359, 360, 364, 373, 374, 376, 377, 379, 380, 382, 383, 386, 389, 392, 394, 395, 396, 399, 400, 401, 402, 404, 405, 407, 409, 410, 412, 413, 414], "summary": {"covered_lines": 31, "num_statements": 33, "percent_covered": 91.48936170212765, "percent_covered_display": "91", "missing_lines": 2, "excluded_lines": 0, "percent_statements_covered": 93.93939393939394, "percent_statements_covered_display": "94", "num_branches": 14, "num_partial_branches": 2, "covered_branches": 12, "missing_branches": 2, "percent_branches_covered": 85.71428571428571, "percent_branches_covered_display": "86"}, "missing_lines": [384, 390], "excluded_lines": [], "start_line": 350, "executed_branches": [[376, 377], [376, 409], [379, 380], [379, 382], [383, 386], [389, 392], [394, 395], [394, 399], [404, 405], [404, 407], [409, 410], [409, 412]], "missing_branches": [[383, 384], [389, 390]]}, "get_root_validator": {"executed_lines": [427], "summary": {"covered_lines": 1, "num_statements": 1, "percent_covered": 100.0, "percent_covered_display": "100", "missing_lines": 0, "excluded_lines": 0, "percent_statements_covered": 100.0, "percent_statements_covered_display": "100", "num_branches": 0, "num_partial_branches": 0, "covered_branches": 0, "missing_branches": 0, "percent_branches_covered": 100.0, "percent_branches_covered_display": "100"}, "missing_lines": [], "excluded_lines": [], "start_line": 417, "executed_branches": [], "missing_branches": []}, "": {"executed_lines": [22, 24, 25, 26, 27, 28, 30, 32, 33, 38, 39, 42, 54, 76, 112, 140, 159, 174, 189, 202, 224, 251, 303, 350, 417], "summary": {"covered_lines": 25, "num_statements": 27, "percent_covered": 92.5925925925926, "percent_covered_display": "93", "missing_lines": 2, "excluded_lines": 0, "percent_statements_covered": 92.5925925925926, "percent_statements_covered_display": "93", "num_branches": 0, "num_partial_branches": 0, "covered_branches": 0, "missing_branches": 0, "percent_branches_covered": 100.0, "percent_branches_covered_display": "100"}, "missing_lines": [34, 35], "excluded_lines": [], "start_line": 1, "executed_branches": [], "missing_branches": []}}, "classes": {"RootFileValidator": {"executed_lines": [61, 62, 63, 64, 65, 66, 71, 72, 73, 74, 83, 84, 85, 88, 91, 92, 93, 94, 97, 98, 99, 102, 104, 114, 133, 134, 135, 136, 138, 142, 143, 144, 145, 146, 161, 162, 163, 165, 166, 167, 168, 170, 171, 172, 176, 177, 178, 180, 181, 182, 183, 185, 186, 187, 191, 192, 193, 195, 196, 198, 199, 200, 204, 205, 206, 207, 208, 210, 211, 212, 214, 215, 217, 220, 221, 222, 226, 227, 228, 229, 230, 232, 233, 234, 236, 237, 240, 242, 243, 246, 247, 248, 249, 253, 254, 255, 256, 257, 259, 260, 261, 263, 264, 265, 266, 267, 268, 269, 272, 273, 276, 279, 280, 281, 283, 286, 287, 288, 295, 296, 298, 300, 301, 305, 306, 307, 308, 309, 311, 312, 313, 314, 316, 317, 318, 320, 321, 323, 324, 325, 326, 328, 329, 332, 333, 334, 335, 337, 339, 340, 347, 348, 357, 358, 359, 360, 364, 373, 374, 376, 377, 379, 380, 382, 383, 386, 389, 392, 394, 395, 396, 399, 400, 401, 402, 404, 405, 407, 409, 410, 412, 413, 414], "summary": {"covered_lines": 183, "num_statements": 201, "percent_covered": 87.82287822878229, "percent_covered_display": "88", "missing_lines": 18, "excluded_lines": 0, "percent_statements_covered": 91.04477611940298, "percent_statements_covered_display": "91", "num_branches": 70, "num_partial_branches": 9, "covered_branches": 55, "missing_branches": 15, "percent_branches_covered": 78.57142857142857, "percent_branches_covered_display": "79"}, "missing_lines": [67, 69, 148, 149, 150, 151, 152, 153, 154, 155, 156, 157, 218, 274, 290, 344, 384, 390], "excluded_lines": [], "start_line": 42, "executed_branches": [[61, 62], [61, 71], [63, 64], [64, 65], [133, -112], [133, 134], [135, 136], [135, 138], [142, 143], [142, 144], [144, 145], [165, 166], [165, 167], [167, 168], [167, 170], [180, 181], [180, 182], [182, 183], [182, 185], [195, 196], [195, 198], [210, 211], [210, 214], [217, 220], [232, 233], [232, 236], [242, 243], [242, 246], [259, 260], [259, 263], [273, 276], [280, 281], [280, 283], [287, 288], [295, 296], [295, 298], [316, 317], [316, 320], [332, 333], [332, 334], [334, 335], [334, 337], [339, 340], [376, 377], [376, 409], [379, 380], [379, 382], [383, 386], [389, 392], [394, 395], [394, 399], [404, 405], [404, 407], [409, 410], [409, 412]], "missing_branches": [[63, 69], [64, 67], [144, 148], [150, 151], [150, 157], [152, 153], [152, 154], [154, 150], [154, 155], [217, 218], [273, 274], [287, 290], [339, 344], [383, 384], [389, 390]]}, "": {"executed_lines": [22, 24, 25, 26, 27, 28, 30, 32, 33, 38, 39, 42, 54, 76, 112, 140, 159, 174, 189, 202, 224, 251, 303, 350, 417, 427], "summary": {"covered_lines": 26, "num_statements": 28, "percent_covered": 92.85714285714286, "percent_covered_display": "93", "missing_lines": 2, "excluded_lines": 0, "percent_statements_covered": 92.85714285714286, "percent_statements_covered_display": "93", "num_branches": 0, "num_partial_branches": 0, "covered_branches": 0, "missing_branches": 0, "percent_branches_covered": 100.0, "percent_branches_covered_display": "100"}, "missing_lines": [34, 35], "excluded_lines": [], "start_line": 1, "executed_branches": [], "missing_branches": []}}}}, "totals": {"covered_lines": 1087, "num_statements": 1195, "percent_covered": 87.55948334466349, "percent_covered_display": "88", "missing_lines": 108, "excluded_lines": 47, "percent_statements_covered": 90.9623430962343, "percent_statements_covered_display": "91", "num_branches": 276, "num_partial_branches": 57, "covered_branches": 201, "missing_branches": 75, "percent_branches_covered": 72.82608695652173, "percent_branches_covered_display": "73"}}