{"meta": {"format": 3, "version": "7.13.1", "timestamp": "2026-01-20T01:11:36.063033", "branch_coverage": true, "show_contexts": false}, "files": {"closures/F_from_omega.py": {"executed_lines": [6, 9, 23, 24], "summary": {"covered_lines": 4, "num_statements": 4, "percent_covered": 100.0, "percent_covered_display": "100", "missing_lines": 0, "excluded_lines": 3, "percent_statements_covered": 100.0, "percent_statements_covered_display": "100", "num_branches": 0, "num_partial_branches": 0, "covered_branches": 0, "missing_branches": 0, "percent_branches_covered": 100.0, "percent_branches_covered_display": "100"}, "missing_lines": [], "excluded_lines": [27, 29, 30], "executed_branches": [], "missing_branches": [], "functions": {"compute": {"executed_lines": [23, 24], "summary": {"covered_lines": 2, "num_statements": 2, "percent_covered": 100.0, "percent_covered_display": "100", "missing_lines": 0, "excluded_lines": 0, "percent_statements_covered": 100.0, "percent_statements_covered_display": "100", "num_branches": 0, "num_partial_branches": 0, "covered_branches": 0, "missing_branches": 0, "percent_branches_covered": 100.0, "percent_branches_covered_display": "100"}, "missing_lines": [], "excluded_lines": [], "start_line": 9, "executed_branches": [], "missing_branches": []}, "": {"executed_lines": [6, 9], "summary": {"covered_lines": 2, "num_statements": 2, "percent_covered": 100.0, "percent_covered_display": "100", "missing_lines": 0, "excluded_lines": 3, "percent_statements_covered": 100.0, "percent_statements_covered_display": "100", "num_branches": 0, "num_partial_branches": 0, "covered_branches": 0, "missing_branches": 0, "percent_branches_covered": 100.0, "percent_branches_covered_display": "100"}, "missing_lines": [], "excluded_lines": [27, 29, 30], "start_line": 1, "executed_branches": [], "missing_branches": []}}, "classes": {"": {"executed_lines": [6, 9, 23, 24], "summary": {"covered_lines": 4, "num_statements": 4, "percent_covered": 100.0, "percent_covered_display": "100", "missing_lines": 0, "excluded_lines": 3, "percent_statements_covered": 100.0, "percent_statements_covered_display": "100", "num_branches": 0, "num_partial_branches": 0, "covered_branches": 0, "missing_branches": 0, "percent_branches_covered": 100.0, "percent_branches_covered_display": "100"}, "missing_lines": [], "excluded_lines": [27, 29, 30], "start_line": 1, "executed_branches": [], "missing_branches": []}}}, "closures/hello_world.py": {"executed_lines": [6, 9, 20, 21], "summary": {"covered_lines": 4, "num_statements": 4, "percent_covered": 100.0, "percent_covered_display": "100", "missing_lines": 0, "excluded_lines": 3, "percent_statements_covered": 100.0, "percent_statements_covered_display": "100", "num_branches": 0, "num_partial_branches": 0, "covered_branches": 0, "missing_branches": 0, "percent_branches_covered": 100.0, "percent_branches_covered_display": "100"}, "missing_lines": [], "excluded_lines": [24, 25, 26], "executed_branches": [], "missing_branches": [], "functions": {"compute": {"executed_lines": [20, 21], "summary": {"covered_lines": 2, "num_statements": 2, "percent_covered": 100.0, "percent_covered_display": "100", "missing_lines": 0, "excluded_lines": 0, "percent_statements_covered": 100.0, "percent_statements_covered_display": "100", "num_branches": 0, "num_partial_branches": 0, "covered_branches": 0, "missing_branches": 0, "percent_branches_covered": 100.0, "percent_branches_covered_display": "100"}, "missing_lines": [], "excluded_lines": [], "start_line": 9, "executed_branches": [], "missing_branches": []}, "": {"executed_lines": [6, 9], "summary": {"covered_lines": 2, "num_statements": 2, "percent_covered": 100.0, "percent_covered_display": "100", "missing_lines": 0, "excluded_lines": 3, "percent_statements_covered": 100.0, "percent_statements_covered_display": "100", "num_branches": 0, "num_partial_branches": 0, "covered_branches": 0, "missing_branches": 0, "percent_branches_covered": 100.0, "percent_branches_covered_display": "100"}, "missing_lines": [], "excluded_lines": [24, 25, 26], "start_line": 1, "executed_branches": [], "missing_branches": []}}, "classes": {"": {"executed_lines": [6, 9, 20, 21], "summary": {"covered_lines": 4, "num_statements": 4, "percent_covered": 100.0, "percent_covered_display": "100", "missing_lines": 0, "excluded_lines": 3, "percent_statements_covered": 100.0, "percent_statements_covered_display": "100", "num_branches": 0, "num_partial_branches": 0, "covered_branches": 0, "missing_branches": 0, "percent_branches_covered": 100.0, "percent_branches_covered_display": "100"}, "missing_lines": [], "excluded_lines": [24, 25, 26], "start_line": 1, "executed_branches": [], "missing_branches": []}}}, "src/umcp/__init__.py": {"executed_lines": [18, 20, 32, 34, 35, 38, 39, 40], "summary": {"covered_lines": 8, "num_statements": 8, "percent_covered": 100.0, "percent_covered_display": "100", "missing_lines": 0, "excluded_lines": 0, "percent_statements_covered": 100.0, "percent_statements_covered_display": "100", "num_branches": 0, "num_partial_branches": 0, "covered_branches": 0, "missing_branches": 0, "percent_branches_covered": 100.0, "percent_branches_covered_display": "100"}, "missing_lines": [], "excluded_lines": [], "executed_branches": [], "missing_branches": [], "functions": {"": {"executed_lines": [18, 20, 32, 34, 35, 38, 39, 40], "summary": {"covered_lines": 8, "num_statements": 8, "percent_covered": 100.0, "percent_covered_display": "100", "missing_lines": 0, "excluded_lines": 0, "percent_statements_covered": 100.0, "percent_statements_covered_display": "100", "num_branches": 0, "num_partial_branches": 0, "covered_branches": 0, "missing_branches": 0, "percent_branches_covered": 100.0, "percent_branches_covered_display": "100"}, "missing_lines": [], "excluded_lines": [], "start_line": 1, "executed_branches": [], "missing_branches": []}}, "classes": {"": {"executed_lines": [18, 20, 32, 34, 35, 38, 39, 40], "summary": {"covered_lines": 8, "num_statements": 8, "percent_covered": 100.0, "percent_covered_display": "100", "missing_lines": 0, "excluded_lines": 0, "percent_statements_covered": 100.0, "percent_statements_covered_display": "100", "num_branches": 0, "num_partial_branches": 0, "covered_branches": 0, "missing_branches": 0, "percent_branches_covered": 100.0, "percent_branches_covered_display": "100"}, "missing_lines": [], "excluded_lines": [], "start_line": 1, "executed_branches": [], "missing_branches": []}}}, "src/umcp/cli.py": {"executed_lines": [], "summary": {"covered_lines": 0, "num_statements": 904, "percent_covered": 0.0, "percent_covered_display": "0", "missing_lines": 904, "excluded_lines": 0, "percent_statements_covered": 0.0, "percent_statements_covered_display": "0", "num_branches": 312, "num_partial_branches": 0, "covered_branches": 0, "missing_branches": 312, "percent_branches_covered": 0.0, "percent_branches_covered_display": "0"}, "missing_lines": [1, 3, 4, 5, 6, 7, 8, 9, 10, 11, 12, 13, 14, 15, 16, 17, 19, 20, 22, 23, 29, 30, 31, 32, 35, 36, 37, 40, 41, 42, 49, 50, 51, 52, 55, 57, 58, 59, 62, 64, 67, 69, 70, 71, 72, 73, 74, 75, 76, 79, 81, 82, 83, 84, 85, 86, 89, 91, 92, 93, 95, 96, 97, 100, 103, 104, 105, 106, 107, 109, 111, 112, 114, 115, 116, 117, 118, 124, 125, 126, 127, 128, 129, 130, 131, 132, 134, 135, 140, 141, 142, 143, 144, 145, 146, 147, 148, 151, 152, 153, 154, 155, 156, 157, 158, 160, 161, 162, 163, 164, 165, 167, 169, 170, 171, 173, 175, 176, 183, 184, 185, 191, 192, 195, 197, 198, 201, 202, 203, 204, 205, 208, 210, 213, 214, 217, 219, 222, 223, 224, 225, 226, 227, 228, 229, 232, 233, 234, 235, 236, 237, 238, 241, 243, 244, 246, 249, 250, 251, 252, 253, 254, 255, 256, 259, 260, 261, 262, 263, 264, 265, 268, 269, 271, 274, 275, 276, 277, 278, 279, 280, 283, 288, 289, 292, 295, 298, 299, 309, 310, 311, 312, 313, 316, 317, 318, 320, 321, 322, 325, 326, 327, 328, 339, 342, 343, 344, 345, 356, 359, 363, 364, 365, 366, 367, 368, 379, 381, 382, 383, 384, 395, 396, 399, 407, 408, 409, 410, 413, 414, 415, 428, 429, 430, 431, 432, 433, 434, 435, 436, 437, 438, 440, 441, 442, 443, 444, 445, 446, 447, 448, 449, 450, 453, 454, 455, 456, 457, 458, 459, 460, 461, 464, 465, 466, 467, 468, 469, 470, 471, 472, 473, 474, 477, 479, 480, 481, 484, 485, 486, 487, 488, 490, 491, 497, 503, 504, 505, 506, 507, 508, 519, 521, 524, 525, 526, 529, 530, 531, 532, 533, 536, 547, 560, 565, 566, 567, 568, 574, 575, 578, 589, 590, 591, 592, 593, 594, 595, 596, 597, 598, 599, 600, 601, 602, 603, 616, 617, 619, 620, 625, 626, 627, 628, 629, 630, 631, 633, 634, 635, 636, 638, 639, 640, 641, 642, 653, 655, 656, 657, 658, 659, 660, 664, 679, 680, 681, 682, 683, 684, 685, 687, 688, 689, 690, 692, 693, 694, 695, 696, 707, 709, 710, 711, 712, 713, 714, 725, 727, 728, 729, 733, 748, 749, 750, 752, 753, 754, 755, 757, 758, 759, 760, 761, 762, 763, 765, 766, 767, 768, 769, 771, 772, 773, 774, 778, 789, 791, 792, 793, 794, 796, 798, 799, 800, 801, 802, 803, 815, 816, 817, 828, 829, 833, 846, 847, 849, 850, 851, 852, 856, 868, 869, 870, 871, 872, 873, 884, 885, 889, 905, 907, 908, 910, 912, 913, 914, 916, 919, 920, 923, 924, 926, 927, 928, 931, 933, 934, 935, 937, 942, 943, 946, 957, 960, 961, 962, 974, 975, 976, 977, 978, 990, 991, 992, 993, 994, 995, 996, 997, 998, 1008, 1009, 1012, 1013, 1014, 1015, 1016, 1017, 1018, 1019, 1020, 1021, 1031, 1032, 1035, 1036, 1037, 1038, 1050, 1051, 1052, 1053, 1054, 1055, 1056, 1057, 1069, 1070, 1080, 1081, 1084, 1085, 1086, 1087, 1089, 1095, 1096, 1097, 1098, 1110, 1111, 1112, 1113, 1114, 1124, 1125, 1126, 1127, 1130, 1134, 1135, 1136, 1137, 1138, 1139, 1140, 1143, 1145, 1146, 1148, 1149, 1152, 1153, 1154, 1155, 1156, 1159, 1162, 1163, 1164, 1167, 1168, 1169, 1170, 1173, 1174, 1175, 1176, 1177, 1178, 1179, 1190, 1195, 1196, 1197, 1198, 1199, 1200, 1201, 1212, 1217, 1218, 1219, 1220, 1221, 1222, 1223, 1233, 1235, 1239, 1240, 1241, 1242, 1243, 1244, 1245, 1246, 1248, 1249, 1250, 1251, 1252, 1253, 1254, 1265, 1270, 1271, 1272, 1273, 1276, 1277, 1278, 1279, 1280, 1281, 1282, 1283, 1284, 1286, 1289, 1290, 1291, 1292, 1293, 1294, 1296, 1298, 1299, 1302, 1303, 1304, 1305, 1306, 1307, 1318, 1323, 1324, 1325, 1326, 1327, 1328, 1329, 1330, 1331, 1332, 1343, 1348, 1349, 1350, 1351, 1352, 1353, 1354, 1355, 1366, 1371, 1372, 1373, 1374, 1375, 1376, 1377, 1378, 1389, 1394, 1395, 1405, 1407, 1410, 1412, 1415, 1416, 1417, 1418, 1421, 1422, 1425, 1426, 1427, 1428, 1430, 1470, 1472, 1473, 1474, 1475, 1476, 1477, 1478, 1479, 1480, 1481, 1482, 1483, 1486, 1487, 1488, 1489, 1491, 1502, 1503, 1504, 1506, 1508, 1514, 1516, 1517, 1518, 1520, 1521, 1522, 1523, 1524, 1525, 1528, 1530, 1532, 1533, 1535, 1538, 1541, 1542, 1543, 1544, 1545, 1548, 1558, 1559, 1560, 1561, 1562, 1563, 1564, 1566, 1567, 1569, 1572, 1579, 1582, 1584, 1585, 1586, 1588, 1589, 1590, 1591, 1592, 1593, 1595, 1596, 1597, 1598, 1601, 1602, 1603, 1604, 1605, 1606, 1609, 1610, 1611, 1612, 1613, 1616, 1617, 1618, 1619, 1620, 1621, 1623, 1624, 1625, 1626, 1627, 1628, 1631, 1632, 1633, 1634, 1635, 1636, 1637, 1640, 1641, 1642, 1643, 1644, 1645, 1646, 1649, 1650, 1651, 1652, 1654, 1655, 1656, 1658, 1659, 1660, 1661, 1662, 1663, 1664, 1665, 1666, 1667, 1668, 1669, 1672, 1673, 1675, 1676, 1677, 1678, 1679, 1680, 1681, 1682, 1683, 1684, 1685, 1687, 1688, 1689, 1690, 1692, 1694, 1696, 1698, 1699, 1700, 1701, 1702, 1703, 1706, 1708, 1709, 1711, 1712, 1714, 1717, 1719, 1720, 1722, 1723, 1725, 1728, 1730, 1731, 1732, 1733, 1734, 1736, 1738, 1739, 1742, 1743, 1744, 1745, 1746, 1747, 1749, 1750, 1751, 1752, 1753, 1754, 1755, 1756, 1757, 1759, 1760, 1761, 1762, 1763, 1764, 1765, 1766, 1767, 1768, 1770, 1772, 1775, 1776, 1777, 1779, 1781, 1782, 1783, 1784, 1785, 1786, 1787, 1789, 1790, 1791, 1792, 1793, 1794, 1796, 1797, 1798, 1799, 1800, 1802, 1803, 1804, 1805, 1807, 1810, 1812, 1813, 1814], "excluded_lines": [], "executed_branches": [], "missing_branches": [[70, 71], [70, 76], [91, 92], [91, 95], [111, 112], [111, 114], [140, 141], [140, 142], [142, 143], [142, 144], [144, 145], [144, 146], [146, 147], [146, 148], [162, 163], [162, 164], [164, 165], [164, 167], [170, 171], [170, 173], [183, 184], [183, 185], [201, 202], [201, 205], [222, 223], [222, 232], [225, 226], [225, 232], [243, 244], [243, 246], [249, 250], [249, 259], [252, 253], [252, 259], [309, 310], [309, 316], [320, 321], [320, 322], [326, 327], [326, 328], [343, 344], [343, 345], [363, 364], [363, 365], [409, 410], [409, 413], [413, -399], [413, 414], [429, 430], [429, 431], [432, 433], [432, 434], [435, 436], [435, 437], [437, 438], [437, 440], [440, 441], [440, 445], [445, 446], [445, 450], [456, 457], [456, 458], [459, 460], [459, 461], [465, 466], [465, 467], [468, 469], [468, 470], [470, 471], [470, 472], [472, 473], [472, 474], [479, 480], [479, 481], [486, 487], [486, 491], [487, 488], [487, 490], [503, 504], [503, 505], [524, 525], [524, 526], [530, 531], [530, 533], [531, 530], [531, 532], [565, 566], [565, 567], [568, 574], [568, 575], [590, 591], [590, 616], [593, 594], [593, 616], [595, 596], [595, 597], [601, 602], [601, 616], [616, 617], [616, 619], [626, 627], [626, 679], [633, 634], [633, 679], [638, 639], [638, 655], [639, 640], [639, 653], [658, 633], [658, 659], [680, 681], [680, 748], [687, 688], [687, 748], [692, 693], [692, 709], [693, 694], [693, 707], [712, 713], [712, 727], [727, 687], [727, 728], [749, -578], [749, 750], [765, -578], [765, 766], [771, 772], [771, 791], [772, 773], [772, 789], [799, 800], [799, 815], [800, 801], [800, 846], [815, 816], [815, 828], [828, 829], [828, 846], [849, 850], [849, 868], [850, 765], [850, 851], [870, 765], [870, 871], [871, 872], [871, 884], [884, 765], [884, 885], [907, 908], [907, 910], [913, 914], [913, 916], [919, 920], [919, 923], [934, 935], [934, 937], [961, 962], [961, 974], [975, 976], [975, 990], [977, 975], [977, 978], [991, 992], [991, 1012], [996, 997], [996, 1012], [997, 996], [997, 998], [1013, 1014], [1013, 1035], [1017, 1018], [1017, 1035], [1020, 1021], [1020, 1035], [1037, 1038], [1037, 1050], [1052, 1053], [1052, 1084], [1056, 1057], [1056, 1069], [1069, 1070], [1069, 1084], [1085, -946], [1085, 1086], [1095, -946], [1095, 1096], [1097, 1098], [1097, 1110], [1113, -946], [1113, 1114], [1135, 1136], [1135, 1137], [1137, 1138], [1137, 1140], [1138, 1137], [1138, 1139], [1168, 1169], [1168, 1173], [1169, 1170], [1169, 1173], [1175, 1176], [1175, 1195], [1197, 1198], [1197, 1217], [1219, 1220], [1219, 1270], [1239, 1240], [1239, 1270], [1242, 1243], [1242, 1248], [1243, 1244], [1243, 1248], [1245, 1243], [1245, 1246], [1248, 1249], [1248, 1270], [1250, 1248], [1250, 1251], [1272, 1273], [1272, 1276], [1278, 1279], [1278, 1415], [1279, 1280], [1279, 1415], [1289, 1290], [1289, 1296], [1303, 1304], [1303, 1323], [1323, 1324], [1323, 1348], [1325, 1326], [1325, 1327], [1348, 1349], [1348, 1371], [1350, 1351], [1350, 1352], [1371, 1372], [1371, 1394], [1373, 1374], [1373, 1375], [1394, 1395], [1394, 1405], [1470, 1472], [1470, 1486], [1474, 1475], [1474, 1483], [1479, 1480], [1479, 1483], [1486, 1487], [1486, 1508], [1489, 1491], [1489, 1508], [1522, 1523], [1522, 1528], [1558, 1559], [1558, 1566], [1560, 1561], [1560, 1562], [1588, 1589], [1588, 1591], [1591, 1592], [1591, 1595], [1623, 1624], [1623, 1628], [1626, 1627], [1626, 1628], [1659, 1660], [1659, 1664], [1661, 1662], [1661, 1664], [1662, 1663], [1662, 1664], [1664, 1665], [1664, 1669], [1666, 1667], [1666, 1669], [1667, 1668], [1667, 1669], [1676, 1677], [1676, 1678], [1678, 1679], [1678, 1680], [1680, 1681], [1680, 1682], [1682, 1683], [1682, 1684], [1684, 1685], [1684, 1687], [1687, 1688], [1687, 1692], [1689, 1690], [1689, 1694], [1711, 1712], [1711, 1714], [1722, 1723], [1722, 1725], [1732, 1733], [1732, 1736], [1738, 1739], [1738, 1742], [1750, 1751], [1750, 1757], [1751, 1750], [1751, 1752], [1755, 1750], [1755, 1756], [1759, 1760], [1759, 1770], [1761, 1762], [1761, 1763], [1763, 1764], [1763, 1768]], "functions": {"_get_cache_dir": {"executed_lines": [], "summary": {"covered_lines": 0, "num_statements": 3, "percent_covered": 0.0, "percent_covered_display": "0", "missing_lines": 3, "excluded_lines": 0, "percent_statements_covered": 0.0, "percent_statements_covered_display": "0", "num_branches": 0, "num_partial_branches": 0, "covered_branches": 0, "missing_branches": 0, "percent_branches_covered": 100.0, "percent_branches_covered_display": "100"}, "missing_lines": [57, 58, 59], "excluded_lines": [], "start_line": 55, "executed_branches": [], "missing_branches": []}, "_compute_file_hash": {"executed_lines": [], "summary": {"covered_lines": 0, "num_statements": 1, "percent_covered": 0.0, "percent_covered_display": "0", "missing_lines": 1, "excluded_lines": 0, "percent_statements_covered": 0.0, "percent_statements_covered_display": "0", "num_branches": 0, "num_partial_branches": 0, "covered_branches": 0, "missing_branches": 0, "percent_branches_covered": 100.0, "percent_branches_covered_display": "100"}, "missing_lines": [64], "excluded_lines": [], "start_line": 62, "executed_branches": [], "missing_branches": []}, "_load_cache_metadata": {"executed_lines": [], "summary": {"covered_lines": 0, "num_statements": 8, "percent_covered": 0.0, "percent_covered_display": "0", "missing_lines": 8, "excluded_lines": 0, "percent_statements_covered": 0.0, "percent_statements_covered_display": "0", "num_branches": 2, "num_partial_branches": 0, "covered_branches": 0, "missing_branches": 2, "percent_branches_covered": 0.0, "percent_branches_covered_display": "0"}, "missing_lines": [69, 70, 71, 72, 73, 74, 75, 76], "excluded_lines": [], "start_line": 67, "executed_branches": [], "missing_branches": [[70, 71], [70, 76]]}, "_save_cache_metadata": {"executed_lines": [], "summary": {"covered_lines": 0, "num_statements": 6, "percent_covered": 0.0, "percent_covered_display": "0", "missing_lines": 6, "excluded_lines": 0, "percent_statements_covered": 0.0, "percent_statements_covered_display": "0", "num_branches": 0, "num_partial_branches": 0, "covered_branches": 0, "missing_branches": 0, "percent_branches_covered": 100.0, "percent_branches_covered_display": "100"}, "missing_lines": [81, 82, 83, 84, 85, 86], "excluded_lines": [], "start_line": 79, "executed_branches": [], "missing_branches": []}, "_get_cached_validator": {"executed_lines": [], "summary": {"covered_lines": 0, "num_statements": 6, "percent_covered": 0.0, "percent_covered_display": "0", "missing_lines": 6, "excluded_lines": 0, "percent_statements_covered": 0.0, "percent_statements_covered_display": "0", "num_branches": 2, "num_partial_branches": 0, "covered_branches": 0, "missing_branches": 2, "percent_branches_covered": 0.0, "percent_branches_covered_display": "0"}, "missing_lines": [91, 92, 93, 95, 96, 97], "excluded_lines": [], "start_line": 89, "executed_branches": [], "missing_branches": [[91, 92], [91, 95]]}, "LazySchemaLoader.__init__": {"executed_lines": [], "summary": {"covered_lines": 0, "num_statements": 4, "percent_covered": 0.0, "percent_covered_display": "0", "missing_lines": 4, "excluded_lines": 0, "percent_statements_covered": 0.0, "percent_statements_covered_display": "0", "num_branches": 0, "num_partial_branches": 0, "covered_branches": 0, "missing_branches": 0, "percent_branches_covered": 100.0, "percent_branches_covered_display": "100"}, "missing_lines": [104, 105, 106, 107], "excluded_lines": [], "start_line": 103, "executed_branches": [], "missing_branches": []}, "LazySchemaLoader.get": {"executed_lines": [], "summary": {"covered_lines": 0, "num_statements": 7, "percent_covered": 0.0, "percent_covered_display": "0", "missing_lines": 7, "excluded_lines": 0, "percent_statements_covered": 0.0, "percent_statements_covered_display": "0", "num_branches": 2, "num_partial_branches": 0, "covered_branches": 0, "missing_branches": 2, "percent_branches_covered": 0.0, "percent_branches_covered_display": "0"}, "missing_lines": [111, 112, 114, 115, 116, 117, 118], "excluded_lines": [], "start_line": 109, "executed_branches": [], "missing_branches": [[111, 112], [111, 114]]}, "Issue.to_json": {"executed_lines": [], "summary": {"covered_lines": 0, "num_statements": 10, "percent_covered": 0.0, "percent_covered_display": "0", "missing_lines": 10, "excluded_lines": 0, "percent_statements_covered": 0.0, "percent_statements_covered_display": "0", "num_branches": 8, "num_partial_branches": 0, "covered_branches": 0, "missing_branches": 8, "percent_branches_covered": 0.0, "percent_branches_covered_display": "0"}, "missing_lines": [135, 140, 141, 142, 143, 144, 145, 146, 147, 148], "excluded_lines": [], "start_line": 134, "executed_branches": [], "missing_branches": [[140, 141], [140, 142], [142, 143], [142, 144], [144, 145], [144, 146], [146, 147], [146, 148]]}, "TargetResult.add_issue": {"executed_lines": [], "summary": {"covered_lines": 0, "num_statements": 6, "percent_covered": 0.0, "percent_covered_display": "0", "missing_lines": 6, "excluded_lines": 0, "percent_statements_covered": 0.0, "percent_statements_covered_display": "0", "num_branches": 4, "num_partial_branches": 0, "covered_branches": 0, "missing_branches": 4, "percent_branches_covered": 0.0, "percent_branches_covered_display": "0"}, "missing_lines": [161, 162, 163, 164, 165, 167], "excluded_lines": [], "start_line": 160, "executed_branches": [], "missing_branches": [[162, 163], [162, 164], [164, 165], [164, 167]]}, "TargetResult.finalize_status": {"executed_lines": [], "summary": {"covered_lines": 0, "num_statements": 3, "percent_covered": 0.0, "percent_covered_display": "0", "missing_lines": 3, "excluded_lines": 0, "percent_statements_covered": 0.0, "percent_statements_covered_display": "0", "num_branches": 2, "num_partial_branches": 0, "covered_branches": 0, "missing_branches": 2, "percent_branches_covered": 0.0, "percent_branches_covered_display": "0"}, "missing_lines": [170, 171, 173], "excluded_lines": [], "start_line": 169, "executed_branches": [], "missing_branches": [[170, 171], [170, 173]]}, "TargetResult.to_json": {"executed_lines": [], "summary": {"covered_lines": 0, "num_statements": 4, "percent_covered": 0.0, "percent_covered_display": "0", "missing_lines": 4, "excluded_lines": 0, "percent_statements_covered": 0.0, "percent_statements_covered_display": "0", "num_branches": 2, "num_partial_branches": 0, "covered_branches": 0, "missing_branches": 2, "percent_branches_covered": 0.0, "percent_branches_covered_display": "0"}, "missing_lines": [176, 183, 184, 185], "excluded_lines": [], "start_line": 175, "executed_branches": [], "missing_branches": [[183, 184], [183, 185]]}, "_utc_now_iso": {"executed_lines": [], "summary": {"covered_lines": 0, "num_statements": 1, "percent_covered": 0.0, "percent_covered_display": "0", "missing_lines": 1, "excluded_lines": 0, "percent_statements_covered": 0.0, "percent_statements_covered_display": "0", "num_branches": 0, "num_partial_branches": 0, "covered_branches": 0, "missing_branches": 0, "percent_branches_covered": 100.0, "percent_branches_covered_display": "100"}, "missing_lines": [192], "excluded_lines": [], "start_line": 191, "executed_branches": [], "missing_branches": []}, "_get_git_commit": {"executed_lines": [], "summary": {"covered_lines": 0, "num_statements": 7, "percent_covered": 0.0, "percent_covered_display": "0", "missing_lines": 7, "excluded_lines": 0, "percent_statements_covered": 0.0, "percent_statements_covered_display": "0", "num_branches": 2, "num_partial_branches": 0, "covered_branches": 0, "missing_branches": 2, "percent_branches_covered": 0.0, "percent_branches_covered_display": "0"}, "missing_lines": [197, 198, 201, 202, 203, 204, 205], "excluded_lines": [], "start_line": 195, "executed_branches": [], "missing_branches": [[201, 202], [201, 205]]}, "_get_python_version": {"executed_lines": [], "summary": {"covered_lines": 0, "num_statements": 1, "percent_covered": 0.0, "percent_covered_display": "0", "missing_lines": 1, "excluded_lines": 0, "percent_statements_covered": 0.0, "percent_statements_covered_display": "0", "num_branches": 0, "num_partial_branches": 0, "covered_branches": 0, "missing_branches": 0, "percent_branches_covered": 100.0, "percent_branches_covered_display": "100"}, "missing_lines": [210], "excluded_lines": [], "start_line": 208, "executed_branches": [], "missing_branches": []}, "_read_text": {"executed_lines": [], "summary": {"covered_lines": 0, "num_statements": 1, "percent_covered": 0.0, "percent_covered_display": "0", "missing_lines": 1, "excluded_lines": 0, "percent_statements_covered": 0.0, "percent_statements_covered_display": "0", "num_branches": 0, "num_partial_branches": 0, "covered_branches": 0, "missing_branches": 0, "percent_branches_covered": 100.0, "percent_branches_covered_display": "100"}, "missing_lines": [214], "excluded_lines": [], "start_line": 213, "executed_branches": [], "missing_branches": []}, "_load_json": {"executed_lines": [], "summary": {"covered_lines": 0, "num_statements": 16, "percent_covered": 0.0, "percent_covered_display": "0", "missing_lines": 16, "excluded_lines": 0, "percent_statements_covered": 0.0, "percent_statements_covered_display": "0", "num_branches": 4, "num_partial_branches": 0, "covered_branches": 0, "missing_branches": 4, "percent_branches_covered": 0.0, "percent_branches_covered_display": "0"}, "missing_lines": [219, 222, 223, 224, 225, 226, 227, 228, 229, 232, 233, 234, 235, 236, 237, 238], "excluded_lines": [], "start_line": 217, "executed_branches": [], "missing_branches": [[222, 223], [222, 232], [225, 226], [225, 232]]}, "_load_yaml": {"executed_lines": [], "summary": {"covered_lines": 0, "num_statements": 18, "percent_covered": 0.0, "percent_covered_display": "0", "missing_lines": 18, "excluded_lines": 0, "percent_statements_covered": 0.0, "percent_statements_covered_display": "0", "num_branches": 6, "num_partial_branches": 0, "covered_branches": 0, "missing_branches": 6, "percent_branches_covered": 0.0, "percent_branches_covered_display": "0"}, "missing_lines": [243, 244, 246, 249, 250, 251, 252, 253, 254, 255, 256, 259, 260, 261, 262, 263, 264, 265], "excluded_lines": [], "start_line": 241, "executed_branches": [], "missing_branches": [[243, 244], [243, 246], [249, 250], [249, 259], [252, 253], [252, 259]]}, "_get_resolved_path": {"executed_lines": [], "summary": {"covered_lines": 0, "num_statements": 1, "percent_covered": 0.0, "percent_covered_display": "0", "missing_lines": 1, "excluded_lines": 0, "percent_statements_covered": 0.0, "percent_statements_covered_display": "0", "num_branches": 0, "num_partial_branches": 0, "covered_branches": 0, "missing_branches": 0, "percent_branches_covered": 100.0, "percent_branches_covered_display": "100"}, "missing_lines": [271], "excluded_lines": [], "start_line": 269, "executed_branches": [], "missing_branches": []}, "_relpath": {"executed_lines": [], "summary": {"covered_lines": 0, "num_statements": 6, "percent_covered": 0.0, "percent_covered_display": "0", "missing_lines": 6, "excluded_lines": 0, "percent_statements_covered": 0.0, "percent_statements_covered_display": "0", "num_branches": 0, "num_partial_branches": 0, "covered_branches": 0, "missing_branches": 0, "percent_branches_covered": 100.0, "percent_branches_covered_display": "100"}, "missing_lines": [275, 276, 277, 278, 279, 280], "excluded_lines": [], "start_line": 274, "executed_branches": [], "missing_branches": []}, "_append_to_ledger": {"executed_lines": [], "summary": {"covered_lines": 0, "num_statements": 17, "percent_covered": 0.0, "percent_covered_display": "0", "missing_lines": 17, "excluded_lines": 0, "percent_statements_covered": 0.0, "percent_statements_covered_display": "0", "num_branches": 4, "num_partial_branches": 0, "covered_branches": 0, "missing_branches": 4, "percent_branches_covered": 0.0, "percent_branches_covered_display": "0"}, "missing_lines": [288, 289, 292, 295, 298, 299, 309, 310, 311, 312, 313, 316, 317, 318, 320, 321, 322], "excluded_lines": [], "start_line": 283, "executed_branches": [], "missing_branches": [[309, 310], [309, 316], [320, 321], [320, 322]]}, "_require_file": {"executed_lines": [], "summary": {"covered_lines": 0, "num_statements": 4, "percent_covered": 0.0, "percent_covered_display": "0", "missing_lines": 4, "excluded_lines": 0, "percent_statements_covered": 0.0, "percent_statements_covered_display": "0", "num_branches": 2, "num_partial_branches": 0, "covered_branches": 0, "missing_branches": 2, "percent_branches_covered": 0.0, "percent_branches_covered_display": "0"}, "missing_lines": [326, 327, 328, 339], "excluded_lines": [], "start_line": 325, "executed_branches": [], "missing_branches": [[326, 327], [326, 328]]}, "_require_dir": {"executed_lines": [], "summary": {"covered_lines": 0, "num_statements": 4, "percent_covered": 0.0, "percent_covered_display": "0", "missing_lines": 4, "excluded_lines": 0, "percent_statements_covered": 0.0, "percent_statements_covered_display": "0", "num_branches": 2, "num_partial_branches": 0, "covered_branches": 0, "missing_branches": 2, "percent_branches_covered": 0.0, "percent_branches_covered_display": "0"}, "missing_lines": [343, 344, 345, 356], "excluded_lines": [], "start_line": 342, "executed_branches": [], "missing_branches": [[343, 344], [343, 345]]}, "_validate_schema_json": {"executed_lines": [], "summary": {"covered_lines": 0, "num_statements": 13, "percent_covered": 0.0, "percent_covered_display": "0", "missing_lines": 13, "excluded_lines": 0, "percent_statements_covered": 0.0, "percent_statements_covered_display": "0", "num_branches": 2, "num_partial_branches": 0, "covered_branches": 0, "missing_branches": 2, "percent_branches_covered": 0.0, "percent_branches_covered_display": "0"}, "missing_lines": [363, 364, 365, 366, 367, 368, 379, 381, 382, 383, 384, 395, 396], "excluded_lines": [], "start_line": 359, "executed_branches": [], "missing_branches": [[363, 364], [363, 365]]}, "_validate_instance_against_schema": {"executed_lines": [], "summary": {"covered_lines": 0, "num_statements": 7, "percent_covered": 0.0, "percent_covered_display": "0", "missing_lines": 7, "excluded_lines": 0, "percent_statements_covered": 0.0, "percent_statements_covered_display": "0", "num_branches": 4, "num_partial_branches": 0, "covered_branches": 0, "missing_branches": 4, "percent_branches_covered": 0.0, "percent_branches_covered_display": "0"}, "missing_lines": [407, 408, 409, 410, 413, 414, 415], "excluded_lines": [], "start_line": 399, "executed_branches": [], "missing_branches": [[409, 410], [409, 413], [413, -399], [413, 414]]}, "_coerce_scalar": {"executed_lines": [], "summary": {"covered_lines": 0, "num_statements": 21, "percent_covered": 0.0, "percent_covered_display": "0", "missing_lines": 21, "excluded_lines": 0, "percent_statements_covered": 0.0, "percent_statements_covered_display": "0", "num_branches": 12, "num_partial_branches": 0, "covered_branches": 0, "missing_branches": 12, "percent_branches_covered": 0.0, "percent_branches_covered_display": "0"}, "missing_lines": [429, 430, 431, 432, 433, 434, 435, 436, 437, 438, 440, 441, 442, 443, 444, 445, 446, 447, 448, 449, 450], "excluded_lines": [], "start_line": 428, "executed_branches": [], "missing_branches": [[429, 430], [429, 431], [432, 433], [432, 434], [435, 436], [435, 437], [437, 438], [437, 440], [440, 441], [440, 445], [445, 446], [445, 450]]}, "_parse_csv_rows": {"executed_lines": [], "summary": {"covered_lines": 0, "num_statements": 8, "percent_covered": 0.0, "percent_covered_display": "0", "missing_lines": 8, "excluded_lines": 0, "percent_statements_covered": 0.0, "percent_statements_covered_display": "0", "num_branches": 4, "num_partial_branches": 0, "covered_branches": 0, "missing_branches": 4, "percent_branches_covered": 0.0, "percent_branches_covered_display": "0"}, "missing_lines": [454, 455, 456, 457, 458, 459, 460, 461], "excluded_lines": [], "start_line": 453, "executed_branches": [], "missing_branches": [[456, 457], [456, 458], [459, 460], [459, 461]]}, "_infer_psi_format": {"executed_lines": [], "summary": {"covered_lines": 0, "num_statements": 10, "percent_covered": 0.0, "percent_covered_display": "0", "missing_lines": 10, "excluded_lines": 0, "percent_statements_covered": 0.0, "percent_statements_covered_display": "0", "num_branches": 8, "num_partial_branches": 0, "covered_branches": 0, "missing_branches": 8, "percent_branches_covered": 0.0, "percent_branches_covered_display": "0"}, "missing_lines": [465, 466, 467, 468, 469, 470, 471, 472, 473, 474], "excluded_lines": [], "start_line": 464, "executed_branches": [], "missing_branches": [[465, 466], [465, 467], [468, 469], [468, 470], [470, 471], [470, 472], [472, 473], [472, 474]]}, "_close": {"executed_lines": [], "summary": {"covered_lines": 0, "num_statements": 3, "percent_covered": 0.0, "percent_covered_display": "0", "missing_lines": 3, "excluded_lines": 0, "percent_statements_covered": 0.0, "percent_statements_covered_display": "0", "num_branches": 2, "num_partial_branches": 0, "covered_branches": 0, "missing_branches": 2, "percent_branches_covered": 0.0, "percent_branches_covered_display": "0"}, "missing_lines": [479, 480, 481], "excluded_lines": [], "start_line": 477, "executed_branches": [], "missing_branches": [[479, 480], [479, 481]]}, "_dot_get": {"executed_lines": [], "summary": {"covered_lines": 0, "num_statements": 6, "percent_covered": 0.0, "percent_covered_display": "0", "missing_lines": 6, "excluded_lines": 0, "percent_statements_covered": 0.0, "percent_statements_covered_display": "0", "num_branches": 4, "num_partial_branches": 0, "covered_branches": 0, "missing_branches": 4, "percent_branches_covered": 0.0, "percent_branches_covered_display": "0"}, "missing_lines": [485, 486, 487, 488, 490, 491], "excluded_lines": [], "start_line": 484, "executed_branches": [], "missing_branches": [[486, 487], [486, 491], [487, 488], [487, 490]]}, "_load_validator_rules": {"executed_lines": [], "summary": {"covered_lines": 0, "num_statements": 11, "percent_covered": 0.0, "percent_covered_display": "0", "missing_lines": 11, "excluded_lines": 0, "percent_statements_covered": 0.0, "percent_statements_covered_display": "0", "num_branches": 4, "num_partial_branches": 0, "covered_branches": 0, "missing_branches": 4, "percent_branches_covered": 0.0, "percent_branches_covered_display": "0"}, "missing_lines": [503, 504, 505, 506, 507, 508, 519, 521, 524, 525, 526], "excluded_lines": [], "start_line": 497, "executed_branches": [], "missing_branches": [[503, 504], [503, 505], [524, 525], [524, 526]]}, "_rule_by_id": {"executed_lines": [], "summary": {"covered_lines": 0, "num_statements": 4, "percent_covered": 0.0, "percent_covered_display": "0", "missing_lines": 4, "excluded_lines": 0, "percent_statements_covered": 0.0, "percent_statements_covered_display": "0", "num_branches": 4, "num_partial_branches": 0, "covered_branches": 0, "missing_branches": 4, "percent_branches_covered": 0.0, "percent_branches_covered_display": "0"}, "missing_lines": [530, 531, 532, 533], "excluded_lines": [], "start_line": 529, "executed_branches": [], "missing_branches": [[530, 531], [530, 533], [531, 530], [531, 532]]}, "_emit_rule_issue": {"executed_lines": [], "summary": {"covered_lines": 0, "num_statements": 1, "percent_covered": 0.0, "percent_covered_display": "0", "missing_lines": 1, "excluded_lines": 0, "percent_statements_covered": 0.0, "percent_statements_covered_display": "0", "num_branches": 0, "num_partial_branches": 0, "covered_branches": 0, "missing_branches": 0, "percent_branches_covered": 100.0, "percent_branches_covered_display": "100"}, "missing_lines": [547], "excluded_lines": [], "start_line": 536, "executed_branches": [], "missing_branches": []}, "_expected_regime_label": {"executed_lines": [], "summary": {"covered_lines": 0, "num_statements": 6, "percent_covered": 0.0, "percent_covered_display": "0", "missing_lines": 6, "excluded_lines": 0, "percent_statements_covered": 0.0, "percent_statements_covered_display": "0", "num_branches": 4, "num_partial_branches": 0, "covered_branches": 0, "missing_branches": 4, "percent_branches_covered": 0.0, "percent_branches_covered_display": "0"}, "missing_lines": [565, 566, 567, 568, 574, 575], "excluded_lines": [], "start_line": 560, "executed_branches": [], "missing_branches": [[565, 566], [565, 567], [568, 574], [568, 575]]}, "_apply_semantic_rules_to_casepack": {"executed_lines": [], "summary": {"covered_lines": 0, "num_statements": 129, "percent_covered": 0.0, "percent_covered_display": "0", "missing_lines": 129, "excluded_lines": 0, "percent_statements_covered": 0.0, "percent_statements_covered_display": "0", "num_branches": 58, "num_partial_branches": 0, "covered_branches": 0, "missing_branches": 58, "percent_branches_covered": 0.0, "percent_branches_covered_display": "0"}, "missing_lines": [589, 590, 591, 592, 593, 594, 595, 596, 597, 598, 599, 600, 601, 602, 603, 616, 617, 619, 620, 625, 626, 627, 628, 629, 630, 631, 633, 634, 635, 636, 638, 639, 640, 641, 642, 653, 655, 656, 657, 658, 659, 660, 664, 679, 680, 681, 682, 683, 684, 685, 687, 688, 689, 690, 692, 693, 694, 695, 696, 707, 709, 710, 711, 712, 713, 714, 725, 727, 728, 729, 733, 748, 749, 750, 752, 753, 754, 755, 757, 758, 759, 760, 761, 762, 763, 765, 766, 767, 768, 769, 771, 772, 773, 774, 778, 789, 791, 792, 793, 794, 796, 798, 799, 800, 801, 802, 803, 815, 816, 817, 828, 829, 833, 846, 847, 849, 850, 851, 852, 856, 868, 869, 870, 871, 872, 873, 884, 885, 889], "excluded_lines": [], "start_line": 578, "executed_branches": [], "missing_branches": [[590, 591], [590, 616], [593, 594], [593, 616], [595, 596], [595, 597], [601, 602], [601, 616], [616, 617], [616, 619], [626, 627], [626, 679], [633, 634], [633, 679], [638, 639], [638, 655], [639, 640], [639, 653], [658, 633], [658, 659], [680, 681], [680, 748], [687, 688], [687, 748], [692, 693], [692, 709], [693, 694], [693, 707], [712, 713], [712, 727], [727, 687], [727, 728], [749, -578], [749, 750], [765, -578], [765, 766], [771, 772], [771, 791], [772, 773], [772, 789], [799, 800], [799, 815], [800, 801], [800, 846], [815, 816], [815, 828], [828, 829], [828, 846], [849, 850], [849, 868], [850, 765], [850, 851], [870, 765], [870, 871], [871, 872], [871, 884], [884, 765], [884, 885]]}, "_should_skip_casepack": {"executed_lines": [], "summary": {"covered_lines": 0, "num_statements": 14, "percent_covered": 0.0, "percent_covered_display": "0", "missing_lines": 14, "excluded_lines": 0, "percent_statements_covered": 0.0, "percent_statements_covered_display": "0", "num_branches": 6, "num_partial_branches": 0, "covered_branches": 0, "missing_branches": 6, "percent_branches_covered": 0.0, "percent_branches_covered_display": "0"}, "missing_lines": [907, 908, 910, 912, 913, 914, 916, 919, 920, 923, 924, 926, 927, 928], "excluded_lines": [], "start_line": 905, "executed_branches": [], "missing_branches": [[907, 908], [907, 910], [913, 914], [913, 916], [919, 920], [919, 923]]}, "_cache_casepack_result": {"executed_lines": [], "summary": {"covered_lines": 0, "num_statements": 6, "percent_covered": 0.0, "percent_covered_display": "0", "missing_lines": 6, "excluded_lines": 0, "percent_statements_covered": 0.0, "percent_statements_covered_display": "0", "num_branches": 2, "num_partial_branches": 0, "covered_branches": 0, "missing_branches": 2, "percent_branches_covered": 0.0, "percent_branches_covered_display": "0"}, "missing_lines": [933, 934, 935, 937, 942, 943], "excluded_lines": [], "start_line": 931, "executed_branches": [], "missing_branches": [[934, 935], [934, 937]]}, "_validate_casepack_strict": {"executed_lines": [], "summary": {"covered_lines": 0, "num_statements": 66, "percent_covered": 0.0, "percent_covered_display": "0", "missing_lines": 66, "excluded_lines": 0, "percent_statements_covered": 0.0, "percent_statements_covered_display": "0", "num_branches": 34, "num_partial_branches": 0, "covered_branches": 0, "missing_branches": 34, "percent_branches_covered": 0.0, "percent_branches_covered_display": "0"}, "missing_lines": [957, 960, 961, 962, 974, 975, 976, 977, 978, 990, 991, 992, 993, 994, 995, 996, 997, 998, 1008, 1009, 1012, 1013, 1014, 1015, 1016, 1017, 1018, 1019, 1020, 1021, 1031, 1032, 1035, 1036, 1037, 1038, 1050, 1051, 1052, 1053, 1054, 1055, 1056, 1057, 1069, 1070, 1080, 1081, 1084, 1085, 1086, 1087, 1089, 1095, 1096, 1097, 1098, 1110, 1111, 1112, 1113, 1114, 1124, 1125, 1126, 1127], "excluded_lines": [], "start_line": 946, "executed_branches": [], "missing_branches": [[961, 962], [961, 974], [975, 976], [975, 990], [977, 975], [977, 978], [991, 992], [991, 1012], [996, 997], [996, 1012], [997, 996], [997, 998], [1013, 1014], [1013, 1035], [1017, 1018], [1017, 1035], [1020, 1021], [1020, 1035], [1037, 1038], [1037, 1050], [1052, 1053], [1052, 1084], [1056, 1057], [1056, 1069], [1069, 1070], [1069, 1084], [1085, -946], [1085, 1086], [1095, -946], [1095, 1096], [1097, 1098], [1097, 1110], [1113, -946], [1113, 1114]]}, "_find_repo_root": {"executed_lines": [], "summary": {"covered_lines": 0, "num_statements": 7, "percent_covered": 0.0, "percent_covered_display": "0", "missing_lines": 7, "excluded_lines": 0, "percent_statements_covered": 0.0, "percent_statements_covered_display": "0", "num_branches": 6, "num_partial_branches": 0, "covered_branches": 0, "missing_branches": 6, "percent_branches_covered": 0.0, "percent_branches_covered_display": "0"}, "missing_lines": [1134, 1135, 1136, 1137, 1138, 1139, 1140], "excluded_lines": [], "start_line": 1130, "executed_branches": [], "missing_branches": [[1135, 1136], [1135, 1137], [1137, 1138], [1137, 1140], [1138, 1137], [1138, 1139]]}, "_validate_repo": {"executed_lines": [], "summary": {"covered_lines": 0, "num_statements": 157, "percent_covered": 0.0, "percent_covered_display": "0", "missing_lines": 157, "excluded_lines": 0, "percent_statements_covered": 0.0, "percent_statements_covered_display": "0", "num_branches": 56, "num_partial_branches": 0, "covered_branches": 0, "missing_branches": 56, "percent_branches_covered": 0.0, "percent_branches_covered_display": "0"}, "missing_lines": [1145, 1146, 1148, 1149, 1152, 1153, 1154, 1155, 1156, 1159, 1162, 1163, 1164, 1167, 1168, 1169, 1170, 1173, 1174, 1175, 1176, 1177, 1178, 1179, 1190, 1195, 1196, 1197, 1198, 1199, 1200, 1201, 1212, 1217, 1218, 1219, 1220, 1221, 1222, 1223, 1233, 1235, 1239, 1240, 1241, 1242, 1243, 1244, 1245, 1246, 1248, 1249, 1250, 1251, 1252, 1253, 1254, 1265, 1270, 1271, 1272, 1273, 1276, 1277, 1278, 1279, 1280, 1281, 1282, 1283, 1284, 1286, 1289, 1290, 1291, 1292, 1293, 1294, 1296, 1298, 1299, 1302, 1303, 1304, 1305, 1306, 1307, 1318, 1323, 1324, 1325, 1326, 1327, 1328, 1329, 1330, 1331, 1332, 1343, 1348, 1349, 1350, 1351, 1352, 1353, 1354, 1355, 1366, 1371, 1372, 1373, 1374, 1375, 1376, 1377, 1378, 1389, 1394, 1395, 1405, 1407, 1410, 1412, 1415, 1416, 1417, 1418, 1421, 1422, 1425, 1426, 1427, 1428, 1430, 1470, 1472, 1473, 1474, 1475, 1476, 1477, 1478, 1479, 1480, 1481, 1482, 1483, 1486, 1487, 1488, 1489, 1491, 1502, 1503, 1504, 1506, 1508], "excluded_lines": [], "start_line": 1143, "executed_branches": [], "missing_branches": [[1168, 1169], [1168, 1173], [1169, 1170], [1169, 1173], [1175, 1176], [1175, 1195], [1197, 1198], [1197, 1217], [1219, 1220], [1219, 1270], [1239, 1240], [1239, 1270], [1242, 1243], [1242, 1248], [1243, 1244], [1243, 1248], [1245, 1243], [1245, 1246], [1248, 1249], [1248, 1270], [1250, 1248], [1250, 1251], [1272, 1273], [1272, 1276], [1278, 1279], [1278, 1415], [1279, 1280], [1279, 1415], [1289, 1290], [1289, 1296], [1303, 1304], [1303, 1323], [1323, 1324], [1323, 1348], [1325, 1326], [1325, 1327], [1348, 1349], [1348, 1371], [1350, 1351], [1350, 1352], [1371, 1372], [1371, 1394], [1373, 1374], [1373, 1375], [1394, 1395], [1394, 1405], [1470, 1472], [1470, 1486], [1474, 1475], [1474, 1483], [1479, 1480], [1479, 1483], [1486, 1487], [1486, 1508], [1489, 1491], [1489, 1508]]}, "_cmd_validate": {"executed_lines": [], "summary": {"covered_lines": 0, "num_statements": 31, "percent_covered": 0.0, "percent_covered_display": "0", "missing_lines": 31, "excluded_lines": 0, "percent_statements_covered": 0.0, "percent_statements_covered_display": "0", "num_branches": 6, "num_partial_branches": 0, "covered_branches": 0, "missing_branches": 6, "percent_branches_covered": 0.0, "percent_branches_covered_display": "0"}, "missing_lines": [1516, 1517, 1518, 1520, 1521, 1522, 1523, 1524, 1525, 1528, 1530, 1532, 1533, 1535, 1538, 1541, 1542, 1543, 1544, 1545, 1548, 1558, 1559, 1560, 1561, 1562, 1563, 1564, 1566, 1567, 1569], "excluded_lines": [], "start_line": 1514, "executed_branches": [], "missing_branches": [[1522, 1523], [1522, 1528], [1558, 1559], [1558, 1566], [1560, 1561], [1560, 1562]]}, "_cmd_run": {"executed_lines": [], "summary": {"covered_lines": 0, "num_statements": 1, "percent_covered": 0.0, "percent_covered_display": "0", "missing_lines": 1, "excluded_lines": 0, "percent_statements_covered": 0.0, "percent_statements_covered_display": "0", "num_branches": 0, "num_partial_branches": 0, "covered_branches": 0, "missing_branches": 0, "percent_branches_covered": 100.0, "percent_branches_covered_display": "100"}, "missing_lines": [1579], "excluded_lines": [], "start_line": 1572, "executed_branches": [], "missing_branches": []}, "_cmd_diff": {"executed_lines": [], "summary": {"covered_lines": 0, "num_statements": 95, "percent_covered": 0.0, "percent_covered_display": "0", "missing_lines": 95, "excluded_lines": 0, "percent_statements_covered": 0.0, "percent_statements_covered_display": "0", "num_branches": 34, "num_partial_branches": 0, "covered_branches": 0, "missing_branches": 34, "percent_branches_covered": 0.0, "percent_branches_covered_display": "0"}, "missing_lines": [1584, 1585, 1586, 1588, 1589, 1590, 1591, 1592, 1593, 1595, 1596, 1597, 1598, 1601, 1602, 1603, 1604, 1605, 1606, 1609, 1610, 1611, 1612, 1613, 1616, 1617, 1618, 1619, 1620, 1621, 1623, 1624, 1625, 1626, 1627, 1628, 1631, 1632, 1633, 1634, 1635, 1636, 1637, 1640, 1641, 1642, 1643, 1644, 1645, 1646, 1649, 1650, 1651, 1652, 1654, 1655, 1656, 1658, 1659, 1660, 1661, 1662, 1663, 1664, 1665, 1666, 1667, 1668, 1669, 1672, 1673, 1675, 1676, 1677, 1678, 1679, 1680, 1681, 1682, 1683, 1684, 1685, 1687, 1688, 1689, 1690, 1692, 1694, 1696, 1698, 1699, 1700, 1701, 1702, 1703], "excluded_lines": [], "start_line": 1582, "executed_branches": [], "missing_branches": [[1588, 1589], [1588, 1591], [1591, 1592], [1591, 1595], [1623, 1624], [1623, 1628], [1626, 1627], [1626, 1628], [1659, 1660], [1659, 1664], [1661, 1662], [1661, 1664], [1662, 1663], [1662, 1664], [1664, 1665], [1664, 1669], [1666, 1667], [1666, 1669], [1667, 1668], [1667, 1669], [1676, 1677], [1676, 1678], [1678, 1679], [1678, 1680], [1680, 1681], [1680, 1682], [1682, 1683], [1682, 1684], [1684, 1685], [1684, 1687], [1687, 1688], [1687, 1692], [1689, 1690], [1689, 1694]]}, "_compare_field": {"executed_lines": [], "summary": {"covered_lines": 0, "num_statements": 5, "percent_covered": 0.0, "percent_covered_display": "0", "missing_lines": 5, "excluded_lines": 0, "percent_statements_covered": 0.0, "percent_statements_covered_display": "0", "num_branches": 2, "num_partial_branches": 0, "covered_branches": 0, "missing_branches": 2, "percent_branches_covered": 0.0, "percent_branches_covered_display": "0"}, "missing_lines": [1708, 1709, 1711, 1712, 1714], "excluded_lines": [], "start_line": 1706, "executed_branches": [], "missing_branches": [[1711, 1712], [1711, 1714]]}, "_compare_dict_field": {"executed_lines": [], "summary": {"covered_lines": 0, "num_statements": 5, "percent_covered": 0.0, "percent_covered_display": "0", "missing_lines": 5, "excluded_lines": 0, "percent_statements_covered": 0.0, "percent_statements_covered_display": "0", "num_branches": 2, "num_partial_branches": 0, "covered_branches": 0, "missing_branches": 2, "percent_branches_covered": 0.0, "percent_branches_covered_display": "0"}, "missing_lines": [1719, 1720, 1722, 1723, 1725], "excluded_lines": [], "start_line": 1717, "executed_branches": [], "missing_branches": [[1722, 1723], [1722, 1725]]}, "_cmd_health": {"executed_lines": [], "summary": {"covered_lines": 0, "num_statements": 35, "percent_covered": 0.0, "percent_covered_display": "0", "missing_lines": 35, "excluded_lines": 0, "percent_statements_covered": 0.0, "percent_statements_covered_display": "0", "num_branches": 16, "num_partial_branches": 0, "covered_branches": 0, "missing_branches": 16, "percent_branches_covered": 0.0, "percent_branches_covered_display": "0"}, "missing_lines": [1730, 1731, 1732, 1733, 1734, 1736, 1738, 1739, 1742, 1743, 1744, 1745, 1746, 1747, 1749, 1750, 1751, 1752, 1753, 1754, 1755, 1756, 1757, 1759, 1760, 1761, 1762, 1763, 1764, 1765, 1766, 1767, 1768, 1770, 1772], "excluded_lines": [], "start_line": 1728, "executed_branches": [], "missing_branches": [[1732, 1733], [1732, 1736], [1738, 1739], [1738, 1742], [1750, 1751], [1750, 1757], [1751, 1750], [1751, 1752], [1755, 1750], [1755, 1756], [1759, 1760], [1759, 1770], [1761, 1762], [1761, 1763], [1763, 1764], [1763, 1768]]}, "build_parser": {"executed_lines": [], "summary": {"covered_lines": 0, "num_statements": 26, "percent_covered": 0.0, "percent_covered_display": "0", "missing_lines": 26, "excluded_lines": 0, "percent_statements_covered": 0.0, "percent_statements_covered_display": "0", "num_branches": 0, "num_partial_branches": 0, "covered_branches": 0, "missing_branches": 0, "percent_branches_covered": 100.0, "percent_branches_covered_display": "100"}, "missing_lines": [1776, 1777, 1779, 1781, 1782, 1783, 1784, 1785, 1786, 1787, 1789, 1790, 1791, 1792, 1793, 1794, 1796, 1797, 1798, 1799, 1800, 1802, 1803, 1804, 1805, 1807], "excluded_lines": [], "start_line": 1775, "executed_branches": [], "missing_branches": []}, "main": {"executed_lines": [], "summary": {"covered_lines": 0, "num_statements": 3, "percent_covered": 0.0, "percent_covered_display": "0", "missing_lines": 3, "excluded_lines": 0, "percent_statements_covered": 0.0, "percent_statements_covered_display": "0", "num_branches": 0, "num_partial_branches": 0, "covered_branches": 0, "missing_branches": 0, "percent_branches_covered": 100.0, "percent_branches_covered_display": "100"}, "missing_lines": [1812, 1813, 1814], "excluded_lines": [], "start_line": 1810, "executed_branches": [], "missing_branches": []}, "": {"executed_lines": [], "summary": {"covered_lines": 0, "num_statements": 100, "percent_covered": 0.0, "percent_covered_display": "0", "missing_lines": 100, "excluded_lines": 0, "percent_statements_covered": 0.0, "percent_statements_covered_display": "0", "num_branches": 0, "num_partial_branches": 0, "covered_branches": 0, "missing_branches": 0, "percent_branches_covered": 100.0, "percent_branches_covered_display": "100"}, "missing_lines": [1, 3, 4, 5, 6, 7, 8, 9, 10, 11, 12, 13, 14, 15, 16, 17, 19, 20, 22, 23, 29, 30, 31, 32, 35, 36, 37, 40, 41, 42, 49, 50, 51, 52, 55, 62, 67, 79, 89, 100, 103, 109, 124, 125, 126, 127, 128, 129, 130, 131, 132, 134, 151, 152, 153, 154, 155, 156, 157, 158, 160, 169, 175, 191, 195, 208, 213, 217, 241, 268, 269, 274, 283, 325, 342, 359, 399, 428, 453, 464, 477, 484, 497, 529, 536, 560, 578, 905, 931, 946, 1130, 1143, 1514, 1572, 1582, 1706, 1717, 1728, 1775, 1810], "excluded_lines": [], "start_line": 1, "executed_branches": [], "missing_branches": []}}, "classes": {"LazySchemaLoader": {"executed_lines": [], "summary": {"covered_lines": 0, "num_statements": 11, "percent_covered": 0.0, "percent_covered_display": "0", "missing_lines": 11, "excluded_lines": 0, "percent_statements_covered": 0.0, "percent_statements_covered_display": "0", "num_branches": 2, "num_partial_branches": 0, "covered_branches": 0, "missing_branches": 2, "percent_branches_covered": 0.0, "percent_branches_covered_display": "0"}, "missing_lines": [104, 105, 106, 107, 111, 112, 114, 115, 116, 117, 118], "excluded_lines": [], "start_line": 100, "executed_branches": [], "missing_branches": [[111, 112], [111, 114]]}, "Issue": {"executed_lines": [], "summary": {"covered_lines": 0, "num_statements": 10, "percent_covered": 0.0, "percent_covered_display": "0", "missing_lines": 10, "excluded_lines": 0, "percent_statements_covered": 0.0, "percent_statements_covered_display": "0", "num_branches": 8, "num_partial_branches": 0, "covered_branches": 0, "missing_branches": 8, "percent_branches_covered": 0.0, "percent_branches_covered_display": "0"}, "missing_lines": [135, 140, 141, 142, 143, 144, 145, 146, 147, 148], "excluded_lines": [], "start_line": 125, "executed_branches": [], "missing_branches": [[140, 141], [140, 142], [142, 143], [142, 144], [144, 145], [144, 146], [146, 147], [146, 148]]}, "TargetResult": {"executed_lines": [], "summary": {"covered_lines": 0, "num_statements": 13, "percent_covered": 0.0, "percent_covered_display": "0", "missing_lines": 13, "excluded_lines": 0, "percent_statements_covered": 0.0, "percent_statements_covered_display": "0", "num_branches": 8, "num_partial_branches": 0, "covered_branches": 0, "missing_branches": 8, "percent_branches_covered": 0.0, "percent_branches_covered_display": "0"}, "missing_lines": [161, 162, 163, 164, 165, 167, 170, 171, 173, 176, 183, 184, 185], "excluded_lines": [], "start_line": 152, "executed_branches": [], "missing_branches": [[162, 163], [162, 164], [164, 165], [164, 167], [170, 171], [170, 173], [183, 184], [183, 185]]}, "": {"executed_lines": [], "summary": {"covered_lines": 0, "num_statements": 870, "percent_covered": 0.0, "percent_covered_display": "0", "missing_lines": 870, "excluded_lines": 0, "percent_statements_covered": 0.0, "percent_statements_covered_display": "0", "num_branches": 294, "num_partial_branches": 0, "covered_branches": 0, "missing_branches": 294, "percent_branches_covered": 0.0, "percent_branches_covered_display": "0"}, "missing_lines": [1, 3, 4, 5, 6, 7, 8, 9, 10, 11, 12, 13, 14, 15, 16, 17, 19, 20, 22, 23, 29, 30, 31, 32, 35, 36, 37, 40, 41, 42, 49, 50, 51, 52, 55, 57, 58, 59, 62, 64, 67, 69, 70, 71, 72, 73, 74, 75, 76, 79, 81, 82, 83, 84, 85, 86, 89, 91, 92, 93, 95, 96, 97, 100, 103, 109, 124, 125, 126, 127, 128, 129, 130, 131, 132, 134, 151, 152, 153, 154, 155, 156, 157, 158, 160, 169, 175, 191, 192, 195, 197, 198, 201, 202, 203, 204, 205, 208, 210, 213, 214, 217, 219, 222, 223, 224, 225, 226, 227, 228, 229, 232, 233, 234, 235, 236, 237, 238, 241, 243, 244, 246, 249, 250, 251, 252, 253, 254, 255, 256, 259, 260, 261, 262, 263, 264, 265, 268, 269, 271, 274, 275, 276, 277, 278, 279, 280, 283, 288, 289, 292, 295, 298, 299, 309, 310, 311, 312, 313, 316, 317, 318, 320, 321, 322, 325, 326, 327, 328, 339, 342, 343, 344, 345, 356, 359, 363, 364, 365, 366, 367, 368, 379, 381, 382, 383, 384, 395, 396, 399, 407, 408, 409, 410, 413, 414, 415, 428, 429, 430, 431, 432, 433, 434, 435, 436, 437, 438, 440, 441, 442, 443, 444, 445, 446, 447, 448, 449, 450, 453, 454, 455, 456, 457, 458, 459, 460, 461, 464, 465, 466, 467, 468, 469, 470, 471, 472, 473, 474, 477, 479, 480, 481, 484, 485, 486, 487, 488, 490, 491, 497, 503, 504, 505, 506, 507, 508, 519, 521, 524, 525, 526, 529, 530, 531, 532, 533, 536, 547, 560, 565, 566, 567, 568, 574, 575, 578, 589, 590, 591, 592, 593, 594, 595, 596, 597, 598, 599, 600, 601, 602, 603, 616, 617, 619, 620, 625, 626, 627, 628, 629, 630, 631, 633, 634, 635, 636, 638, 639, 640, 641, 642, 653, 655, 656, 657, 658, 659, 660, 664, 679, 680, 681, 682, 683, 684, 685, 687, 688, 689, 690, 692, 693, 694, 695, 696, 707, 709, 710, 711, 712, 713, 714, 725, 727, 728, 729, 733, 748, 749, 750, 752, 753, 754, 755, 757, 758, 759, 760, 761, 762, 763, 765, 766, 767, 768, 769, 771, 772, 773, 774, 778, 789, 791, 792, 793, 794, 796, 798, 799, 800, 801, 802, 803, 815, 816, 817, 828, 829, 833, 846, 847, 849, 850, 851, 852, 856, 868, 869, 870, 871, 872, 873, 884, 885, 889, 905, 907, 908, 910, 912, 913, 914, 916, 919, 920, 923, 924, 926, 927, 928, 931, 933, 934, 935, 937, 942, 943, 946, 957, 960, 961, 962, 974, 975, 976, 977, 978, 990, 991, 992, 993, 994, 995, 996, 997, 998, 1008, 1009, 1012, 1013, 1014, 1015, 1016, 1017, 1018, 1019, 1020, 1021, 1031, 1032, 1035, 1036, 1037, 1038, 1050, 1051, 1052, 1053, 1054, 1055, 1056, 1057, 1069, 1070, 1080, 1081, 1084, 1085, 1086, 1087, 1089, 1095, 1096, 1097, 1098, 1110, 1111, 1112, 1113, 1114, 1124, 1125, 1126, 1127, 1130, 1134, 1135, 1136, 1137, 1138, 1139, 1140, 1143, 1145, 1146, 1148, 1149, 1152, 1153, 1154, 1155, 1156, 1159, 1162, 1163, 1164, 1167, 1168, 1169, 1170, 1173, 1174, 1175, 1176, 1177, 1178, 1179, 1190, 1195, 1196, 1197, 1198, 1199, 1200, 1201, 1212, 1217, 1218, 1219, 1220, 1221, 1222, 1223, 1233, 1235, 1239, 1240, 1241, 1242, 1243, 1244, 1245, 1246, 1248, 1249, 1250, 1251, 1252, 1253, 1254, 1265, 1270, 1271, 1272, 1273, 1276, 1277, 1278, 1279, 1280, 1281, 1282, 1283, 1284, 1286, 1289, 1290, 1291, 1292, 1293, 1294, 1296, 1298, 1299, 1302, 1303, 1304, 1305, 1306, 1307, 1318, 1323, 1324, 1325, 1326, 1327, 1328, 1329, 1330, 1331, 1332, 1343, 1348, 1349, 1350, 1351, 1352, 1353, 1354, 1355, 1366, 1371, 1372, 1373, 1374, 1375, 1376, 1377, 1378, 1389, 1394, 1395, 1405, 1407, 1410, 1412, 1415, 1416, 1417, 1418, 1421, 1422, 1425, 1426, 1427, 1428, 1430, 1470, 1472, 1473, 1474, 1475, 1476, 1477, 1478, 1479, 1480, 1481, 1482, 1483, 1486, 1487, 1488, 1489, 1491, 1502, 1503, 1504, 1506, 1508, 1514, 1516, 1517, 1518, 1520, 1521, 1522, 1523, 1524, 1525, 1528, 1530, 1532, 1533, 1535, 1538, 1541, 1542, 1543, 1544, 1545, 1548, 1558, 1559, 1560, 1561, 1562, 1563, 1564, 1566, 1567, 1569, 1572, 1579, 1582, 1584, 1585, 1586, 1588, 1589, 1590, 1591, 1592, 1593, 1595, 1596, 1597, 1598, 1601, 1602, 1603, 1604, 1605, 1606, 1609, 1610, 1611, 1612, 1613, 1616, 1617, 1618, 1619, 1620, 1621, 1623, 1624, 1625, 1626, 1627, 1628, 1631, 1632, 1633, 1634, 1635, 1636, 1637, 1640, 1641, 1642, 1643, 1644, 1645, 1646, 1649, 1650, 1651, 1652, 1654, 1655, 1656, 1658, 1659, 1660, 1661, 1662, 1663, 1664, 1665, 1666, 1667, 1668, 1669, 1672, 1673, 1675, 1676, 1677, 1678, 1679, 1680, 1681, 1682, 1683, 1684, 1685, 1687, 1688, 1689, 1690, 1692, 1694, 1696, 1698, 1699, 1700, 1701, 1702, 1703, 1706, 1708, 1709, 1711, 1712, 1714, 1717, 1719, 1720, 1722, 1723, 1725, 1728, 1730, 1731, 1732, 1733, 1734, 1736, 1738, 1739, 1742, 1743, 1744, 1745, 1746, 1747, 1749, 1750, 1751, 1752, 1753, 1754, 1755, 1756, 1757, 1759, 1760, 1761, 1762, 1763, 1764, 1765, 1766, 1767, 1768, 1770, 1772, 1775, 1776, 1777, 1779, 1781, 1782, 1783, 1784, 1785, 1786, 1787, 1789, 1790, 1791, 1792, 1793, 1794, 1796, 1797, 1798, 1799, 1800, 1802, 1803, 1804, 1805, 1807, 1810, 1812, 1813, 1814], "excluded_lines": [], "start_line": 1, "executed_branches": [], "missing_branches": [[70, 71], [70, 76], [91, 92], [91, 95], [201, 202], [201, 205], [222, 223], [222, 232], [225, 226], [225, 232], [243, 244], [243, 246], [249, 250], [249, 259], [252, 253], [252, 259], [309, 310], [309, 316], [320, 321], [320, 322], [326, 327], [326, 328], [343, 344], [343, 345], [363, 364], [363, 365], [409, 410], [409, 413], [413, -399], [413, 414], [429, 430], [429, 431], [432, 433], [432, 434], [435, 436], [435, 437], [437, 438], [437, 440], [440, 441], [440, 445], [445, 446], [445, 450], [456, 457], [456, 458], [459, 460], [459, 461], [465, 466], [465, 467], [468, 469], [468, 470], [470, 471], [470, 472], [472, 473], [472, 474], [479, 480], [479, 481], [486, 487], [486, 491], [487, 488], [487, 490], [503, 504], [503, 505], [524, 525], [524, 526], [530, 531], [530, 533], [531, 530], [531, 532], [565, 566], [565, 567], [568, 574], [568, 575], [590, 591], [590, 616], [593, 594], [593, 616], [595, 596], [595, 597], [601, 602], [601, 616], [616, 617], [616, 619], [626, 627], [626, 679], [633, 634], [633, 679], [638, 639], [638, 655], [639, 640], [639, 653], [658, 633], [658, 659], [680, 681], [680, 748], [687, 688], [687, 748], [692, 693], [692, 709], [693, 694], [693, 707], [712, 713], [712, 727], [727, 687], [727, 728], [749, -578], [749, 750], [765, -578], [765, 766], [771, 772], [771, 791], [772, 773], [772, 789], [799, 800], [799, 815], [800, 801], [800, 846], [815, 816], [815, 828], [828, 829], [828, 846], [849, 850], [849, 868], [850, 765], [850, 851], [870, 765], [870, 871], [871, 872], [871, 884], [884, 765], [884, 885], [907, 908], [907, 910], [913, 914], [913, 916], [919, 920], [919, 923], [934, 935], [934, 937], [961, 962], [961, 974], [975, 976], [975, 990], [977, 975], [977, 978], [991, 992], [991, 1012], [996, 997], [996, 1012], [997, 996], [997, 998], [1013, 1014], [1013, 1035], [1017, 1018], [1017, 1035], [1020, 1021], [1020, 1035], [1037, 1038], [1037, 1050], [1052, 1053], [1052, 1084], [1056, 1057], [1056, 1069], [1069, 1070], [1069, 1084], [1085, -946], [1085, 1086], [1095, -946], [1095, 1096], [1097, 1098], [1097, 1110], [1113, -946], [1113, 1114], [1135, 1136], [1135, 1137], [1137, 1138], [1137, 1140], [1138, 1137], [1138, 1139], [1168, 1169], [1168, 1173], [1169, 1170], [1169, 1173], [1175, 1176], [1175, 1195], [1197, 1198], [1197, 1217], [1219, 1220], [1219, 1270], [1239, 1240], [1239, 1270], [1242, 1243], [1242, 1248], [1243, 1244], [1243, 1248], [1245, 1243], [1245, 1246], [1248, 1249], [1248, 1270], [1250, 1248], [1250, 1251], [1272, 1273], [1272, 1276], [1278, 1279], [1278, 1415], [1279, 1280], [1279, 1415], [1289, 1290], [1289, 1296], [1303, 1304], [1303, 1323], [1323, 1324], [1323, 1348], [1325, 1326], [1325, 1327], [1348, 1349], [1348, 1371], [1350, 1351], [1350, 1352], [1371, 1372], [1371, 1394], [1373, 1374], [1373, 1375], [1394, 1395], [1394, 1405], [1470, 1472], [1470, 1486], [1474, 1475], [1474, 1483], [1479, 1480], [1479, 1483], [1486, 1487], [1486, 1508], [1489, 1491], [1489, 1508], [1522, 1523], [1522, 1528], [1558, 1559], [1558, 1566], [1560, 1561], [1560, 1562], [1588, 1589], [1588, 1591], [1591, 1592], [1591, 1595], [1623, 1624], [1623, 1628], [1626, 1627], [1626, 1628], [1659, 1660], [1659, 1664], [1661, 1662], [1661, 1664], [1662, 1663], [1662, 1664], [1664, 1665], [1664, 1669], [1666, 1667], [1666, 1669], [1667, 1668], [1667, 1669], [1676, 1677], [1676, 1678], [1678, 1679], [1678, 1680], [1680, 1681], [1680, 1682], [1682, 1683], [1682, 1684], [1684, 1685], [1684, 1687], [1687, 1688], [1687, 1692], [1689, 1690], [1689, 1694], [1711, 1712], [1711, 1714], [1722, 1723], [1722, 1725], [1732, 1733], [1732, 1736], [1738, 1739], [1738, 1742], [1750, 1751], [1750, 1757], [1751, 1750], [1751, 1752], [1755, 1750], [1755, 1756], [1759, 1760], [1759, 1770], [1761, 1762], [1761, 1763], [1763, 1764], [1763, 1768]]}}}, "src/umcp/closures.py": {"executed_lines": [8, 10, 11, 12, 13, 14, 16, 19, 30, 37, 39, 40, 41, 42, 43, 48, 49, 50, 51, 52, 54, 55, 57, 58, 60, 61, 62, 64, 71, 72, 74, 75, 76, 77, 79, 81, 91, 95, 96, 100, 101, 104, 105, 106, 108, 109, 111, 121, 122, 124, 126, 141, 142, 144, 161, 171], "summary": {"covered_lines": 56, "num_statements": 68, "percent_covered": 75.55555555555556, "percent_covered_display": "76", "missing_lines": 12, "excluded_lines": 0, "percent_statements_covered": 82.3529411764706, "percent_statements_covered_display": "82", "num_branches": 22, "num_partial_branches": 10, "covered_branches": 12, "missing_branches": 10, "percent_branches_covered": 54.54545454545455, "percent_branches_covered_display": "55"}, "missing_lines": [44, 46, 59, 92, 97, 102, 123, 154, 155, 156, 157, 158], "excluded_lines": [], "executed_branches": [[37, 39], [40, 41], [41, 42], [57, 58], [58, 60], [75, 76], [75, 79], [76, 77], [91, 95], [96, 100], [101, 104], [122, 124]], "missing_branches": [[37, 48], [40, 46], [41, 44], [57, 62], [58, 59], [76, 75], [91, 92], [96, 97], [101, 102], [122, 123]], "functions": {"ClosureLoader.__init__": {"executed_lines": [37, 39, 40, 41, 42, 43, 48, 49, 50, 51, 52], "summary": {"covered_lines": 11, "num_statements": 13, "percent_covered": 73.6842105263158, "percent_covered_display": "74", "missing_lines": 2, "excluded_lines": 0, "percent_statements_covered": 84.61538461538461, "percent_statements_covered_display": "85", "num_branches": 6, "num_partial_branches": 3, "covered_branches": 3, "missing_branches": 3, "percent_branches_covered": 50.0, "percent_branches_covered_display": "50"}, "missing_lines": [44, 46], "excluded_lines": [], "start_line": 30, "executed_branches": [[37, 39], [40, 41], [41, 42]], "missing_branches": [[37, 48], [40, 46], [41, 44]]}, "ClosureLoader.registry": {"executed_lines": [57, 58, 60, 61, 62], "summary": {"covered_lines": 5, "num_statements": 6, "percent_covered": 70.0, "percent_covered_display": "70", "missing_lines": 1, "excluded_lines": 0, "percent_statements_covered": 83.33333333333333, "percent_statements_covered_display": "83", "num_branches": 4, "num_partial_branches": 2, "covered_branches": 2, "missing_branches": 2, "percent_branches_covered": 50.0, "percent_branches_covered_display": "50"}, "missing_lines": [59], "excluded_lines": [], "start_line": 55, "executed_branches": [[57, 58], [58, 60]], "missing_branches": [[57, 62], [58, 59]]}, "ClosureLoader.list_closures": {"executed_lines": [71, 72, 74, 75, 76, 77, 79], "summary": {"covered_lines": 7, "num_statements": 7, "percent_covered": 90.9090909090909, "percent_covered_display": "91", "missing_lines": 0, "excluded_lines": 0, "percent_statements_covered": 100.0, "percent_statements_covered_display": "100", "num_branches": 4, "num_partial_branches": 1, "covered_branches": 3, "missing_branches": 1, "percent_branches_covered": 75.0, "percent_branches_covered_display": "75"}, "missing_lines": [], "excluded_lines": [], "start_line": 64, "executed_branches": [[75, 76], [75, 79], [76, 77]], "missing_branches": [[76, 75]]}, "ClosureLoader.load_closure_module": {"executed_lines": [91, 95, 96, 100, 101, 104, 105, 106, 108, 109], "summary": {"covered_lines": 10, "num_statements": 13, "percent_covered": 68.42105263157895, "percent_covered_display": "68", "missing_lines": 3, "excluded_lines": 0, "percent_statements_covered": 76.92307692307692, "percent_statements_covered_display": "77", "num_branches": 6, "num_partial_branches": 3, "covered_branches": 3, "missing_branches": 3, "percent_branches_covered": 50.0, "percent_branches_covered_display": "50"}, "missing_lines": [92, 97, 102], "excluded_lines": [], "start_line": 81, "executed_branches": [[91, 95], [96, 100], [101, 104]], "missing_branches": [[91, 92], [96, 97], [101, 102]]}, "ClosureLoader.get_closure_function": {"executed_lines": [121, 122, 124], "summary": {"covered_lines": 3, "num_statements": 4, "percent_covered": 66.66666666666667, "percent_covered_display": "67", "missing_lines": 1, "excluded_lines": 0, "percent_statements_covered": 75.0, "percent_statements_covered_display": "75", "num_branches": 2, "num_partial_branches": 1, "covered_branches": 1, "missing_branches": 1, "percent_branches_covered": 50.0, "percent_branches_covered_display": "50"}, "missing_lines": [123], "excluded_lines": [], "start_line": 111, "executed_branches": [[122, 124]], "missing_branches": [[122, 123]]}, "ClosureLoader.execute_closure": {"executed_lines": [141, 142], "summary": {"covered_lines": 2, "num_statements": 2, "percent_covered": 100.0, "percent_covered_display": "100", "missing_lines": 0, "excluded_lines": 0, "percent_statements_covered": 100.0, "percent_statements_covered_display": "100", "num_branches": 0, "num_partial_branches": 0, "covered_branches": 0, "missing_branches": 0, "percent_branches_covered": 100.0, "percent_branches_covered_display": "100"}, "missing_lines": [], "excluded_lines": [], "start_line": 126, "executed_branches": [], "missing_branches": []}, "ClosureLoader.validate_closure_exists": {"executed_lines": [], "summary": {"covered_lines": 0, "num_statements": 5, "percent_covered": 0.0, "percent_covered_display": "0", "missing_lines": 5, "excluded_lines": 0, "percent_statements_covered": 0.0, "percent_statements_covered_display": "0", "num_branches": 0, "num_partial_branches": 0, "covered_branches": 0, "missing_branches": 0, "percent_branches_covered": 100.0, "percent_branches_covered_display": "100"}, "missing_lines": [154, 155, 156, 157, 158], "excluded_lines": [], "start_line": 144, "executed_branches": [], "missing_branches": []}, "get_closure_loader": {"executed_lines": [171], "summary": {"covered_lines": 1, "num_statements": 1, "percent_covered": 100.0, "percent_covered_display": "100", "missing_lines": 0, "excluded_lines": 0, "percent_statements_covered": 100.0, "percent_statements_covered_display": "100", "num_branches": 0, "num_partial_branches": 0, "covered_branches": 0, "missing_branches": 0, "percent_branches_covered": 100.0, "percent_branches_covered_display": "100"}, "missing_lines": [], "excluded_lines": [], "start_line": 161, "executed_branches": [], "missing_branches": []}, "": {"executed_lines": [8, 10, 11, 12, 13, 14, 16, 19, 30, 54, 55, 64, 81, 111, 126, 144, 161], "summary": {"covered_lines": 17, "num_statements": 17, "percent_covered": 100.0, "percent_covered_display": "100", "missing_lines": 0, "excluded_lines": 0, "percent_statements_covered": 100.0, "percent_statements_covered_display": "100", "num_branches": 0, "num_partial_branches": 0, "covered_branches": 0, "missing_branches": 0, "percent_branches_covered": 100.0, "percent_branches_covered_display": "100"}, "missing_lines": [], "excluded_lines": [], "start_line": 1, "executed_branches": [], "missing_branches": []}}, "classes": {"ClosureLoader": {"executed_lines": [37, 39, 40, 41, 42, 43, 48, 49, 50, 51, 52, 57, 58, 60, 61, 62, 71, 72, 74, 75, 76, 77, 79, 91, 95, 96, 100, 101, 104, 105, 106, 108, 109, 121, 122, 124, 141, 142], "summary": {"covered_lines": 38, "num_statements": 50, "percent_covered": 69.44444444444444, "percent_covered_display": "69", "missing_lines": 12, "excluded_lines": 0, "percent_statements_covered": 76.0, "percent_statements_covered_display": "76", "num_branches": 22, "num_partial_branches": 10, "covered_branches": 12, "missing_branches": 10, "percent_branches_covered": 54.54545454545455, "percent_branches_covered_display": "55"}, "missing_lines": [44, 46, 59, 92, 97, 102, 123, 154, 155, 156, 157, 158], "excluded_lines": [], "start_line": 19, "executed_branches": [[37, 39], [40, 41], [41, 42], [57, 58], [58, 60], [75, 76], [75, 79], [76, 77], [91, 95], [96, 100], [101, 104], [122, 124]], "missing_branches": [[37, 48], [40, 46], [41, 44], [57, 62], [58, 59], [76, 75], [91, 92], [96, 97], [101, 102], [122, 123]]}, "": {"executed_lines": [8, 10, 11, 12, 13, 14, 16, 19, 30, 54, 55, 64, 81, 111, 126, 144, 161, 171], "summary": {"covered_lines": 18, "num_statements": 18, "percent_covered": 100.0, "percent_covered_display": "100", "missing_lines": 0, "excluded_lines": 0, "percent_statements_covered": 100.0, "percent_statements_covered_display": "100", "num_branches": 0, "num_partial_branches": 0, "covered_branches": 0, "missing_branches": 0, "percent_branches_covered": 100.0, "percent_branches_covered_display": "100"}, "missing_lines": [], "excluded_lines": [], "start_line": 1, "executed_branches": [], "missing_branches": []}}}, "src/umcp/file_refs.py": {"executed_lines": [8, 10, 11, 12, 13, 15, 18, 30, 37, 39, 40, 41, 42, 43, 44, 45, 48, 51, 52, 53, 54, 55, 56, 57, 60, 61, 62, 65, 66, 67, 68, 69, 72, 73, 74, 75, 77, 79, 80, 82, 87, 89, 90, 92, 94, 95, 99, 101, 103, 105, 107, 109, 111, 115, 119, 123, 125, 129, 131, 133, 139, 141, 143, 145, 147, 151, 157, 159, 161, 163, 165, 167, 171, 178, 197, 199, 203, 218], "summary": {"covered_lines": 78, "num_statements": 87, "percent_covered": 88.42105263157895, "percent_covered_display": "88", "missing_lines": 9, "excluded_lines": 0, "percent_statements_covered": 89.65517241379311, "percent_statements_covered_display": "90", "num_branches": 8, "num_partial_branches": 2, "covered_branches": 6, "missing_branches": 2, "percent_branches_covered": 75.0, "percent_branches_covered_display": "75"}, "missing_lines": [46, 84, 85, 113, 117, 121, 135, 149, 153], "excluded_lines": [], "executed_branches": [[37, 39], [37, 48], [40, 41], [41, 42], [41, 44], [45, 48]], "missing_branches": [[40, 45], [45, 46]], "functions": {"UMCPFiles.__init__": {"executed_lines": [37, 39, 40, 41, 42, 43, 44, 45, 48, 51, 52, 53, 54, 55, 56, 57, 60, 61, 62, 65, 66, 67, 68, 69, 72, 73, 74, 75], "summary": {"covered_lines": 28, "num_statements": 29, "percent_covered": 91.89189189189189, "percent_covered_display": "92", "missing_lines": 1, "excluded_lines": 0, "percent_statements_covered": 96.55172413793103, "percent_statements_covered_display": "97", "num_branches": 8, "num_partial_branches": 2, "covered_branches": 6, "missing_branches": 2, "percent_branches_covered": 75.0, "percent_branches_covered_display": "75"}, "missing_lines": [46], "excluded_lines": [], "start_line": 30, "executed_branches": [[37, 39], [37, 48], [40, 41], [41, 42], [41, 44], [45, 48]], "missing_branches": [[40, 45], [45, 46]]}, "UMCPFiles.load_yaml": {"executed_lines": [79, 80], "summary": {"covered_lines": 2, "num_statements": 2, "percent_covered": 100.0, "percent_covered_display": "100", "missing_lines": 0, "excluded_lines": 0, "percent_statements_covered": 100.0, "percent_statements_covered_display": "100", "num_branches": 0, "num_partial_branches": 0, "covered_branches": 0, "missing_branches": 0, "percent_branches_covered": 100.0, "percent_branches_covered_display": "100"}, "missing_lines": [], "excluded_lines": [], "start_line": 77, "executed_branches": [], "missing_branches": []}, "UMCPFiles.load_json": {"executed_lines": [], "summary": {"covered_lines": 0, "num_statements": 2, "percent_covered": 0.0, "percent_covered_display": "0", "missing_lines": 2, "excluded_lines": 0, "percent_statements_covered": 0.0, "percent_statements_covered_display": "0", "num_branches": 0, "num_partial_branches": 0, "covered_branches": 0, "missing_branches": 0, "percent_branches_covered": 100.0, "percent_branches_covered_display": "100"}, "missing_lines": [84, 85], "excluded_lines": [], "start_line": 82, "executed_branches": [], "missing_branches": []}, "UMCPFiles.load_csv": {"executed_lines": [89, 90], "summary": {"covered_lines": 2, "num_statements": 2, "percent_covered": 100.0, "percent_covered_display": "100", "missing_lines": 0, "excluded_lines": 0, "percent_statements_covered": 100.0, "percent_statements_covered_display": "100", "num_branches": 0, "num_partial_branches": 0, "covered_branches": 0, "missing_branches": 0, "percent_branches_covered": 100.0, "percent_branches_covered_display": "100"}, "missing_lines": [], "excluded_lines": [], "start_line": 87, "executed_branches": [], "missing_branches": []}, "UMCPFiles.load_text": {"executed_lines": [94, 95], "summary": {"covered_lines": 2, "num_statements": 2, "percent_covered": 100.0, "percent_covered_display": "100", "missing_lines": 0, "excluded_lines": 0, "percent_statements_covered": 100.0, "percent_statements_covered_display": "100", "num_branches": 0, "num_partial_branches": 0, "covered_branches": 0, "missing_branches": 0, "percent_branches_covered": 100.0, "percent_branches_covered_display": "100"}, "missing_lines": [], "excluded_lines": [], "start_line": 92, "executed_branches": [], "missing_branches": []}, "UMCPFiles.load_manifest": {"executed_lines": [101], "summary": {"covered_lines": 1, "num_statements": 1, "percent_covered": 100.0, "percent_covered_display": "100", "missing_lines": 0, "excluded_lines": 0, "percent_statements_covered": 100.0, "percent_statements_covered_display": "100", "num_branches": 0, "num_partial_branches": 0, "covered_branches": 0, "missing_branches": 0, "percent_branches_covered": 100.0, "percent_branches_covered_display": "100"}, "missing_lines": [], "excluded_lines": [], "start_line": 99, "executed_branches": [], "missing_branches": []}, "UMCPFiles.load_contract": {"executed_lines": [105], "summary": {"covered_lines": 1, "num_statements": 1, "percent_covered": 100.0, "percent_covered_display": "100", "missing_lines": 0, "excluded_lines": 0, "percent_statements_covered": 100.0, "percent_statements_covered_display": "100", "num_branches": 0, "num_partial_branches": 0, "covered_branches": 0, "missing_branches": 0, "percent_branches_covered": 100.0, "percent_branches_covered_display": "100"}, "missing_lines": [], "excluded_lines": [], "start_line": 103, "executed_branches": [], "missing_branches": []}, "UMCPFiles.load_observables": {"executed_lines": [109], "summary": {"covered_lines": 1, "num_statements": 1, "percent_covered": 100.0, "percent_covered_display": "100", "missing_lines": 0, "excluded_lines": 0, "percent_statements_covered": 100.0, "percent_statements_covered_display": "100", "num_branches": 0, "num_partial_branches": 0, "covered_branches": 0, "missing_branches": 0, "percent_branches_covered": 100.0, "percent_branches_covered_display": "100"}, "missing_lines": [], "excluded_lines": [], "start_line": 107, "executed_branches": [], "missing_branches": []}, "UMCPFiles.load_embedding": {"executed_lines": [], "summary": {"covered_lines": 0, "num_statements": 1, "percent_covered": 0.0, "percent_covered_display": "0", "missing_lines": 1, "excluded_lines": 0, "percent_statements_covered": 0.0, "percent_statements_covered_display": "0", "num_branches": 0, "num_partial_branches": 0, "covered_branches": 0, "missing_branches": 0, "percent_branches_covered": 100.0, "percent_branches_covered_display": "100"}, "missing_lines": [113], "excluded_lines": [], "start_line": 111, "executed_branches": [], "missing_branches": []}, "UMCPFiles.load_return": {"executed_lines": [], "summary": {"covered_lines": 0, "num_statements": 1, "percent_covered": 0.0, "percent_covered_display": "0", "missing_lines": 1, "excluded_lines": 0, "percent_statements_covered": 0.0, "percent_statements_covered_display": "0", "num_branches": 0, "num_partial_branches": 0, "covered_branches": 0, "missing_branches": 0, "percent_branches_covered": 100.0, "percent_branches_covered_display": "100"}, "missing_lines": [117], "excluded_lines": [], "start_line": 115, "executed_branches": [], "missing_branches": []}, "UMCPFiles.load_closures": {"executed_lines": [], "summary": {"covered_lines": 0, "num_statements": 1, "percent_covered": 0.0, "percent_covered_display": "0", "missing_lines": 1, "excluded_lines": 0, "percent_statements_covered": 0.0, "percent_statements_covered_display": "0", "num_branches": 0, "num_partial_branches": 0, "covered_branches": 0, "missing_branches": 0, "percent_branches_covered": 100.0, "percent_branches_covered_display": "100"}, "missing_lines": [121], "excluded_lines": [], "start_line": 119, "executed_branches": [], "missing_branches": []}, "UMCPFiles.load_weights": {"executed_lines": [125], "summary": {"covered_lines": 1, "num_statements": 1, "percent_covered": 100.0, "percent_covered_display": "100", "missing_lines": 0, "excluded_lines": 0, "percent_statements_covered": 100.0, "percent_statements_covered_display": "100", "num_branches": 0, "num_partial_branches": 0, "covered_branches": 0, "missing_branches": 0, "percent_branches_covered": 100.0, "percent_branches_covered_display": "100"}, "missing_lines": [], "excluded_lines": [], "start_line": 123, "executed_branches": [], "missing_branches": []}, "UMCPFiles.load_trace": {"executed_lines": [131], "summary": {"covered_lines": 1, "num_statements": 1, "percent_covered": 100.0, "percent_covered_display": "100", "missing_lines": 0, "excluded_lines": 0, "percent_statements_covered": 100.0, "percent_statements_covered_display": "100", "num_branches": 0, "num_partial_branches": 0, "covered_branches": 0, "missing_branches": 0, "percent_branches_covered": 100.0, "percent_branches_covered_display": "100"}, "missing_lines": [], "excluded_lines": [], "start_line": 129, "executed_branches": [], "missing_branches": []}, "UMCPFiles.load_trace_meta": {"executed_lines": [], "summary": {"covered_lines": 0, "num_statements": 1, "percent_covered": 0.0, "percent_covered_display": "0", "missing_lines": 1, "excluded_lines": 0, "percent_statements_covered": 0.0, "percent_statements_covered_display": "0", "num_branches": 0, "num_partial_branches": 0, "covered_branches": 0, "missing_branches": 0, "percent_branches_covered": 100.0, "percent_branches_covered_display": "100"}, "missing_lines": [135], "excluded_lines": [], "start_line": 133, "executed_branches": [], "missing_branches": []}, "UMCPFiles.load_invariants": {"executed_lines": [141], "summary": {"covered_lines": 1, "num_statements": 1, "percent_co
[...]
y": "70", "num_branches": 10, "num_partial_branches": 4, "covered_branches": 6, "missing_branches": 4, "percent_branches_covered": 60.0, "percent_branches_covered_display": "60"}, "missing_lines": [191, 192, 193, 202, 203, 204, 221, 223], "excluded_lines": [], "start_line": 174, "executed_branches": [[185, 186], [185, 196], [198, 199], [207, 208], [220, 222], [222, 225]], "missing_branches": [[198, 207], [207, 216], [220, 221], [222, 223]]}, "get_logger": {"executed_lines": [245, 246, 247], "summary": {"covered_lines": 3, "num_statements": 3, "percent_covered": 100.0, "percent_covered_display": "100", "missing_lines": 0, "excluded_lines": 0, "percent_statements_covered": 100.0, "percent_statements_covered_display": "100", "num_branches": 2, "num_partial_branches": 0, "covered_branches": 2, "missing_branches": 0, "percent_branches_covered": 100.0, "percent_branches_covered_display": "100"}, "missing_lines": [], "excluded_lines": [], "start_line": 232, "executed_branches": [[245, 246], [245, 247]], "missing_branches": []}, "": {"executed_lines": [8, 10, 11, 12, 13, 14, 15, 16, 17, 18, 19, 21, 22, 24, 29, 30, 33, 34, 35, 36, 37, 38, 40, 53, 66, 74, 102, 107, 110, 113, 116, 119, 122, 123, 148, 151, 170, 173, 174, 229, 232], "summary": {"covered_lines": 41, "num_statements": 43, "percent_covered": 95.34883720930233, "percent_covered_display": "95", "missing_lines": 2, "excluded_lines": 0, "percent_statements_covered": 95.34883720930233, "percent_statements_covered_display": "95", "num_branches": 0, "num_partial_branches": 0, "covered_branches": 0, "missing_branches": 0, "percent_branches_covered": 100.0, "percent_branches_covered_display": "100"}, "missing_lines": [25, 26], "excluded_lines": [], "start_line": 1, "executed_branches": [], "missing_branches": []}}, "classes": {"PerformanceMetrics": {"executed_lines": [42, 43, 45, 46, 47, 48, 49, 55, 59, 60, 61, 63], "summary": {"covered_lines": 12, "num_statements": 15, "percent_covered": 71.42857142857143, "percent_covered_display": "71", "missing_lines": 3, "excluded_lines": 0, "percent_statements_covered": 80.0, "percent_statements_covered_display": "80", "num_branches": 6, "num_partial_branches": 3, "covered_branches": 3, "missing_branches": 3, "percent_branches_covered": 50.0, "percent_branches_covered_display": "50"}, "missing_lines": [50, 51, 62], "excluded_lines": [], "start_line": 30, "executed_branches": [[45, 46], [59, 60], [61, 63]], "missing_branches": [[45, -40], [59, 61], [61, 62]]}, "StructuredLogger": {"executed_lines": [81, 82, 83, 84, 87, 90, 91, 93, 94, 96, 100, 104, 105, 108, 111, 114, 117, 133, 134, 136, 137, 138, 139, 140, 141, 143, 144, 145], "summary": {"covered_lines": 28, "num_statements": 29, "percent_covered": 93.93939393939394, "percent_covered_display": "94", "missing_lines": 1, "excluded_lines": 0, "percent_statements_covered": 96.55172413793103, "percent_statements_covered_display": "97", "num_branches": 4, "num_partial_branches": 1, "covered_branches": 3, "missing_branches": 1, "percent_branches_covered": 75.0, "percent_branches_covered_display": "75"}, "missing_lines": [120], "excluded_lines": [], "start_line": 66, "executed_branches": [[93, 94], [93, 96], [144, 145]], "missing_branches": [[144, -122]]}, "JsonFormatter": {"executed_lines": [152, 160, 161, 164, 167], "summary": {"covered_lines": 5, "num_statements": 6, "percent_covered": 70.0, "percent_covered_display": "70", "missing_lines": 1, "excluded_lines": 0, "percent_statements_covered": 83.33333333333333, "percent_statements_covered_display": "83", "num_branches": 4, "num_partial_branches": 2, "covered_branches": 2, "missing_branches": 2, "percent_branches_covered": 50.0, "percent_branches_covered_display": "50"}, "missing_lines": [165], "excluded_lines": [], "start_line": 148, "executed_branches": [[160, 161], [164, 167]], "missing_branches": [[160, 164], [164, 165]]}, "HealthCheck": {"executed_lines": [180, 183, 184, 185, 186, 187, 196, 197, 198, 199, 200, 201, 207, 208, 209, 216, 220, 222, 225], "summary": {"covered_lines": 19, "num_statements": 27, "percent_covered": 67.56756756756756, "percent_covered_display": "68", "missing_lines": 8, "excluded_lines": 0, "percent_statements_covered": 70.37037037037037, "percent_statements_covered_display": "70", "num_branches": 10, "num_partial_branches": 4, "covered_branches": 6, "missing_branches": 4, "percent_branches_covered": 60.0, "percent_branches_covered_display": "60"}, "missing_lines": [191, 192, 193, 202, 203, 204, 221, 223], "excluded_lines": [], "start_line": 170, "executed_branches": [[185, 186], [185, 196], [198, 199], [207, 208], [220, 222], [222, 225]], "missing_branches": [[198, 207], [207, 216], [220, 221], [222, 223]]}, "": {"executed_lines": [8, 10, 11, 12, 13, 14, 15, 16, 17, 18, 19, 21, 22, 24, 29, 30, 33, 34, 35, 36, 37, 38, 40, 53, 66, 74, 102, 107, 110, 113, 116, 119, 122, 123, 148, 151, 170, 173, 174, 229, 232, 245, 246, 247], "summary": {"covered_lines": 44, "num_statements": 46, "percent_covered": 95.83333333333333, "percent_covered_display": "96", "missing_lines": 2, "excluded_lines": 0, "percent_statements_covered": 95.65217391304348, "percent_statements_covered_display": "96", "num_branches": 2, "num_partial_branches": 0, "covered_branches": 2, "missing_branches": 0, "percent_branches_covered": 100.0, "percent_branches_covered_display": "100"}, "missing_lines": [25, 26], "excluded_lines": [], "start_line": 1, "executed_branches": [[245, 246], [245, 247]], "missing_branches": []}}}, "src/umcp/validator.py": {"executed_lines": [7, 9, 10, 11, 12, 13, 15, 18, 30, 37, 38, 39, 40, 41, 42, 47, 48, 49, 50, 52, 59, 60, 61, 64, 67, 68, 69, 70, 73, 74, 75, 78, 80, 88, 90, 109, 110, 111, 112, 116, 118, 119, 120, 121, 123, 125, 128, 132, 134, 135, 136, 137, 139, 141, 144, 148, 150, 151, 152, 153, 155, 158, 162, 164, 165, 166, 167, 168, 170, 174, 175, 177, 178, 184, 186, 187, 188, 189, 190, 192, 196, 197, 199, 200, 206, 208, 209, 210, 211, 212, 214, 218, 219, 220, 221, 222, 225, 226, 227, 232, 233, 234, 242, 244, 245, 246, 247, 248, 250, 251, 252, 253, 255, 259, 260, 262, 263, 264, 265, 267, 268, 271, 272, 278, 279, 289, 291, 292, 293, 294, 296, 297, 298, 300, 301, 303, 304, 307, 308, 310, 315, 316, 317, 318, 320, 323, 326, 331, 341], "summary": {"covered_lines": 149, "num_statements": 194, "percent_covered": 71.7741935483871, "percent_covered_display": "72", "missing_lines": 45, "excluded_lines": 0, "percent_statements_covered": 76.80412371134021, "percent_statements_covered_display": "77", "num_branches": 54, "num_partial_branches": 23, "covered_branches": 29, "missing_branches": 25, "percent_branches_covered": 53.7037037037037, "percent_branches_covered_display": "54"}, "missing_lines": [43, 45, 114, 124, 126, 129, 130, 140, 142, 145, 146, 156, 159, 160, 171, 172, 180, 181, 182, 193, 194, 202, 203, 204, 215, 216, 229, 236, 239, 240, 256, 257, 273, 274, 276, 283, 286, 287, 305, 311, 312, 321, 324, 327, 328], "excluded_lines": [], "executed_branches": [[37, 38], [39, 40], [40, 41], [109, -88], [109, 110], [111, 112], [123, 125], [125, 128], [139, 141], [141, 144], [155, 158], [170, 174], [177, 178], [192, 196], [199, 200], [214, 218], [226, 227], [233, 234], [255, 259], [271, 272], [278, 279], [297, 298], [297, 323], [300, 301], [300, 303], [304, 307], [310, 315], [320, 297], [323, 326]], "missing_branches": [[37, 47], [39, 45], [40, 43], [111, 114], [123, 124], [125, 126], [139, 140], [141, 142], [155, 156], [170, 171], [177, 180], [192, 193], [199, 202], [214, 215], [226, 229], [233, 236], [255, 256], [271, 273], [273, 274], [273, 276], [278, 283], [304, 305], [310, 311], [320, 321], [323, 324]], "functions": {"RootFileValidator.__init__": {"executed_lines": [37, 38, 39, 40, 41, 42, 47, 48, 49, 50], "summary": {"covered_lines": 10, "num_statements": 12, "percent_covered": 72.22222222222223, "percent_covered_display": "72", "missing_lines": 2, "excluded_lines": 0, "percent_statements_covered": 83.33333333333333, "percent_statements_covered_display": "83", "num_branches": 6, "num_partial_branches": 3, "covered_branches": 3, "missing_branches": 3, "percent_branches_covered": 50.0, "percent_branches_covered_display": "50"}, "missing_lines": [43, 45], "excluded_lines": [], "start_line": 30, "executed_branches": [[37, 38], [39, 40], [40, 41]], "missing_branches": [[37, 47], [39, 45], [40, 43]]}, "RootFileValidator.validate_all": {"executed_lines": [59, 60, 61, 64, 67, 68, 69, 70, 73, 74, 75, 78, 80], "summary": {"covered_lines": 13, "num_statements": 13, "percent_covered": 100.0, "percent_covered_display": "100", "missing_lines": 0, "excluded_lines": 0, "percent_statements_covered": 100.0, "percent_statements_covered_display": "100", "num_branches": 0, "num_partial_branches": 0, "covered_branches": 0, "missing_branches": 0, "percent_branches_covered": 100.0, "percent_branches_covered_display": "100"}, "missing_lines": [], "excluded_lines": [], "start_line": 52, "executed_branches": [], "missing_branches": []}, "RootFileValidator._check_file_existence": {"executed_lines": [90, 109, 110, 111, 112], "summary": {"covered_lines": 5, "num_statements": 6, "percent_covered": 80.0, "percent_covered_display": "80", "missing_lines": 1, "excluded_lines": 0, "percent_statements_covered": 83.33333333333333, "percent_statements_covered_display": "83", "num_branches": 4, "num_partial_branches": 1, "covered_branches": 3, "missing_branches": 1, "percent_branches_covered": 75.0, "percent_branches_covered_display": "75"}, "missing_lines": [114], "excluded_lines": [], "start_line": 88, "executed_branches": [[109, -88], [109, 110], [111, 112]], "missing_branches": [[111, 114]]}, "RootFileValidator._validate_manifest": {"executed_lines": [118, 119, 120, 121, 123, 125, 128], "summary": {"covered_lines": 7, "num_statements": 11, "percent_covered": 60.0, "percent_covered_display": "60", "missing_lines": 4, "excluded_lines": 0, "percent_statements_covered": 63.63636363636363, "percent_statements_covered_display": "64", "num_branches": 4, "num_partial_branches": 2, "covered_branches": 2, "missing_branches": 2, "percent_branches_covered": 50.0, "percent_branches_covered_display": "50"}, "missing_lines": [124, 126, 129, 130], "excluded_lines": [], "start_line": 116, "executed_branches": [[123, 125], [125, 128]], "missing_branches": [[123, 124], [125, 126]]}, "RootFileValidator._validate_contract": {"executed_lines": [134, 135, 136, 137, 139, 141, 144], "summary": {"covered_lines": 7, "num_statements": 11, "percent_covered": 60.0, "percent_covered_display": "60", "missing_lines": 4, "excluded_lines": 0, "percent_statements_covered": 63.63636363636363, "percent_statements_covered_display": "64", "num_branches": 4, "num_partial_branches": 2, "covered_branches": 2, "missing_branches": 2, "percent_branches_covered": 50.0, "percent_branches_covered_display": "50"}, "missing_lines": [140, 142, 145, 146], "excluded_lines": [], "start_line": 132, "executed_branches": [[139, 141], [141, 144]], "missing_branches": [[139, 140], [141, 142]]}, "RootFileValidator._validate_observables": {"executed_lines": [150, 151, 152, 153, 155, 158], "summary": {"covered_lines": 6, "num_statements": 9, "percent_covered": 63.63636363636363, "percent_covered_display": "64", "missing_lines": 3, "excluded_lines": 0, "percent_statements_covered": 66.66666666666667, "percent_statements_covered_display": "67", "num_branches": 2, "num_partial_branches": 1, "covered_branches": 1, "missing_branches": 1, "percent_branches_covered": 50.0, "percent_branches_covered_display": "50"}, "missing_lines": [156, 159, 160], "excluded_lines": [], "start_line": 148, "executed_branches": [[155, 158]], "missing_branches": [[155, 156]]}, "RootFileValidator._validate_weights": {"executed_lines": [164, 165, 166, 167, 168, 170, 174, 175, 177, 178], "summary": {"covered_lines": 10, "num_statements": 15, "percent_covered": 63.1578947368421, "percent_covered_display": "63", "missing_lines": 5, "excluded_lines": 0, "percent_statements_covered": 66.66666666666667, "percent_statements_covered_display": "67", "num_branches": 4, "num_partial_branches": 2, "covered_branches": 2, "missing_branches": 2, "percent_branches_covered": 50.0, "percent_branches_covered_display": "50"}, "missing_lines": [171, 172, 180, 181, 182], "excluded_lines": [], "start_line": 162, "executed_branches": [[170, 174], [177, 178]], "missing_branches": [[170, 171], [177, 180]]}, "RootFileValidator._validate_trace_bounds": {"executed_lines": [186, 187, 188, 189, 190, 192, 196, 197, 199, 200], "summary": {"covered_lines": 10, "num_statements": 15, "percent_covered": 63.1578947368421, "percent_covered_display": "63", "missing_lines": 5, "excluded_lines": 0, "percent_statements_covered": 66.66666666666667, "percent_statements_covered_display": "67", "num_branches": 4, "num_partial_branches": 2, "covered_branches": 2, "missing_branches": 2, "percent_branches_covered": 50.0, "percent_branches_covered_display": "50"}, "missing_lines": [193, 194, 202, 203, 204], "excluded_lines": [], "start_line": 184, "executed_branches": [[192, 196], [199, 200]], "missing_branches": [[192, 193], [199, 202]]}, "RootFileValidator._validate_invariant_identities": {"executed_lines": [208, 209, 210, 211, 212, 214, 218, 219, 220, 221, 222, 225, 226, 227, 232, 233, 234], "summary": {"covered_lines": 17, "num_statements": 23, "percent_covered": 68.96551724137932, "percent_covered_display": "69", "missing_lines": 6, "excluded_lines": 0, "percent_statements_covered": 73.91304347826087, "percent_statements_covered_display": "74", "num_branches": 6, "num_partial_branches": 3, "covered_branches": 3, "missing_branches": 3, "percent_branches_covered": 50.0, "percent_branches_covered_display": "50"}, "missing_lines": [215, 216, 229, 236, 239, 240], "excluded_lines": [], "start_line": 206, "executed_branches": [[214, 218], [226, 227], [233, 234]], "missing_branches": [[214, 215], [226, 229], [233, 236]]}, "RootFileValidator._validate_regime_classification": {"executed_lines": [244, 245, 246, 247, 248, 250, 251, 252, 253, 255, 259, 260, 262, 263, 264, 265, 267, 268, 271, 272, 278, 279], "summary": {"covered_lines": 22, "num_statements": 30, "percent_covered": 65.78947368421052, "percent_covered_display": "66", "missing_lines": 8, "excluded_lines": 0, "percent_statements_covered": 73.33333333333333, "percent_statements_covered_display": "73", "num_branches": 8, "num_partial_branches": 3, "covered_branches": 3, "missing_branches": 5, "percent_branches_covered": 37.5, "percent_branches_covered_display": "38"}, "missing_lines": [256, 257, 273, 274, 276, 283, 286, 287], "excluded_lines": [], "start_line": 242, "executed_branches": [[255, 259], [271, 272], [278, 279]], "missing_branches": [[255, 256], [271, 273], [273, 274], [273, 276], [278, 283]]}, "RootFileValidator._validate_checksums": {"executed_lines": [291, 292, 293, 294, 296, 297, 298, 300, 301, 303, 304, 307, 308, 310, 315, 316, 317, 318, 320, 323, 326], "summary": {"covered_lines": 21, "num_statements": 28, "percent_covered": 72.5, "percent_covered_display": "72", "missing_lines": 7, "excluded_lines": 0, "percent_statements_covered": 75.0, "percent_statements_covered_display": "75", "num_branches": 12, "num_partial_branches": 4, "covered_branches": 8, "missing_branches": 4, "percent_branches_covered": 66.66666666666667, "percent_branches_covered_display": "67"}, "missing_lines": [305, 311, 312, 321, 324, 327, 328], "excluded_lines": [], "start_line": 289, "executed_branches": [[297, 298], [297, 323], [300, 301], [300, 303], [304, 307], [310, 315], [320, 297], [323, 326]], "missing_branches": [[304, 305], [310, 311], [320, 321], [323, 324]]}, "get_root_validator": {"executed_lines": [341], "summary": {"covered_lines": 1, "num_statements": 1, "percent_covered": 100.0, "percent_covered_display": "100", "missing_lines": 0, "excluded_lines": 0, "percent_statements_covered": 100.0, "percent_statements_covered_display": "100", "num_branches": 0, "num_partial_branches": 0, "covered_branches": 0, "missing_branches": 0, "percent_branches_covered": 100.0, "percent_branches_covered_display": "100"}, "missing_lines": [], "excluded_lines": [], "start_line": 331, "executed_branches": [], "missing_branches": []}, "": {"executed_lines": [7, 9, 10, 11, 12, 13, 15, 18, 30, 52, 88, 116, 132, 148, 162, 184, 206, 242, 289, 331], "summary": {"covered_lines": 20, "num_statements": 20, "percent_covered": 100.0, "percent_covered_display": "100", "missing_lines": 0, "excluded_lines": 0, "percent_statements_covered": 100.0, "percent_statements_covered_display": "100", "num_branches": 0, "num_partial_branches": 0, "covered_branches": 0, "missing_branches": 0, "percent_branches_covered": 100.0, "percent_branches_covered_display": "100"}, "missing_lines": [], "excluded_lines": [], "start_line": 1, "executed_branches": [], "missing_branches": []}}, "classes": {"RootFileValidator": {"executed_lines": [37, 38, 39, 40, 41, 42, 47, 48, 49, 50, 59, 60, 61, 64, 67, 68, 69, 70, 73, 74, 75, 78, 80, 90, 109, 110, 111, 112, 118, 119, 120, 121, 123, 125, 128, 134, 135, 136, 137, 139, 141, 144, 150, 151, 152, 153, 155, 158, 164, 165, 166, 167, 168, 170, 174, 175, 177, 178, 186, 187, 188, 189, 190, 192, 196, 197, 199, 200, 208, 209, 210, 211, 212, 214, 218, 219, 220, 221, 222, 225, 226, 227, 232, 233, 234, 244, 245, 246, 247, 248, 250, 251, 252, 253, 255, 259, 260, 262, 263, 264, 265, 267, 268, 271, 272, 278, 279, 291, 292, 293, 294, 296, 297, 298, 300, 301, 303, 304, 307, 308, 310, 315, 316, 317, 318, 320, 323, 326], "summary": {"covered_lines": 128, "num_statements": 173, "percent_covered": 69.16299559471365, "percent_covered_display": "69", "missing_lines": 45, "excluded_lines": 0, "percent_statements_covered": 73.98843930635839, "percent_statements_covered_display": "74", "num_branches": 54, "num_partial_branches": 23, "covered_branches": 29, "missing_branches": 25, "percent_branches_covered": 53.7037037037037, "percent_branches_covered_display": "54"}, "missing_lines": [43, 45, 114, 124, 126, 129, 130, 140, 142, 145, 146, 156, 159, 160, 171, 172, 180, 181, 182, 193, 194, 202, 203, 204, 215, 216, 229, 236, 239, 240, 256, 257, 273, 274, 276, 283, 286, 287, 305, 311, 312, 321, 324, 327, 328], "excluded_lines": [], "start_line": 18, "executed_branches": [[37, 38], [39, 40], [40, 41], [109, -88], [109, 110], [111, 112], [123, 125], [125, 128], [139, 141], [141, 144], [155, 158], [170, 174], [177, 178], [192, 196], [199, 200], [214, 218], [226, 227], [233, 234], [255, 259], [271, 272], [278, 279], [297, 298], [297, 323], [300, 301], [300, 303], [304, 307], [310, 315], [320, 297], [323, 326]], "missing_branches": [[37, 47], [39, 45], [40, 43], [111, 114], [123, 124], [125, 126], [139, 140], [141, 142], [155, 156], [170, 171], [177, 180], [192, 193], [199, 202], [214, 215], [226, 229], [233, 236], [255, 256], [271, 273], [273, 274], [273, 276], [278, 283], [304, 305], [310, 311], [320, 321], [323, 324]]}, "": {"executed_lines": [7, 9, 10, 11, 12, 13, 15, 18, 30, 52, 88, 116, 132, 148, 162, 184, 206, 242, 289, 331, 341], "summary": {"covered_lines": 21, "num_statements": 21, "percent_covered": 100.0, "percent_covered_display": "100", "missing_lines": 0, "excluded_lines": 0, "percent_statements_covered": 100.0, "percent_statements_covered_display": "100", "num_branches": 0, "num_partial_branches": 0, "covered_branches": 0, "missing_branches": 0, "percent_branches_covered": 100.0, "percent_branches_covered_display": "100"}, "missing_lines": [], "excluded_lines": [], "start_line": 1, "executed_branches": [], "missing_branches": []}}}}, "totals": {"covered_lines": 407, "num_statements": 1392, "percent_covered": 25.909592061742007, "percent_covered_display": "26", "missing_lines": 985, "excluded_lines": 6, "percent_statements_covered": 29.238505747126435, "percent_statements_covered_display": "29", "num_branches": 422, "num_partial_branches": 45, "covered_branches": 63, "missing_branches": 359, "percent_branches_covered": 14.928909952606634, "percent_branches_covered_display": "15"}}